<?xml version="1.0" encoding="UTF-8"?>
<testsuite xmlns:xsi="http://www.w3.org/2001/XMLSchema-instance" xsi:noNamespaceSchemaLocation="https://maven.apache.org/surefire/maven-surefire-plugin/xsd/surefire-test-report-3.0.xsd" version="3.0" name="TestSuite" time="46.334" tests="2" errors="0" skipped="0" failures="0">
  <properties>
    <property name="java.specification.version" value="21"/>
    <property name="sun.cpu.isalist" value="amd64"/>
    <property name="sun.jnu.encoding" value="Cp1252"/>
    <property name="java.class.path" value="C:\Users\AIN127\eclipse-workspace\RestAssuredAutomationFrameworkPoc\target\test-classes;C:\Users\AIN127\eclipse-workspace\RestAssuredAutomationFrameworkPoc\target\classes;C:\Users\AIN127\.m2\repository\io\rest-assured\rest-assured\5.4.0\rest-assured-5.4.0.jar;C:\Users\AIN127\.m2\repository\org\apache\groovy\groovy\4.0.16\groovy-4.0.16.jar;C:\Users\AIN127\.m2\repository\org\apache\groovy\groovy-xml\4.0.16\groovy-xml-4.0.16.jar;C:\Users\AIN127\.m2\repository\org\apache\httpcomponents\httpclient\4.5.13\httpclient-4.5.13.jar;C:\Users\AIN127\.m2\repository\org\apache\httpcomponents\httpcore\4.4.13\httpcore-4.4.13.jar;C:\Users\AIN127\.m2\repository\commons-logging\commons-logging\1.2\commons-logging-1.2.jar;C:\Users\AIN127\.m2\repository\org\apache\httpcomponents\httpmime\4.5.13\httpmime-4.5.13.jar;C:\Users\AIN127\.m2\repository\org\hamcrest\hamcrest\2.2\hamcrest-2.2.jar;C:\Users\AIN127\.m2\repository\org\ccil\cowan\tagsoup\tagsoup\1.2.1\tagsoup-1.2.1.jar;C:\Users\AIN127\.m2\repository\io\rest-assured\xml-path\5.4.0\xml-path-5.4.0.jar;C:\Users\AIN127\.m2\repository\io\rest-assured\json-path\5.4.0\json-path-5.4.0.jar;C:\Users\AIN127\.m2\repository\org\apache\groovy\groovy-json\4.0.16\groovy-json-4.0.16.jar;C:\Users\AIN127\.m2\repository\io\rest-assured\rest-assured-common\5.4.0\rest-assured-common-5.4.0.jar;C:\Users\AIN127\.m2\repository\org\json\json\20240303\json-20240303.jar;C:\Users\AIN127\.m2\repository\com\google\code\gson\gson\2.11.0\gson-2.11.0.jar;C:\Users\AIN127\.m2\repository\com\google\errorprone\error_prone_annotations\2.27.0\error_prone_annotations-2.27.0.jar;C:\Users\AIN127\.m2\repository\org\testng\testng\7.10.2\testng-7.10.2.jar;C:\Users\AIN127\.m2\repository\org\slf4j\slf4j-api\1.7.36\slf4j-api-1.7.36.jar;C:\Users\AIN127\.m2\repository\com\beust\jcommander\1.82\jcommander-1.82.jar;C:\Users\AIN127\.m2\repository\org\webjars\jquery\3.7.1\jquery-3.7.1.jar;C:\Users\AIN127\.m2\repository\com\github\scribejava\scribejava-apis\8.3.3\scribejava-apis-8.3.3.jar;C:\Users\AIN127\.m2\repository\com\github\scribejava\scribejava-core\8.3.3\scribejava-core-8.3.3.jar;C:\Users\AIN127\.m2\repository\com\github\scribejava\scribejava-java8\8.3.3\scribejava-java8-8.3.3.jar;C:\Users\AIN127\.m2\repository\com\fasterxml\jackson\core\jackson-databind\2.14.0\jackson-databind-2.14.0.jar;C:\Users\AIN127\.m2\repository\com\fasterxml\jackson\core\jackson-annotations\2.14.0\jackson-annotations-2.14.0.jar;C:\Users\AIN127\.m2\repository\com\fasterxml\jackson\core\jackson-core\2.14.0\jackson-core-2.14.0.jar;C:\Users\AIN127\.m2\repository\io\rest-assured\json-schema-validator\5.4.0\json-schema-validator-5.4.0.jar;C:\Users\AIN127\.m2\repository\com\github\java-json-tools\json-schema-validator\2.2.14\json-schema-validator-2.2.14.jar;C:\Users\AIN127\.m2\repository\com\github\java-json-tools\jackson-coreutils-equivalence\1.0\jackson-coreutils-equivalence-1.0.jar;C:\Users\AIN127\.m2\repository\com\github\java-json-tools\jackson-coreutils\2.0\jackson-coreutils-2.0.jar;C:\Users\AIN127\.m2\repository\com\github\java-json-tools\msg-simple\1.2\msg-simple-1.2.jar;C:\Users\AIN127\.m2\repository\com\github\java-json-tools\btf\1.3\btf-1.3.jar;C:\Users\AIN127\.m2\repository\com\github\java-json-tools\json-schema-core\1.2.14\json-schema-core-1.2.14.jar;C:\Users\AIN127\.m2\repository\com\github\java-json-tools\uri-template\0.10\uri-template-0.10.jar;C:\Users\AIN127\.m2\repository\org\mozilla\rhino\1.7.7.2\rhino-1.7.7.2.jar;C:\Users\AIN127\.m2\repository\com\sun\mail\mailapi\1.6.2\mailapi-1.6.2.jar;C:\Users\AIN127\.m2\repository\joda-time\joda-time\2.10.5\joda-time-2.10.5.jar;C:\Users\AIN127\.m2\repository\com\googlecode\libphonenumber\libphonenumber\8.11.1\libphonenumber-8.11.1.jar;C:\Users\AIN127\.m2\repository\com\google\code\findbugs\jsr305\3.0.2\jsr305-3.0.2.jar;C:\Users\AIN127\.m2\repository\net\sf\jopt-simple\jopt-simple\5.0.4\jopt-simple-5.0.4.jar;C:\Users\AIN127\.m2\repository\com\google\guava\guava\32.0.1-jre\guava-32.0.1-jre.jar;C:\Users\AIN127\.m2\repository\com\google\guava\failureaccess\1.0.1\failureaccess-1.0.1.jar;C:\Users\AIN127\.m2\repository\com\google\guava\listenablefuture\9999.0-empty-to-avoid-conflict-with-guava\listenablefuture-9999.0-empty-to-avoid-conflict-with-guava.jar;C:\Users\AIN127\.m2\repository\org\checkerframework\checker-qual\3.33.0\checker-qual-3.33.0.jar;C:\Users\AIN127\.m2\repository\com\google\j2objc\j2objc-annotations\2.8\j2objc-annotations-2.8.jar;C:\Users\AIN127\.m2\repository\com\github\javafaker\javafaker\1.0.2\javafaker-1.0.2.jar;C:\Users\AIN127\.m2\repository\org\apache\commons\commons-lang3\3.5\commons-lang3-3.5.jar;C:\Users\AIN127\.m2\repository\org\yaml\snakeyaml\1.23\snakeyaml-1.23-android.jar;C:\Users\AIN127\.m2\repository\com\github\mifmif\generex\1.0.2\generex-1.0.2.jar;C:\Users\AIN127\.m2\repository\dk\brics\automaton\automaton\1.11-8\automaton-1.11-8.jar;C:\Users\AIN127\.m2\repository\com\aventstack\extentreports\5.1.1\extentreports-5.1.1.jar;C:\Users\AIN127\.m2\repository\io\reactivex\rxjava3\rxjava\3.1.6\rxjava-3.1.6.jar;C:\Users\AIN127\.m2\repository\org\reactivestreams\reactive-streams\1.0.4\reactive-streams-1.0.4.jar;C:\Users\AIN127\.m2\repository\org\freemarker\freemarker\2.3.32\freemarker-2.3.32.jar;C:\Users\AIN127\.m2\repository\org\projectlombok\lombok\1.18.26\lombok-1.18.26.jar;C:\Users\AIN127\.m2\repository\org\apache\poi\poi-ooxml\5.2.5\poi-ooxml-5.2.5.jar;C:\Users\AIN127\.m2\repository\org\apache\poi\poi-ooxml-lite\5.2.5\poi-ooxml-lite-5.2.5.jar;C:\Users\AIN127\.m2\repository\org\apache\xmlbeans\xmlbeans\5.2.0\xmlbeans-5.2.0.jar;C:\Users\AIN127\.m2\repository\org\apache\commons\commons-compress\1.25.0\commons-compress-1.25.0.jar;C:\Users\AIN127\.m2\repository\commons-io\commons-io\2.15.0\commons-io-2.15.0.jar;C:\Users\AIN127\.m2\repository\com\github\virtuald\curvesapi\1.08\curvesapi-1.08.jar;C:\Users\AIN127\.m2\repository\org\apache\logging\log4j\log4j-api\2.21.1\log4j-api-2.21.1.jar;C:\Users\AIN127\.m2\repository\org\apache\commons\commons-collections4\4.4\commons-collections4-4.4.jar;C:\Users\AIN127\.m2\repository\org\apache\poi\poi\5.2.5\poi-5.2.5.jar;C:\Users\AIN127\.m2\repository\commons-codec\commons-codec\1.16.0\commons-codec-1.16.0.jar;C:\Users\AIN127\.m2\repository\org\apache\commons\commons-math3\3.6.1\commons-math3-3.6.1.jar;C:\Users\AIN127\.m2\repository\com\zaxxer\SparseBitSet\1.3\SparseBitSet-1.3.jar;"/>
    <property name="java.vm.vendor" value="Oracle Corporation"/>
    <property name="sun.arch.data.model" value="64"/>
    <property name="user.variant" value=""/>
    <property name="java.vendor.url" value="https://java.oracle.com/"/>
    <property name="user.timezone" value="Asia/Calcutta"/>
    <property name="os.name" value="Windows 10"/>
    <property name="java.vm.specification.version" value="21"/>
    <property name="sun.java.launcher" value="SUN_STANDARD"/>
    <property name="user.country" value="US"/>
    <property name="sun.boot.library.path" value="C:\Program Files\Java\jdk-21\bin"/>
    <property name="sun.java.command" value="C:\Users\AIN127\AppData\Local\Temp\surefire9851280610699548877\surefirebooter-20240607104821035_3.jar C:\Users\AIN127\AppData\Local\Temp\surefire9851280610699548877 2024-06-07T10-48-20_859-jvmRun1 surefire-20240607104821035_1tmp surefire_0-20240607104821035_2tmp"/>
    <property name="jdk.debug" value="release"/>
    <property name="surefire.test.class.path" value="C:\Users\AIN127\eclipse-workspace\RestAssuredAutomationFrameworkPoc\target\test-classes;C:\Users\AIN127\eclipse-workspace\RestAssuredAutomationFrameworkPoc\target\classes;C:\Users\AIN127\.m2\repository\io\rest-assured\rest-assured\5.4.0\rest-assured-5.4.0.jar;C:\Users\AIN127\.m2\repository\org\apache\groovy\groovy\4.0.16\groovy-4.0.16.jar;C:\Users\AIN127\.m2\repository\org\apache\groovy\groovy-xml\4.0.16\groovy-xml-4.0.16.jar;C:\Users\AIN127\.m2\repository\org\apache\httpcomponents\httpclient\4.5.13\httpclient-4.5.13.jar;C:\Users\AIN127\.m2\repository\org\apache\httpcomponents\httpcore\4.4.13\httpcore-4.4.13.jar;C:\Users\AIN127\.m2\repository\commons-logging\commons-logging\1.2\commons-logging-1.2.jar;C:\Users\AIN127\.m2\repository\org\apache\httpcomponents\httpmime\4.5.13\httpmime-4.5.13.jar;C:\Users\AIN127\.m2\repository\org\hamcrest\hamcrest\2.2\hamcrest-2.2.jar;C:\Users\AIN127\.m2\repository\org\ccil\cowan\tagsoup\tagsoup\1.2.1\tagsoup-1.2.1.jar;C:\Users\AIN127\.m2\repository\io\rest-assured\xml-path\5.4.0\xml-path-5.4.0.jar;C:\Users\AIN127\.m2\repository\io\rest-assured\json-path\5.4.0\json-path-5.4.0.jar;C:\Users\AIN127\.m2\repository\org\apache\groovy\groovy-json\4.0.16\groovy-json-4.0.16.jar;C:\Users\AIN127\.m2\repository\io\rest-assured\rest-assured-common\5.4.0\rest-assured-common-5.4.0.jar;C:\Users\AIN127\.m2\repository\org\json\json\20240303\json-20240303.jar;C:\Users\AIN127\.m2\repository\com\google\code\gson\gson\2.11.0\gson-2.11.0.jar;C:\Users\AIN127\.m2\repository\com\google\errorprone\error_prone_annotations\2.27.0\error_prone_annotations-2.27.0.jar;C:\Users\AIN127\.m2\repository\org\testng\testng\7.10.2\testng-7.10.2.jar;C:\Users\AIN127\.m2\repository\org\slf4j\slf4j-api\1.7.36\slf4j-api-1.7.36.jar;C:\Users\AIN127\.m2\repository\com\beust\jcommander\1.82\jcommander-1.82.jar;C:\Users\AIN127\.m2\repository\org\webjars\jquery\3.7.1\jquery-3.7.1.jar;C:\Users\AIN127\.m2\repository\com\github\scribejava\scribejava-apis\8.3.3\scribejava-apis-8.3.3.jar;C:\Users\AIN127\.m2\repository\com\github\scribejava\scribejava-core\8.3.3\scribejava-core-8.3.3.jar;C:\Users\AIN127\.m2\repository\com\github\scribejava\scribejava-java8\8.3.3\scribejava-java8-8.3.3.jar;C:\Users\AIN127\.m2\repository\com\fasterxml\jackson\core\jackson-databind\2.14.0\jackson-databind-2.14.0.jar;C:\Users\AIN127\.m2\repository\com\fasterxml\jackson\core\jackson-annotations\2.14.0\jackson-annotations-2.14.0.jar;C:\Users\AIN127\.m2\repository\com\fasterxml\jackson\core\jackson-core\2.14.0\jackson-core-2.14.0.jar;C:\Users\AIN127\.m2\repository\io\rest-assured\json-schema-validator\5.4.0\json-schema-validator-5.4.0.jar;C:\Users\AIN127\.m2\repository\com\github\java-json-tools\json-schema-validator\2.2.14\json-schema-validator-2.2.14.jar;C:\Users\AIN127\.m2\repository\com\github\java-json-tools\jackson-coreutils-equivalence\1.0\jackson-coreutils-equivalence-1.0.jar;C:\Users\AIN127\.m2\repository\com\github\java-json-tools\jackson-coreutils\2.0\jackson-coreutils-2.0.jar;C:\Users\AIN127\.m2\repository\com\github\java-json-tools\msg-simple\1.2\msg-simple-1.2.jar;C:\Users\AIN127\.m2\repository\com\github\java-json-tools\btf\1.3\btf-1.3.jar;C:\Users\AIN127\.m2\repository\com\github\java-json-tools\json-schema-core\1.2.14\json-schema-core-1.2.14.jar;C:\Users\AIN127\.m2\repository\com\github\java-json-tools\uri-template\0.10\uri-template-0.10.jar;C:\Users\AIN127\.m2\repository\org\mozilla\rhino\1.7.7.2\rhino-1.7.7.2.jar;C:\Users\AIN127\.m2\repository\com\sun\mail\mailapi\1.6.2\mailapi-1.6.2.jar;C:\Users\AIN127\.m2\repository\joda-time\joda-time\2.10.5\joda-time-2.10.5.jar;C:\Users\AIN127\.m2\repository\com\googlecode\libphonenumber\libphonenumber\8.11.1\libphonenumber-8.11.1.jar;C:\Users\AIN127\.m2\repository\com\google\code\findbugs\jsr305\3.0.2\jsr305-3.0.2.jar;C:\Users\AIN127\.m2\repository\net\sf\jopt-simple\jopt-simple\5.0.4\jopt-simple-5.0.4.jar;C:\Users\AIN127\.m2\repository\com\google\guava\guava\32.0.1-jre\guava-32.0.1-jre.jar;C:\Users\AIN127\.m2\repository\com\google\guava\failureaccess\1.0.1\failureaccess-1.0.1.jar;C:\Users\AIN127\.m2\repository\com\google\guava\listenablefuture\9999.0-empty-to-avoid-conflict-with-guava\listenablefuture-9999.0-empty-to-avoid-conflict-with-guava.jar;C:\Users\AIN127\.m2\repository\org\checkerframework\checker-qual\3.33.0\checker-qual-3.33.0.jar;C:\Users\AIN127\.m2\repository\com\google\j2objc\j2objc-annotations\2.8\j2objc-annotations-2.8.jar;C:\Users\AIN127\.m2\repository\com\github\javafaker\javafaker\1.0.2\javafaker-1.0.2.jar;C:\Users\AIN127\.m2\repository\org\apache\commons\commons-lang3\3.5\commons-lang3-3.5.jar;C:\Users\AIN127\.m2\repository\org\yaml\snakeyaml\1.23\snakeyaml-1.23-android.jar;C:\Users\AIN127\.m2\repository\com\github\mifmif\generex\1.0.2\generex-1.0.2.jar;C:\Users\AIN127\.m2\repository\dk\brics\automaton\automaton\1.11-8\automaton-1.11-8.jar;C:\Users\AIN127\.m2\repository\com\aventstack\extentreports\5.1.1\extentreports-5.1.1.jar;C:\Users\AIN127\.m2\repository\io\reactivex\rxjava3\rxjava\3.1.6\rxjava-3.1.6.jar;C:\Users\AIN127\.m2\repository\org\reactivestreams\reactive-streams\1.0.4\reactive-streams-1.0.4.jar;C:\Users\AIN127\.m2\repository\org\freemarker\freemarker\2.3.32\freemarker-2.3.32.jar;C:\Users\AIN127\.m2\repository\org\projectlombok\lombok\1.18.26\lombok-1.18.26.jar;C:\Users\AIN127\.m2\repository\org\apache\poi\poi-ooxml\5.2.5\poi-ooxml-5.2.5.jar;C:\Users\AIN127\.m2\repository\org\apache\poi\poi-ooxml-lite\5.2.5\poi-ooxml-lite-5.2.5.jar;C:\Users\AIN127\.m2\repository\org\apache\xmlbeans\xmlbeans\5.2.0\xmlbeans-5.2.0.jar;C:\Users\AIN127\.m2\repository\org\apache\commons\commons-compress\1.25.0\commons-compress-1.25.0.jar;C:\Users\AIN127\.m2\repository\commons-io\commons-io\2.15.0\commons-io-2.15.0.jar;C:\Users\AIN127\.m2\repository\com\github\virtuald\curvesapi\1.08\curvesapi-1.08.jar;C:\Users\AIN127\.m2\repository\org\apache\logging\log4j\log4j-api\2.21.1\log4j-api-2.21.1.jar;C:\Users\AIN127\.m2\repository\org\apache\commons\commons-collections4\4.4\commons-collections4-4.4.jar;C:\Users\AIN127\.m2\repository\org\apache\poi\poi\5.2.5\poi-5.2.5.jar;C:\Users\AIN127\.m2\repository\commons-codec\commons-codec\1.16.0\commons-codec-1.16.0.jar;C:\Users\AIN127\.m2\repository\org\apache\commons\commons-math3\3.6.1\commons-math3-3.6.1.jar;C:\Users\AIN127\.m2\repository\com\zaxxer\SparseBitSet\1.3\SparseBitSet-1.3.jar;"/>
    <property name="sun.cpu.endian" value="little"/>
    <property name="user.home" value="C:\Users\AIN127"/>
    <property name="user.language" value="en"/>
    <property name="java.specification.vendor" value="Oracle Corporation"/>
    <property name="java.version.date" value="2024-01-16"/>
    <property name="java.home" value="C:\Program Files\Java\jdk-21"/>
    <property name="file.separator" value="\"/>
    <property name="basedir" value="C:\Users\AIN127\eclipse-workspace\RestAssuredAutomationFrameworkPoc"/>
    <property name="java.vm.compressedOopsMode" value="Zero based"/>
    <property name="line.separator" value="&#10;"/>
    <property name="java.vm.specification.vendor" value="Oracle Corporation"/>
    <property name="java.specification.name" value="Java Platform API Specification"/>
    <property name="surefire.real.class.path" value="C:\Users\AIN127\AppData\Local\Temp\surefire9851280610699548877\surefirebooter-20240607104821035_3.jar"/>
    <property name="user.script" value=""/>
    <property name="sun.management.compiler" value="HotSpot 64-Bit Tiered Compilers"/>
    <property name="java.runtime.version" value="21.0.2+13-LTS-58"/>
    <property name="user.name" value="AIN127"/>
    <property name="stdout.encoding" value="Cp1252"/>
    <property name="path.separator" value=";"/>
    <property name="os.version" value="10.0"/>
    <property name="java.runtime.name" value="Java(TM) SE Runtime Environment"/>
    <property name="file.encoding" value="UTF-8"/>
    <property name="java.vm.name" value="Java HotSpot(TM) 64-Bit Server VM"/>
    <property name="localRepository" value="C:\Users\AIN127\.m2\repository"/>
    <property name="java.vendor.url.bug" value="https://bugreport.java.com/bugreport/"/>
    <property name="java.io.tmpdir" value="C:\Users\AIN127\AppData\Local\Temp\"/>
    <property name="java.version" value="21.0.2"/>
    <property name="user.dir" value="C:\Users\AIN127\eclipse-workspace\RestAssuredAutomationFrameworkPoc"/>
    <property name="os.arch" value="amd64"/>
    <property name="java.vm.specification.name" value="Java Virtual Machine Specification"/>
    <property name="sun.os.patch.level" value=""/>
    <property name="native.encoding" value="Cp1252"/>
    <property name="java.library.path" value="C:\Program Files\Java\jdk-21\bin;C:\Windows\Sun\Java\bin;C:\Windows\system32;C:\Windows;C:\Program Files (x86)\Common Files\Oracle\Java\java8path;C:\Program Files (x86)\Common Files\Oracle\Java\javapath;C:\Windows\system32;C:\Windows;C:\Windows\System32\Wbem;C:\Windows\System32\WindowsPowerShell\v1.0\;C:\Windows\System32\OpenSSH\;C:\Program Files\nodejs\;C:\apache-maven-3.9.7\bin;C:\Program Files\Java\jdk-21\bin;C:\Users\AIN127\AppData\Local\Microsoft\WindowsApps;C:\Users\AIN127\AppData\Roaming\npm;C:\Users\AIN127\AppData\Local\Programs\Git\cmd;."/>
    <property name="java.vm.info" value="mixed mode, sharing"/>
    <property name="stderr.encoding" value="Cp1252"/>
    <property name="java.vendor" value="Oracle Corporation"/>
    <property name="java.vm.version" value="21.0.2+13-LTS-58"/>
    <property name="sun.io.unicode.encoding" value="UnicodeLittle"/>
    <property name="java.class.version" value="65.0"/>
  </properties>
  <testcase name="testPostUser" classname="api.test.UserTests2" time="32.834">
    <system-out><![CDATA[Access Token: eyJhbGciOiJSUzI1NiIsInR5cCI6IkpXVCIsImtpZCI6IlU3VUxsZDVHWTZ2VGlFVUlPcGJhWiJ9.eyJpc3MiOiJodHRwczovL2Fpc3VyZXR5LWRldi5hdS5hdXRoMC5jb20vIiwic3ViIjoiOFlBZ2k0b0hiVmVibmxFbXFzNFJvRG03SGt5NlNOaUlAY2xpZW50cyIsImF1ZCI6IkFJU3VyZXR5LUdyYWlsZUFQSSIsImlhdCI6MTcxNzczNzQ4NywiZXhwIjoxNzE3ODIzODg3LCJzY29wZSI6ImFjY2VzczpmYWNpbGl0eSIsImd0eSI6ImNsaWVudC1jcmVkZW50aWFscyIsImF6cCI6IjhZQWdpNG9IYlZlYm5sRW1xczRSb0RtN0hreTZTTmlJIiwicGVybWlzc2lvbnMiOlsiYWNjZXNzOmZhY2lsaXR5Il19.majVk47tuHLcNCbFNIWaEM8Qu7hpW2mEeEho2VHrDrWbmyAgnS7Uu4hbONrl2joDixvOiOOZM09VC2Cyz1r1qVirNDKk1vGqTBcIPvqeK22-7wJtsea4ltQZyXLCTHjwhA8AvS4lsmy4S1BnQqlN3WhehOnHojyp1ReigMVgNYwZBC9_Q6Q9KH_VOFplQufKZVCGuIAl6SVZggQrCf8KA6_A9VOMD9QgC8Etx017vpZC66F8p5DPR4CV1UdrcYMIIIJj9Swg1kCXOxmbQvnIX8ZIAI2fgPWPm6yO_NIAWdwMCJVfLjmLYlQCfi2KhiL1MruSdZxtaK1GnbeZi2deQw
The facility ID is: 201312-0003
The facility ID is: 201910-0001
The facility ID is: 200903-0001
The facility ID is: 200903-0002
The facility ID is: 200903-0003
The facility ID is: 200903-0004
The facility ID is: 200904-0001
The facility ID is: 200904-0002
The facility ID is: 200904-0003
The facility ID is: 200904-0004
The facility ID is: 200905-0001
The facility ID is: 200905-0002
The facility ID is: 200905-0003
The facility ID is: 200906-0001
The facility ID is: 200906-0002
The facility ID is: 200907-0001
The facility ID is: 200907-0002
The facility ID is: 200907-0003
The facility ID is: 200907-0004
The facility ID is: 200907-0005
The facility ID is: 200907-0006
The facility ID is: 200907-0007
The facility ID is: 200907-0008
The facility ID is: 200907-0009
The facility ID is: 200907-0010
The facility ID is: 200908-0001
The facility ID is: 200908-0002
The facility ID is: 200908-0003
The facility ID is: 200908-0004
The facility ID is: 200908-0005
The facility ID is: 200908-0006
The facility ID is: 200909-0001
The facility ID is: 200909-0002
The facility ID is: 200909-0003
The facility ID is: 200910-0001
The facility ID is: 200910-0002
The facility ID is: 200910-0003
The facility ID is: 200910-0004
The facility ID is: 200910-0005
The facility ID is: 200911-0001
The facility ID is: 200911-0002
The facility ID is: 200911-0003
The facility ID is: 200911-0004
The facility ID is: 200911-0005
The facility ID is: 200911-0006
The facility ID is: 200911-0007
The facility ID is: 200911-0008
The facility ID is: 200911-0009
The facility ID is: 200911-0010
The facility ID is: 200911-0011
The facility ID is: 200912-0001
The facility ID is: 201001-0001
The facility ID is: 201001-0002
The facility ID is: 201001-0003
The facility ID is: 201001-0004
The facility ID is: 201002-0001
The facility ID is: 201003-0001
The facility ID is: 201003-0002
The facility ID is: 201003-0003
The facility ID is: 201003-0004
The facility ID is: 201003-0005
The facility ID is: 201004-0001
The facility ID is: 201004-0002
The facility ID is: 201005-0001
The facility ID is: 201005-0002
The facility ID is: 201005-0003
The facility ID is: 201006-0001
The facility ID is: 201006-0002
The facility ID is: 201006-0003
The facility ID is: 201007-0001
The facility ID is: 201007-0002
The facility ID is: 201007-0003
The facility ID is: 201007-0004
The facility ID is: 201007-0005
The facility ID is: 201008-0001
The facility ID is: 201008-0002
The facility ID is: 201009-0001
The facility ID is: 201009-0002
The facility ID is: 201009-0003
The facility ID is: 201009-0004
The facility ID is: 201010-0001
The facility ID is: 201010-0002
The facility ID is: 201011-0001
The facility ID is: 201011-0002
The facility ID is: 201012-0001
The facility ID is: 201012-0002
The facility ID is: 201012-0003
The facility ID is: 201012-0004
The facility ID is: 201012-0005
The facility ID is: 201103-0001
The facility ID is: 201103-0002
The facility ID is: 201103-0003
The facility ID is: 201104-0001
The facility ID is: 201105-0001
The facility ID is: 201105-0002
The facility ID is: 201105-0003
The facility ID is: 201106-0001
The facility ID is: 201106-0002
The facility ID is: 201106-0003
The facility ID is: 201106-0004
The facility ID is: 201106-0005
The facility ID is: 201107-0001
The facility ID is: 201108-0001
The facility ID is: 201108-0002
The facility ID is: 201109-0001
The facility ID is: 201109-0002
The facility ID is: 201109-0003
The facility ID is: 201109-0004
The facility ID is: 201109-0005
The facility ID is: 201109-0006
The facility ID is: 201110-0001
The facility ID is: 201110-0002
The facility ID is: 201110-0003
The facility ID is: 201111-0001
The facility ID is: 201111-0002
The facility ID is: 201112-0001
The facility ID is: 201202-0001
The facility ID is: 201202-0002
The facility ID is: 201203-0001
The facility ID is: 201205-0001
The facility ID is: 201205-0002
The facility ID is: 201205-0003
The facility ID is: 201207-0001
The facility ID is: 201208-0001
The facility ID is: 201208-0002
The facility ID is: 201208-0003
The facility ID is: 201209-0001
The facility ID is: 201211-0001
The facility ID is: 201211-0002
The facility ID is: 201211-0003
The facility ID is: 201212-0001
The facility ID is: 201302-0001
The facility ID is: 201303-0001
The facility ID is: 201304-0001
The facility ID is: 201304-0002
The facility ID is: 201305-0001
The facility ID is: 201306-0001
The facility ID is: 201306-0002
The facility ID is: 201306-0003
The facility ID is: 201307-0001
The facility ID is: 201307-0002
The facility ID is: 201307-0003
The facility ID is: 201308-0001
The facility ID is: 201309-0001
The facility ID is: 201309-0002
The facility ID is: 201310-0001
The facility ID is: 201310-0002
The facility ID is: 201310-0003
The facility ID is: 201310-0004
The facility ID is: 201310-0005
The facility ID is: 201311-0001
The facility ID is: 201311-0002
The facility ID is: 201311-0003
The facility ID is: 201311-0004
The facility ID is: 201311-0005
The facility ID is: 201312-0001
The facility ID is: 201312-0002
The facility ID is: 201402-0001
The facility ID is: 201403-0001
The facility ID is: 201404-0001
The facility ID is: 201405-0001
The facility ID is: 201405-0002
The facility ID is: 201407-0001
The facility ID is: 201408-0001
The facility ID is: 201409-0001
The facility ID is: 201410-0001
The facility ID is: 201410-0002
The facility ID is: 201410-0003
The facility ID is: 201411-0001
The facility ID is: 201412-0001
The facility ID is: 201501-0001
The facility ID is: 201502-0001
The facility ID is: 201503-0001
The facility ID is: 201504-0001
The facility ID is: 201504-0002
The facility ID is: 201504-0003
The facility ID is: 201504-0004
The facility ID is: 201504-0005
The facility ID is: 201506-0001
The facility ID is: 201507-0001
The facility ID is: 201507-0002
The facility ID is: 201508-0001
The facility ID is: 201508-0002
The facility ID is: 201508-0003
The facility ID is: 201508-0004
The facility ID is: 201509-0001
The facility ID is: 201509-0002
The facility ID is: 201510-0001
The facility ID is: 201510-0002
The facility ID is: 201511-0001
The facility ID is: 201511-0002
The facility ID is: 201601-0001
The facility ID is: 201604-0001
The facility ID is: 201604-0002
The facility ID is: 201605-0001
The facility ID is: 201605-0002
The facility ID is: 201606-0001
The facility ID is: 201606-0002
The facility ID is: 201606-0003
The facility ID is: 201606-0004
The facility ID is: 201606-0005
The facility ID is: 201606-0006
The facility ID is: 201608-0001
The facility ID is: 201608-0002
The facility ID is: 201609-0001
The facility ID is: 201609-0002
The facility ID is: 201610-0001
The facility ID is: 201610-0002
The facility ID is: 201610-0003
The facility ID is: 201610-0004
The facility ID is: 201611-0001
The facility ID is: 201611-0002
The facility ID is: 201611-0003
The facility ID is: 201611-0004
The facility ID is: 201611-0005
The facility ID is: 201611-0006
The facility ID is: 201611-0007
The facility ID is: 201612-0001
The facility ID is: 201612-0002
The facility ID is: 201612-0003
The facility ID is: 201701-0001
The facility ID is: 201701-0002
The facility ID is: 201703-0001
The facility ID is: 201703-0002
The facility ID is: 201703-0003
The facility ID is: 201704-0001
The facility ID is: 201704-0002
The facility ID is: 201704-0003
The facility ID is: 201812-0001
The facility ID is: 201803-0010
The facility ID is: 201904-0001
The facility ID is: 202002-0002
The facility ID is: 202110-0003
The facility ID is: 201704-0004
The facility ID is: 201705-0001
The facility ID is: 201706-0001
The facility ID is: 201706-0002
The facility ID is: 201706-0003
The facility ID is: 201707-0001
The facility ID is: 201708-0001
The facility ID is: 201708-0002
The facility ID is: 201708-0003
The facility ID is: 201708-0004
The facility ID is: 201708-0005
The facility ID is: 201708-0006
The facility ID is: 201708-0007
The facility ID is: 201709-0001
The facility ID is: 201709-0002
The facility ID is: 201709-0003
The facility ID is: 201710-0001
The facility ID is: 201710-0002
The facility ID is: 201710-0004
The facility ID is: 201710-0005
The facility ID is: 201711-0002
The facility ID is: 201711-0003
The facility ID is: 201711-0005
The facility ID is: 201712-0001
The facility ID is: 201712-0002
The facility ID is: 201712-0003
The facility ID is: 201712-0004
The facility ID is: 201712-0005
The facility ID is: 201801-0001
The facility ID is: 201801-0003
The facility ID is: 201801-0004
The facility ID is: 201801-0005
The facility ID is: 201801-0006
The facility ID is: 201801-0007
The facility ID is: 201802-0001
The facility ID is: 201803-0001
The facility ID is: 201803-0003
The facility ID is: 201803-0004
The facility ID is: 201803-0005
The facility ID is: 201803-0006
The facility ID is: 201803-0007
The facility ID is: 201803-0008
The facility ID is: 201803-0009
The facility ID is: 201804-0001
The facility ID is: 201805-0001
The facility ID is: 201805-0002
The facility ID is: 201805-0003
The facility ID is: 201805-0004
The facility ID is: 201806-0001
The facility ID is: 201806-0004
The facility ID is: 201806-0005
The facility ID is: 201806-0006
The facility ID is: 201807-0002
The facility ID is: 201807-0003
The facility ID is: 201808-0001
The facility ID is: 201808-0002
The facility ID is: 201808-0003
The facility ID is: 201808-0004
The facility ID is: 201808-0005
The facility ID is: 201809-0001
The facility ID is: 201809-0002
The facility ID is: 201809-0004
The facility ID is: 201809-0005
The facility ID is: 201809-0006
The facility ID is: 201809-0007
The facility ID is: 201810-0001
The facility ID is: 201810-0004
The facility ID is: 201811-0001
The facility ID is: 201811-0002
The facility ID is: 201811-0003
The facility ID is: 201812-0002
The facility ID is: 201902-0001
The facility ID is: 201902-0003
The facility ID is: 201902-0004
The facility ID is: 201904-0002
The facility ID is: 201905-0001
The facility ID is: 201906-0001
The facility ID is: 201907-0002
The facility ID is: 201907-0003
The facility ID is: 201908-0001
The facility ID is: 201908-0002
The facility ID is: 201909-0002
The facility ID is: 201909-0003
The facility ID is: 201909-0004
The facility ID is: 201911-0001
The facility ID is: 201912-0002
The facility ID is: 201912-0003
The facility ID is: 201912-0004
The facility ID is: 202002-0001
The facility ID is: 202002-0003
The facility ID is: 202005-0001
The facility ID is: 202007-0001
The facility ID is: 202010-0001
The facility ID is: 202103-0001
The facility ID is: 202104-0002
The facility ID is: 202106-0001
The facility ID is: 202106-0002
The facility ID is: 202106-0003
The facility ID is: 202106-0004
The facility ID is: 202107-0001
The facility ID is: 202108-0001
The facility ID is: 202109-0001
The facility ID is: 202109-0002
The facility ID is: 202110-0001
The facility ID is: 202110-0002
The facility ID is: 202110-0004
The facility ID is: 202112-0001
The facility ID is: 202112-0002
The facility ID is: 202203-0002
The facility ID is: 201803-0002
The facility ID is: 202105-0001
The facility ID is: 202109-0003
The facility ID is: 202203-0001
The facility ID is: 202203-0003
The facility ID is: 202203-0004
The facility ID is: 202203-0005
The facility ID is: 202203-0006
The facility ID is: 202205-0001
The facility ID is: 202205-0002
The facility ID is: 202206-0001
The facility ID is: 202208-0001
The facility ID is: 202210-0002
The facility ID is: 201710-0003
The facility ID is: 202209-0003
The facility ID is: 202212-0003
The facility ID is: 0000
The facility ID is: 201912-0001
The facility ID is: 202109-0004
The facility ID is: 202206-0002
The facility ID is: 202207-0001
The facility ID is: 202209-0004
The facility ID is: 202212-0002
The facility ID is: 202301-0001
The facility ID is: 202209-0002
The facility ID is: 202210-0001
The facility ID is: 202310-0002
HTTP/1.1 200 OK
Content-Length: 26443
Content-Type: application/json; charset=utf-8
Date: Fri, 07 Jun 2024 05:18:40 GMT
Server: Microsoft-IIS/10.0
Cache-Control: no-cache
Content-Encoding: gzip
Expires: -1
Pragma: no-cache
Vary: Accept-Encoding
X-AspNet-Version: 4.0.30319
X-Powered-By: ASP.NET

[
    {
        "FacilityID": "201312-0003",
        "CanIssueNewBonds": true,
        "TotalValueBondsAllowed": 50000000.00,
        "TotalValueBondsActive": 18548597.88,
        "TotalValueBondsInCart": 12130018.00,
        "TotalValueBondsExpired": 12448547.64,
        "TotalValueBondsProcessing": 11197787.00,
        "TotalValueBondsUnsubmitted": 0.0,
        "NumBondsAllowed": null,
        "NumBondsActive": 107,
        "NumBondsInCart": 33,
        "NumBondsExpired": 67,
        "NumBondsProcessing": 31,
        "NumBondsUnsubmitted": 0,
        "TotalValueBondsRemainingMax": 19321384.12,
        "TotalValueBondsRemaining": 19321384.12,
        "NumBondsRemaining": null
    },
    {
        "FacilityID": "201910-0001",
        "CanIssueNewBonds": false,
        "TotalValueBondsAllowed": 0.00,
        "TotalValueBondsActive": 0.0,
        "TotalValueBondsInCart": 0.0,
        "TotalValueBondsExpired": 0.0,
        "TotalValueBondsProcessing": 0.0,
        "TotalValueBondsUnsubmitted": 0.0,
        "NumBondsAllowed": null,
        "NumBondsActive": 0,
        "NumBondsInCart": 0,
        "NumBondsExpired": 0,
        "NumBondsProcessing": 0,
        "NumBondsUnsubmitted": 0,
        "TotalValueBondsRemainingMax": 0.0,
        "TotalValueBondsRemaining": 0.0,
        "NumBondsRemaining": null
    },
    {
        "FacilityID": "200903-0001",
        "CanIssueNewBonds": true,
        "TotalValueBondsAllowed": 20000000.00,
        "TotalValueBondsActive": 0.0,
        "TotalValueBondsInCart": 0.0,
        "TotalValueBondsExpired": 0.0,
        "TotalValueBondsProcessing": 0.0,
        "TotalValueBondsUnsubmitted": 0.0,
        "NumBondsAllowed": null,
        "NumBondsActive": 0,
        "NumBondsInCart": 0,
        "NumBondsExpired": 0,
        "NumBondsProcessing": 0,
        "NumBondsUnsubmitted": 0,
        "TotalValueBondsRemainingMax": 20000000.00,
        "TotalValueBondsRemaining": 20000000.00,
        "NumBondsRemaining": null
    },
    {
        "FacilityID": "200903-0002",
        "CanIssueNewBonds": false,
        "TotalValueBondsAllowed": 0.00,
        "TotalValueBondsActive": 0.0,
        "TotalValueBondsInCart": 0.0,
        "TotalValueBondsExpired": 0.0,
        "TotalValueBondsProcessing": 0.0,
        "TotalValueBondsUnsubmitted": 0.0,
        "NumBondsAllowed": null,
        "NumBondsActive": 0,
        "NumBondsInCart": 0,
        "NumBondsExpired": 0,
        "NumBondsProcessing": 0,
        "NumBondsUnsubmitted": 0,
        "TotalValueBondsRemainingMax": 0.0,
        "TotalValueBondsRemaining": 0.0,
        "NumBondsRemaining": null
    },
    {
        "FacilityID": "200903-0003",
        "CanIssueNewBonds": true,
        "TotalValueBondsAllowed": 2922.55,
        "TotalValueBondsActive": 2922.55,
        "TotalValueBondsInCart": 0.0,
        "TotalValueBondsExpired": 2922.55,
        "TotalValueBondsProcessing": 0.0,
        "TotalValueBondsUnsubmitted": 0.0,
        "NumBondsAllowed": null,
        "NumBondsActive": 1,
        "NumBondsInCart": 0,
        "NumBondsExpired": 1,
        "NumBondsProcessing": 0,
        "NumBondsUnsubmitted": 0,
        "TotalValueBondsRemainingMax": 0.0,
        "TotalValueBondsRemaining": 0.0,
        "NumBondsRemaining": null
    },
    {
        "FacilityID": "200903-0004",
        "CanIssueNewBonds": true,
        "TotalValueBondsAllowed": 312110.20,
        "TotalValueBondsActive": 0.0,
        "TotalValueBondsInCart": 0.0,
        "TotalValueBondsExpired": 0.0,
        "TotalValueBondsProcessing": 0.0,
        "TotalValueBondsUnsubmitted": 0.0,
        "NumBondsAllowed": null,
        "NumBondsActive": 0,
        "NumBondsInCart": 0,
        "NumBondsExpired": 0,
        "NumBondsProcessing": 0,
        "NumBondsUnsubmitted": 0,
        "TotalValueBondsRemainingMax": 312110.20,
        "TotalValueBondsRemaining": 312110.20,
        "NumBondsRemaining": null
    },
    {
        "FacilityID": "200904-0001",
        "CanIssueNewBonds": false,
        "TotalValueBondsAllowed": 0.00,
        "TotalValueBondsActive": 0.0,
        "TotalValueBondsInCart": 0.0,
        "TotalValueBondsExpired": 0.0,
        "TotalValueBondsProcessing": 0.0,
        "TotalValueBondsUnsubmitted": 0.0,
        "NumBondsAllowed": null,
        "NumBondsActive": 0,
        "NumBondsInCart": 0,
        "NumBondsExpired": 0,
        "NumBondsProcessing": 0,
        "NumBondsUnsubmitted": 0,
        "TotalValueBondsRemainingMax": 0.0,
        "TotalValueBondsRemaining": 0.0,
        "NumBondsRemaining": null
    },
    {
        "FacilityID": "200904-0002",
        "CanIssueNewBonds": true,
        "TotalValueBondsAllowed": 35393606.81,
        "TotalValueBondsActive": 31417554.51,
        "TotalValueBondsInCart": 0.0,
        "TotalValueBondsExpired": 24292665.96,
        "TotalValueBondsProcessing": 0.0,
        "TotalValueBondsUnsubmitted": 0.0,
        "NumBondsAllowed": null,
        "NumBondsActive": 20,
        "NumBondsInCart": 0,
        "NumBondsExpired": 15,
        "NumBondsProcessing": 0,
        "NumBondsUnsubmitted": 0,
        "TotalValueBondsRemainingMax": 3976052.30,
        "TotalValueBondsRemaining": 3976052.30,
        "NumBondsRemaining": null
    },
    {
        "FacilityID": "200904-0003",
        "CanIssueNewBonds": true,
        "TotalValueBondsAllowed": 20000000.00,
        "TotalValueBondsActive": 0.0,
        "TotalValueBondsInCart": 0.0,
        "TotalValueBondsExpired": 0.0,
        "TotalValueBondsProcessing": 0.0,
        "TotalValueBondsUnsubmitted": 0.0,
        "NumBondsAllowed": null,
        "NumBondsActive": 0,
        "NumBondsInCart": 0,
        "NumBondsExpired": 0,
        "NumBondsProcessing": 0,
        "NumBondsUnsubmitted": 0,
        "TotalValueBondsRemainingMax": 20000000.00,
        "TotalValueBondsRemaining": 20000000.00,
        "NumBondsRemaining": null
    },
    {
        "FacilityID": "200904-0004",
        "CanIssueNewBonds": true,
        "TotalValueBondsAllowed": 400000000.00,
        "TotalValueBondsActive": 335416689.55,
        "TotalValueBondsInCart": 74061740.93,
        "TotalValueBondsExpired": 59638211.79,
        "TotalValueBondsProcessing": 0.0,
        "TotalValueBondsUnsubmitted": 0.0,
        "NumBondsAllowed": null,
        "NumBondsActive": 97,
        "NumBondsInCart": 13,
        "NumBondsExpired": 35,
        "NumBondsProcessing": 0,
        "NumBondsUnsubmitted": 0,
        "TotalValueBondsRemainingMax": 0.0,
        "TotalValueBondsRemaining": 0.0,
        "NumBondsRemaining": null
    },
    {
        "FacilityID": "200905-0001",
        "CanIssueNewBonds": false,
        "TotalValueBondsAllowed": 0.00,
        "TotalValueBondsActive": 0.0,
        "TotalValueBondsInCart": 0.0,
        "TotalValueBondsExpired": 0.0,
        "TotalValueBondsProcessing": 0.0,
        "TotalValueBondsUnsubmitted": 0.0,
        "NumBondsAllowed": null,
        "NumBondsActive": 0,
        "NumBondsInCart": 0,
        "NumBondsExpired": 0,
        "NumBondsProcessing": 0,
        "NumBondsUnsubmitted": 0,
        "TotalValueBondsRemainingMax": 0.0,
        "TotalValueBondsRemaining": 0.0,
        "NumBondsRemaining": null
    },
    {
        "FacilityID": "200905-0002",
        "CanIssueNewBonds": true,
        "TotalValueBondsAllowed": 1182690.94,
        "TotalValueBondsActive": 0.0,
        "TotalValueBondsInCart": 0.0,
        "TotalValueBondsExpired": 0.0,
        "TotalValueBondsProcessing": 0.0,
        "TotalValueBondsUnsubmitted": 0.0,
        "NumBondsAllowed": null,
        "NumBondsActive": 0,
        "NumBondsInCart": 0,
        "NumBondsExpired": 0,
        "NumBondsProcessing": 0,
        "NumBondsUnsubmitted": 0,
        "TotalValueBondsRemainingMax": 1182690.94,
        "TotalValueBondsRemaining": 1182690.94,
        "NumBondsRemaining": null
    },
    {
        "FacilityID": "200905-0003",
        "CanIssueNewBonds": true,
        "TotalValueBondsAllowed": 120000000.00,
        "TotalValueBondsActive": 90092909.45,
        "TotalValueBondsInCart": 0.0,
        "TotalValueBondsExpired": 16864143.95,
        "TotalValueBondsProcessing": 0.0,
        "TotalValueBondsUnsubmitted": 0.0,
        "NumBondsAllowed": null,
        "NumBondsActive": 32,
        "NumBondsInCart": 0,
        "NumBondsExpired": 19,
        "NumBondsProcessing": 0,
        "NumBondsUnsubmitted": 0,
        "TotalValueBondsRemainingMax": 29907090.55,
        "TotalValueBondsRemaining": 29907090.55,
        "NumBondsRemaining": null
    },
    {
        "FacilityID": "200906-0001",
        "CanIssueNewBonds": false,
        "TotalValueBondsAllowed": 0.00,
        "TotalValueBondsActive": 0.0,
        "TotalValueBondsInCart": 0.0,
        "TotalValueBondsExpired": 0.0,
        "TotalValueBondsProcessing": 0.0,
        "TotalValueBondsUnsubmitted": 0.0,
        "NumBondsAllowed": null,
        "NumBondsActive": 0,
        "NumBondsInCart": 0,
        "NumBondsExpired": 0,
        "NumBondsProcessing": 0,
        "NumBondsUnsubmitted": 0,
        "TotalValueBondsRemainingMax": 0.0,
        "TotalValueBondsRemaining": 0.0,
        "NumBondsRemaining": null
    },
    {
        "FacilityID": "200906-0002",
        "CanIssueNewBonds": false,
        "TotalValueBondsAllowed": 0.00,
        "TotalValueBondsActive": 0.0,
        "TotalValueBondsInCart": 0.0,
        "TotalValueBondsExpired": 0.0,
        "TotalValueBondsProcessing": 0.0,
        "TotalValueBondsUnsubmitted": 0.0,
        "NumBondsAllowed": null,
        "NumBondsActive": 0,
        "NumBondsInCart": 0,
        "NumBondsExpired": 0,
        "NumBondsProcessing": 0,
        "NumBondsUnsubmitted": 0,
        "TotalValueBondsRemainingMax": 0.0,
        "TotalValueBondsRemaining": 0.0,
        "NumBondsRemaining": null
    },
    {
        "FacilityID": "200907-0001",
        "CanIssueNewBonds": false,
        "TotalValueBondsAllowed": 0.00,
        "TotalValueBondsActive": 0.0,
        "TotalValueBondsInCart": 0.0,
        "TotalValueBondsExpired": 0.0,
        "TotalValueBondsProcessing": 0.0,
        "TotalValueBondsUnsubmitted": 0.0,
        "NumBondsAllowed": null,
        "NumBondsActive": 0,
        "NumBondsInCart": 0,
        "NumBondsExpired": 0,
        "NumBondsProcessing": 0,
        "NumBondsUnsubmitted": 0,
        "TotalValueBondsRemainingMax": 0.0,
        "TotalValueBondsRemaining": 0.0,
        "NumBondsRemaining": null
    },
    {
        "FacilityID": "200907-0002",
        "CanIssueNewBonds": false,
        "TotalValueBondsAllowed": 0.00,
        "TotalValueBondsActive": 0.0,
        "TotalValueBondsInCart": 0.0,
        "TotalValueBondsExpired": 0.0,
        "TotalValueBondsProcessing": 0.0,
        "TotalValueBondsUnsubmitted": 0.0,
        "NumBondsAllowed": null,
        "NumBondsActive": 0,
        "NumBondsInCart": 0,
        "NumBondsExpired": 0,
        "NumBondsProcessing": 0,
        "NumBondsUnsubmitted": 0,
        "TotalValueBondsRemainingMax": 0.0,
        "TotalValueBondsRemaining": 0.0,
        "NumBondsRemaining": null
    },
    {
        "FacilityID": "200907-0003",
        "CanIssueNewBonds": false,
        "TotalValueBondsAllowed": 0.00,
        "TotalValueBondsActive": 0.0,
        "TotalValueBondsInCart": 0.0,
        "TotalValueBondsExpired": 0.0,
        "TotalValueBondsProcessing": 0.0,
        "TotalValueBondsUnsubmitted": 0.0,
        "NumBondsAllowed": null,
        "NumBondsActive": 0,
        "NumBondsInCart": 0,
        "NumBondsExpired": 0,
        "NumBondsProcessing": 0,
        "NumBondsUnsubmitted": 0,
        "TotalValueBondsRemainingMax": 0.0,
        "TotalValueBondsRemaining": 0.0,
        "NumBondsRemaining": null
    },
    {
        "FacilityID": "200907-0004",
        "CanIssueNewBonds": true,
        "TotalValueBondsAllowed": 25000000.00,
        "TotalValueBondsActive": 20160492.30,
        "TotalValueBondsInCart": 80000.00,
        "TotalValueBondsExpired": 10453734.78,
        "TotalValueBondsProcessing": 40000.00,
        "TotalValueBondsUnsubmitted": 40000.00,
        "NumBondsAllowed": null,
        "NumBondsActive": 82,
        "NumBondsInCart": 2,
        "NumBondsExpired": 53,
        "NumBondsProcessing": 1,
        "NumBondsUnsubmitted": 1,
        "TotalValueBondsRemainingMax": 4759507.70,
        "TotalValueBondsRemaining": 4759507.70,
        "NumBondsRemaining": null
    },
    {
        "FacilityID": "200907-0005",
        "CanIssueNewBonds": true,
        "TotalValueBondsAllowed": 9800000.00,
        "TotalValueBondsActive": 8500794.17,
        "TotalValueBondsInCart": 3441245.00,
        "TotalValueBondsExpired": 8250794.17,
        "TotalValueBondsProcessing": 3441245.00,
        "TotalValueBondsUnsubmitted": 0.00,
        "NumBondsAllowed": null,
        "NumBondsActive": 18,
        "NumBondsInCart": 7,
        "NumBondsExpired": 17,
        "NumBondsProcessing": 6,
        "NumBondsUnsubmitted": 1,
        "TotalValueBondsRemainingMax": 0.0,
        "TotalValueBondsRemaining": 0.0,
        "NumBondsRemaining": null
    },
    {
        "FacilityID": "200907-0006",
        "CanIssueNewBonds": false,
        "TotalValueBondsAllowed": 0.00,
        "TotalValueBondsActive": 0.0,
        "TotalValueBondsInCart": 0.0,
        "TotalValueBondsExpired": 0.0,
        "TotalValueBondsProcessing": 0.0,
        "TotalValueBondsUnsubmitted": 0.0,
        "NumBondsAllowed": null,
        "NumBondsActive": 0,
        "NumBondsInCart": 0,
        "NumBondsExpired": 0,
        "NumBondsProcessing": 0,
        "NumBondsUnsubmitted": 0,
        "TotalValueBondsRemainingMax": 0.0,
        "TotalValueBondsRemaining": 0.0,
        "NumBondsRemaining": null
    },
    {
        "FacilityID": "200907-0007",
        "CanIssueNewBonds": false,
        "TotalValueBondsAllowed": 0.00,
        "TotalValueBondsActive": 0.0,
        "TotalValueBondsInCart": 0.0,
        "TotalValueBondsExpired": 0.0,
        "TotalValueBondsProcessing": 0.0,
        "TotalValueBondsUnsubmitted": 0.0,
        "NumBondsAllowed": null,
        "NumBondsActive": 0,
        "NumBondsInCart": 0,
        "NumBondsExpired": 0,
        "NumBondsProcessing": 0,
        "NumBondsUnsubmitted": 0,
        "TotalValueBondsRemainingMax": 0.0,
        "TotalValueBondsRemaining": 0.0,
        "NumBondsRemaining": null
    },
    {
        "FacilityID": "200907-0008",
        "CanIssueNewBonds": true,
        "TotalValueBondsAllowed": 150000000.00,
        "TotalValueBondsActive": 115668395.16,
        "TotalValueBondsInCart": 0.0,
        "TotalValueBondsExpired": 35874830.88,
        "TotalValueBondsProcessing": 0.0,
        "TotalValueBondsUnsubmitted": 0.0,
        "NumBondsAllowed": null,
        "NumBondsActive": 49,
        "NumBondsInCart": 0,
        "NumBondsExpired": 20,
        "NumBondsProcessing": 0,
        "NumBondsUnsubmitted": 0,
        "TotalValueBondsRemainingMax": 34331604.84,
        "TotalValueBondsRemaining": 34331604.84,
        "NumBondsRemaining": null
    },
    {
        "FacilityID": "200907-0009",
        "CanIssueNewBonds": false,
        "TotalValueBondsAllowed": 10000000.00,
        "TotalValueBondsActive": 0.0,
        "TotalValueBondsInCart": 0.0,
        "TotalValueBondsExpired": 0.0,
        "TotalValueBondsProcessing": 0.0,
        "TotalValueBondsUnsubmitted": 0.0,
        "NumBondsAllowed": null,
        "NumBondsActive": 0,
        "NumBondsInCart": 0,
        "NumBondsExpired": 0,
        "NumBondsProcessing": 0,
        "NumBondsUnsubmitted": 0,
        "TotalValueBondsRemainingMax": 0.0,
        "TotalValueBondsRemaining": 0.0,
        "NumBondsRemaining": null
    },
    {
        "FacilityID": "200907-0010",
        "CanIssueNewBonds": false,
        "TotalValueBondsAllowed": 143427.02,
        "TotalValueBondsActive": 0.0,
        "TotalValueBondsInCart": 0.0,
        "TotalValueBondsExpired": 0.0,
        "TotalValueBondsProcessing": 0.0,
        "TotalValueBondsUnsubmitted": 0.0,
        "NumBondsAllowed": null,
        "NumBondsActive": 0,
        "NumBondsInCart": 0,
        "NumBondsExpired": 0,
        "NumBondsProcessing": 0,
        "NumBondsUnsubmitted": 0,
        "TotalValueBondsRemainingMax": 0.0,
        "TotalValueBondsRemaining": 0.0,
        "NumBondsRemaining": null
    },
    {
        "FacilityID": "200908-0001",
        "CanIssueNewBonds": true,
        "TotalValueBondsAllowed": 20843.65,
        "TotalValueBondsActive": 0.0,
        "TotalValueBondsInCart": 0.0,
        "TotalValueBondsExpired": 0.0,
        "TotalValueBondsProcessing": 0.0,
        "TotalValueBondsUnsubmitted": 0.0,
        "NumBondsAllowed": null,
        "NumBondsActive": 0,
        "NumBondsInCart": 0,
        "NumBondsExpired": 0,
        "NumBondsProcessing": 0,
        "NumBondsUnsubmitted": 0,
        "TotalValueBondsRemainingMax": 20843.65,
        "TotalValueBondsRemaining": 20843.65,
        "NumBondsRemaining": null
    },
    {
        "FacilityID": "200908-0002",
        "CanIssueNewBonds": true,
        "TotalValueBondsAllowed": 9314483.00,
        "TotalValueBondsActive": 0.0,
        "TotalValueBondsInCart": 0.0,
        "TotalValueBondsExpired": 0.0,
        "TotalValueBondsProcessing": 0.0,
        "TotalValueBondsUnsubmitted": 0.0,
        "NumBondsAllowed": null,
        "NumBondsActive": 0,
        "NumBondsInCart": 0,
        "NumBondsExpired": 0,
        "NumBondsProcessing": 0,
        "NumBondsUnsubmitted": 0,
        "TotalValueBondsRemainingMax": 9314483.00,
        "TotalValueBondsRemaining": 9314483.00,
        "NumBondsRemaining": null
    },
    {
        "FacilityID": "200908-0003",
        "CanIssueNewBonds": false,
        "TotalValueBondsAllowed": 2500000.00,
        "TotalValueBondsActive": 0.0,
        "TotalValueBondsInCart": 0.0,
        "TotalValueBondsExpired": 0.0,
        "TotalValueBondsProcessing": 0.0,
        "TotalValueBondsUnsubmitted": 0.0,
        "NumBondsAllowed": null,
        "NumBondsActive": 0,
        "NumBondsInCart": 0,
        "NumBondsExpired": 0,
        "NumBondsProcessing": 0,
        "NumBondsUnsubmitted": 0,
        "TotalValueBondsRemainingMax": 0.0,
        "TotalValueBondsRemaining": 0.0,
        "NumBondsRemaining": null
    },
    {
        "FacilityID": "200908-0004",
        "CanIssueNewBonds": false,
        "TotalValueBondsAllowed": 10214724.31,
        "TotalValueBondsActive": 0.0,
        "TotalValueBondsInCart": 0.0,
        "TotalValueBondsExpired": 0.0,
        "TotalValueBondsProcessing": 0.0,
        "TotalValueBondsUnsubmitted": 0.0,
        "NumBondsAllowed": null,
        "NumBondsActive": 0,
        "NumBondsInCart": 0,
        "NumBondsExpired": 0,
        "NumBondsProcessing": 0,
        "NumBondsUnsubmitted": 0,
        "TotalValueBondsRemainingMax": 0.0,
        "TotalValueBondsRemaining": 0.0,
        "NumBondsRemaining": null
    },
    {
        "FacilityID": "200908-0005",
        "CanIssueNewBonds": false,
        "TotalValueBondsAllowed": 3000000.00,
        "TotalValueBondsActive": 0.0,
        "TotalValueBondsInCart": 0.0,
        "TotalValueBondsExpired": 0.0,
        "TotalValueBondsProcessing": 0.0,
        "TotalValueBondsUnsubmitted": 0.0,
        "NumBondsAllowed": null,
        "NumBondsActive": 0,
        "NumBondsInCart": 0,
        "NumBondsExpired": 0,
        "NumBondsProcessing": 0,
        "NumBondsUnsubmitted": 0,
        "TotalValueBondsRemainingMax": 0.0,
        "TotalValueBondsRemaining": 0.0,
        "NumBondsRemaining": null
    },
    {
        "FacilityID": "200908-0006",
        "CanIssueNewBonds": false,
        "TotalValueBondsAllowed": 0.00,
        "TotalValueBondsActive": 0.0,
        "TotalValueBondsInCart": 0.0,
        "TotalValueBondsExpired": 0.0,
        "TotalValueBondsProcessing": 0.0,
        "TotalValueBondsUnsubmitted": 0.0,
        "NumBondsAllowed": null,
        "NumBondsActive": 0,
        "NumBondsInCart": 0,
        "NumBondsExpired": 0,
        "NumBondsProcessing": 0,
        "NumBondsUnsubmitted": 0,
        "TotalValueBondsRemainingMax": 0.0,
        "TotalValueBondsRemaining": 0.0,
        "NumBondsRemaining": null
    },
    {
        "FacilityID": "200909-0001",
        "CanIssueNewBonds": false,
        "TotalValueBondsAllowed": 100000000.00,
        "TotalValueBondsActive": 0.0,
        "TotalValueBondsInCart": 0.0,
        "TotalValueBondsExpired": 0.0,
        "TotalValueBondsProcessing": 0.0,
        "TotalValueBondsUnsubmitted": 0.0,
        "NumBondsAllowed": null,
        "NumBondsActive": 0,
        "NumBondsInCart": 0,
        "NumBondsExpired": 0,
        "NumBondsProcessing": 0,
        "NumBondsUnsubmitted": 0,
        "TotalValueBondsRemainingMax": 0.0,
        "TotalValueBondsRemaining": 0.0,
        "NumBondsRemaining": null
    },
    {
        "FacilityID": "200909-0002",
        "CanIssueNewBonds": false,
        "TotalValueBondsAllowed": 0.00,
        "TotalValueBondsActive": 0.0,
        "TotalValueBondsInCart": 0.0,
        "TotalValueBondsExpired": 0.0,
        "TotalValueBondsProcessing": 0.0,
        "TotalValueBondsUnsubmitted": 0.0,
        "NumBondsAllowed": null,
        "NumBondsActive": 0,
        "NumBondsInCart": 0,
        "NumBondsExpired": 0,
        "NumBondsProcessing": 0,
        "NumBondsUnsubmitted": 0,
        "TotalValueBondsRemainingMax": 0.0,
        "TotalValueBondsRemaining": 0.0,
        "NumBondsRemaining": null
    },
    {
        "FacilityID": "200909-0003",
        "CanIssueNewBonds": true,
        "TotalValueBondsAllowed": 10000000.00,
        "TotalValueBondsActive": 7065917.48,
        "TotalValueBondsInCart": 0.0,
        "TotalValueBondsExpired": 4387498.14,
        "TotalValueBondsProcessing": 0.0,
        "TotalValueBondsUnsubmitted": 0.0,
        "NumBondsAllowed": null,
        "NumBondsActive": 12,
        "NumBondsInCart": 0,
        "NumBondsExpired": 7,
        "NumBondsProcessing": 0,
        "NumBondsUnsubmitted": 0,
        "TotalValueBondsRemainingMax": 2934082.52,
        "TotalValueBondsRemaining": 2934082.52,
        "NumBondsRemaining": null
    },
    {
        "FacilityID": "200910-0001",
        "CanIssueNewBonds": true,
        "TotalValueBondsAllowed": 200000000.00,
        "TotalValueBondsActive": 170000838.13,
        "TotalValueBondsInCart": 0.0,
        "TotalValueBondsExpired": 97125655.04,
        "TotalValueBondsProcessing": 0.0,
        "TotalValueBondsUnsubmitted": 0.0,
        "NumBondsAllowed": null,
        "NumBondsActive": 48,
        "NumBondsInCart": 0,
        "NumBondsExpired": 29,
        "NumBondsProcessing": 0,
        "NumBondsUnsubmitted": 0,
        "TotalValueBondsRemainingMax": 29999161.87,
        "TotalValueBondsRemaining": 29999161.87,
        "NumBondsRemaining": null
    },
    {
        "FacilityID": "200910-0002",
        "CanIssueNewBonds": false,
        "TotalValueBondsAllowed": 0.00,
        "TotalValueBondsActive": 0.0,
        "TotalValueBondsInCart": 0.0,
        "TotalValueBondsExpired": 0.0,
        "TotalValueBondsProcessing": 0.0,
        "TotalValueBondsUnsubmitted": 0.0,
        "NumBondsAllowed": null,
        "NumBondsActive": 0,
        "NumBondsInCart": 0,
        "NumBondsExpired": 0,
        "NumBondsProcessing": 0,
        "NumBondsUnsubmitted": 0,
        "TotalValueBondsRemainingMax": 0.0,
        "TotalValueBondsRemaining": 0.0,
        "NumBondsRemaining": null
    },
    {
        "FacilityID": "200910-0003",
        "CanIssueNewBonds": true,
        "TotalValueBondsAllowed": 12000000.00,
        "TotalValueBondsActive": 9680374.14,
        "TotalValueBondsInCart": 1499140.00,
        "TotalValueBondsExpired": 5879912.59,
        "TotalValueBondsProcessing": 1156020.00,
        "TotalValueBondsUnsubmitted": 343120.00,
        "NumBondsAllowed": null,
        "NumBondsActive": 22,
        "NumBondsInCart": 5,
        "NumBondsExpired": 11,
        "NumBondsProcessing": 2,
        "NumBondsUnsubmitted": 3,
        "TotalValueBondsRemainingMax": 820485.86,
        "TotalValueBondsRemaining": 820485.86,
        "NumBondsRemaining": null
    },
    {
        "FacilityID": "200910-0004",
        "CanIssueNewBonds": true,
        "TotalValueBondsAllowed": 2940712.12,
        "TotalValueBondsActive": 2940712.12,
        "TotalValueBondsInCart": 0.0,
        "TotalValueBondsExpired": 2740269.72,
        "TotalValueBondsProcessing": 0.0,
        "TotalValueBondsUnsubmitted": 0.0,
        "NumBondsAllowed": null,
        "NumBondsActive": 7,
        "NumBondsInCart": 0,
        "NumBondsExpired": 5,
        "NumBondsProcessing": 0,
        "NumBondsUnsubmitted": 0,
        "TotalValueBondsRemainingMax": 0.0,
        "TotalValueBondsRemaining": 0.0,
        "NumBondsRemaining": null
    },
    {
        "FacilityID": "200910-0005",
        "CanIssueNewBonds": true,
        "TotalValueBondsAllowed": 1103145.88,
        "TotalValueBondsActive": 0.0,
        "TotalValueBondsInCart": 0.0,
        "TotalValueBondsExpired": 0.0,
        "TotalValueBondsProcessing": 0.0,
        "TotalValueBondsUnsubmitted": 0.0,
        "NumBondsAllowed": null,
        "NumBondsActive": 0,
        "NumBondsInCart": 0,
        "NumBondsExpired": 0,
        "NumBondsProcessing": 0,
        "NumBondsUnsubmitted": 0,
        "TotalValueBondsRemainingMax": 1103145.88,
        "TotalValueBondsRemaining": 1103145.88,
        "NumBondsRemaining": null
    },
    {
        "FacilityID": "200911-0001",
        "CanIssueNewBonds": false,
        "TotalValueBondsAllowed": 0.00,
        "TotalValueBondsActive": 0.0,
        "TotalValueBondsInCart": 0.0,
        "TotalValueBondsExpired": 0.0,
        "TotalValueBondsProcessing": 0.0,
        "TotalValueBondsUnsubmitted": 0.0,
        "NumBondsAllowed": null,
        "NumBondsActive": 0,
        "NumBondsInCart": 0,
        "NumBondsExpired": 0,
        "NumBondsProcessing": 0,
        "NumBondsUnsubmitted": 0,
        "TotalValueBondsRemainingMax": 0.0,
        "TotalValueBondsRemaining": 0.0,
        "NumBondsRemaining": null
    },
    {
        "FacilityID": "200911-0002",
        "CanIssueNewBonds": true,
        "TotalValueBondsAllowed": 60000000.00,
        "TotalValueBondsActive": 0.0,
        "TotalValueBondsInCart": 0.0,
        "TotalValueBondsExpired": 0.0,
        "TotalValueBondsProcessing": 0.0,
        "TotalValueBondsUnsubmitted": 0.0,
        "NumBondsAllowed": null,
        "NumBondsActive": 0,
        "NumBondsInCart": 0,
        "NumBondsExpired": 0,
        "NumBondsProcessing": 0,
        "NumBondsUnsubmitted": 0,
        "TotalValueBondsRemainingMax": 60000000.00,
        "TotalValueBondsRemaining": 60000000.00,
        "NumBondsRemaining": null
    },
    {
        "FacilityID": "200911-0003",
        "CanIssueNewBonds": true,
        "TotalValueBondsAllowed": 50000000.00,
        "TotalValueBondsActive": 24842930.63,
        "TotalValueBondsInCart": 0.0,
        "TotalValueBondsExpired": 6326559.78,
        "TotalValueBondsProcessing": 0.0,
        "TotalValueBondsUnsubmitted": 0.0,
        "NumBondsAllowed": null,
        "NumBondsActive": 42,
        "NumBondsInCart": 0,
        "NumBondsExpired": 22,
        "NumBondsProcessing": 0,
        "NumBondsUnsubmitted": 0,
        "TotalValueBondsRemainingMax": 25157069.37,
        "TotalValueBondsRemaining": 25157069.37,
        "NumBondsRemaining": null
    },
    {
        "FacilityID": "200911-0004",
        "CanIssueNewBonds": false,
        "TotalValueBondsAllowed": 0.00,
        "TotalValueBondsActive": 0.0,
        "TotalValueBondsInCart": 0.0,
        "TotalValueBondsExpired": 0.0,
        "TotalValueBondsProcessing": 0.0,
        "TotalValueBondsUnsubmitted": 0.0,
        "NumBondsAllowed": null,
        "NumBondsActive": 0,
        "NumBondsInCart": 0,
        "NumBondsExpired": 0,
        "NumBondsProcessing": 0,
        "NumBondsUnsubmitted": 0,
        "TotalValueBondsRemainingMax": 0.0,
        "TotalValueBondsRemaining": 0.0,
        "NumBondsRemaining": null
    },
    {
        "FacilityID": "200911-0005",
        "CanIssueNewBonds": true,
        "TotalValueBondsAllowed": 0.00,
        "TotalValueBondsActive": 0.0,
        "TotalValueBondsInCart": 0.0,
        "TotalValueBondsExpired": 0.0,
        "TotalValueBondsProcessing": 0.0,
        "TotalValueBondsUnsubmitted": 0.0,
        "NumBondsAllowed": null,
        "NumBondsActive": 0,
        "NumBondsInCart": 0,
        "NumBondsExpired": 0,
        "NumBondsProcessing": 0,
        "NumBondsUnsubmitted": 0,
        "TotalValueBondsRemainingMax": 0.0,
        "TotalValueBondsRemaining": 0.0,
        "NumBondsRemaining": null
    },
    {
        "FacilityID": "200911-0006",
        "CanIssueNewBonds": false,
        "TotalValueBondsAllowed": 10000000.00,
        "TotalValueBondsActive": 0.0,
        "TotalValueBondsInCart": 0.0,
        "TotalValueBondsExpired": 0.0,
        "TotalValueBondsProcessing": 0.0,
        "TotalValueBondsUnsubmitted": 0.0,
        "NumBondsAllowed": null,
        "NumBondsActive": 0,
        "NumBondsInCart": 0,
        "NumBondsExpired": 0,
        "NumBondsProcessing": 0,
        "NumBondsUnsubmitted": 0,
        "TotalValueBondsRemainingMax": 0.0,
        "TotalValueBondsRemaining": 0.0,
        "NumBondsRemaining": null
    },
    {
        "FacilityID": "200911-0007",
        "CanIssueNewBonds": true,
        "TotalValueBondsAllowed": 7000000.00,
        "TotalValueBondsActive": 3986001.63,
        "TotalValueBondsInCart": 1248345.11,
        "TotalValueBondsExpired": 2137642.70,
        "TotalValueBondsProcessing": 435878.11,
        "TotalValueBondsUnsubmitted": 812467.00,
        "NumBondsAllowed": null,
        "NumBondsActive": 21,
        "NumBondsInCart": 16,
        "NumBondsExpired": 12,
        "NumBondsProcessing": 9,
        "NumBondsUnsubmitted": 7,
        "TotalValueBondsRemainingMax": 1765653.26,
        "TotalValueBondsRemaining": 1765653.26,
        "NumBondsRemaining": null
    },
    {
        "FacilityID": "200911-0008",
        "CanIssueNewBonds": false,
        "TotalValueBondsAllowed": 0.00,
        "TotalValueBondsActive": 0.0,
        "TotalValueBondsInCart": 0.0,
        "TotalValueBondsExpired": 0.0,
        "TotalValueBondsProcessing": 0.0,
        "TotalValueBondsUnsubmitted": 0.0,
        "NumBondsAllowed": null,
        "NumBondsActive": 0,
        "NumBondsInCart": 0,
        "NumBondsExpired": 0,
        "NumBondsProcessing": 0,
        "NumBondsUnsubmitted": 0,
        "TotalValueBondsRemainingMax": 0.0,
        "TotalValueBondsRemaining": 0.0,
        "NumBondsRemaining": null
    },
    {
        "FacilityID": "200911-0009",
        "CanIssueNewBonds": false,
        "TotalValueBondsAllowed": 0.00,
        "TotalValueBondsActive": 0.0,
        "TotalValueBondsInCart": 0.0,
        "TotalValueBondsExpired": 0.0,
        "TotalValueBondsProcessing": 0.0,
        "TotalValueBondsUnsubmitted": 0.0,
        "NumBondsAllowed": null,
        "NumBondsActive": 0,
        "NumBondsInCart": 0,
        "NumBondsExpired": 0,
        "NumBondsProcessing": 0,
        "NumBondsUnsubmitted": 0,
        "TotalValueBondsRemainingMax": 0.0,
        "TotalValueBondsRemaining": 0.0,
        "NumBondsRemaining": null
    },
    {
        "FacilityID": "200911-0010",
        "CanIssueNewBonds": true,
        "TotalValueBondsAllowed": 20000000.00,
        "TotalValueBondsActive": 0.0,
        "TotalValueBondsInCart": 0.0,
        "TotalValueBondsExpired": 0.0,
        "TotalValueBondsProcessing": 0.0,
        "TotalValueBondsUnsubmitted": 0.0,
        "NumBondsAllowed": null,
        "NumBondsActive": 0,
        "NumBondsInCart": 0,
        "NumBondsExpired": 0,
        "NumBondsProcessing": 0,
        "NumBondsUnsubmitted": 0,
        "TotalValueBondsRemainingMax": 20000000.00,
        "TotalValueBondsRemaining": 20000000.00,
        "NumBondsRemaining": null
    },
    {
        "FacilityID": "200911-0011",
        "CanIssueNewBonds": true,
        "TotalValueBondsAllowed": 0.00,
        "TotalValueBondsActive": 0.0,
        "TotalValueBondsInCart": 0.0,
        "TotalValueBondsExpired": 0.0,
        "TotalValueBondsProcessing": 0.0,
        "TotalValueBondsUnsubmitted": 0.0,
        "NumBondsAllowed": null,
        "NumBondsActive": 0,
        "NumBondsInCart": 0,
        "NumBondsExpired": 0,
        "NumBondsProcessing": 0,
        "NumBondsUnsubmitted": 0,
        "TotalValueBondsRemainingMax": 0.0,
        "TotalValueBondsRemaining": 0.0,
        "NumBondsRemaining": null
    },
    {
        "FacilityID": "200912-0001",
        "CanIssueNewBonds": true,
        "TotalValueBondsAllowed": 110000000.00,
        "TotalValueBondsActive": 0.0,
        "TotalValueBondsInCart": 0.0,
        "TotalValueBondsExpired": 0.0,
        "TotalValueBondsProcessing": 0.0,
        "TotalValueBondsUnsubmitted": 0.0,
        "NumBondsAllowed": null,
        "NumBondsActive": 0,
        "NumBondsInCart": 0,
        "NumBondsExpired": 0,
        "NumBondsProcessing": 0,
        "NumBondsUnsubmitted": 0,
        "TotalValueBondsRemainingMax": 110000000.00,
        "TotalValueBondsRemaining": 110000000.00,
        "NumBondsRemaining": null
    },
    {
        "FacilityID": "201001-0001",
        "CanIssueNewBonds": false,
        "TotalValueBondsAllowed": 0.00,
        "TotalValueBondsActive": 0.0,
        "TotalValueBondsInCart": 0.0,
        "TotalValueBondsExpired": 0.0,
        "TotalValueBondsProcessing": 0.0,
        "TotalValueBondsUnsubmitted": 0.0,
        "NumBondsAllowed": null,
        "NumBondsActive": 0,
        "NumBondsInCart": 0,
        "NumBondsExpired": 0,
        "NumBondsProcessing": 0,
        "NumBondsUnsubmitted": 0,
        "TotalValueBondsRemainingMax": 0.0,
        "TotalValueBondsRemaining": 0.0,
        "NumBondsRemaining": null
    },
    {
        "FacilityID": "201001-0002",
        "CanIssueNewBonds": false,
        "TotalValueBondsAllowed": 5256716.77,
        "TotalValueBondsActive": 0.0,
        "TotalValueBondsInCart": 0.0,
        "TotalValueBondsExpired": 0.0,
        "TotalValueBondsProcessing": 0.0,
        "TotalValueBondsUnsubmitted": 0.0,
        "NumBondsAllowed": null,
        "NumBondsActive": 0,
        "NumBondsInCart": 0,
        "NumBondsExpired": 0,
        "NumBondsProcessing": 0,
        "NumBondsUnsubmitted": 0,
        "TotalValueBondsRemainingMax": 0.0,
        "TotalValueBondsRemaining": 0.0,
        "NumBondsRemaining": null
    },
    {
        "FacilityID": "201001-0003",
        "CanIssueNewBonds": true,
        "TotalValueBondsAllowed": 554793.81,
        "TotalValueBondsActive": 0.0,
        "TotalValueBondsInCart": 0.0,
        "TotalValueBondsExpired": 0.0,
        "TotalValueBondsProcessing": 0.0,
        "TotalValueBondsUnsubmitted": 0.0,
        "NumBondsAllowed": null,
        "NumBondsActive": 0,
        "NumBondsInCart": 0,
        "NumBondsExpired": 0,
        "NumBondsProcessing": 0,
        "NumBondsUnsubmitted": 0,
        "TotalValueBondsRemainingMax": 554793.81,
        "TotalValueBondsRemaining": 554793.81,
        "NumBondsRemaining": null
    },
    {
        "FacilityID": "201001-0004",
        "CanIssueNewBonds": true,
        "TotalValueBondsAllowed": 200000000.00,
        "TotalValueBondsActive": 0.0,
        "TotalValueBondsInCart": 0.0,
        "TotalValueBondsExpired": 0.0,
        "TotalValueBondsProcessing": 0.0,
        "TotalValueBondsUnsubmitted": 0.0,
        "NumBondsAllowed": null,
        "NumBondsActive": 0,
        "NumBondsInCart": 0,
        "NumBondsExpired": 0,
        "NumBondsProcessing": 0,
        "NumBondsUnsubmitted": 0,
        "TotalValueBondsRemainingMax": 200000000.00,
        "TotalValueBondsRemaining": 200000000.00,
        "NumBondsRemaining": null
    },
    {
        "FacilityID": "201002-0001",
        "CanIssueNewBonds": false,
        "TotalValueBondsAllowed": 4000000.00,
        "TotalValueBondsActive": 0.0,
        "TotalValueBondsInCart": 0.0,
        "TotalValueBondsExpired": 0.0,
        "TotalValueBondsProcessing": 0.0,
        "TotalValueBondsUnsubmitted": 0.0,
        "NumBondsAllowed": null,
        "NumBondsActive": 0,
        "NumBondsInCart": 0,
        "NumBondsExpired": 0,
        "NumBondsProcessing": 0,
        "NumBondsUnsubmitted": 0,
        "TotalValueBondsRemainingMax": 0.0,
        "TotalValueBondsRemaining": 0.0,
        "NumBondsRemaining": null
    },
    {
        "FacilityID": "201003-0001",
        "CanIssueNewBonds": false,
        "TotalValueBondsAllowed": 2000000.00,
        "TotalValueBondsActive": 0.0,
        "TotalValueBondsInCart": 0.0,
        "TotalValueBondsExpired": 0.0,
        "TotalValueBondsProcessing": 0.0,
        "TotalValueBondsUnsubmitted": 0.0,
        "NumBondsAllowed": null,
        "NumBondsActive": 0,
        "NumBondsInCart": 0,
        "NumBondsExpired": 0,
        "NumBondsProcessing": 0,
        "NumBondsUnsubmitted": 0,
        "TotalValueBondsRemainingMax": 0.0,
        "TotalValueBondsRemaining": 0.0,
        "NumBondsRemaining": null
    },
    {
        "FacilityID": "201003-0002",
        "CanIssueNewBonds": false,
        "TotalValueBondsAllowed": 2500000.00,
        "TotalValueBondsActive": 2918340.89,
        "TotalValueBondsInCart": 0.0,
        "TotalValueBondsExpired": 1393793.00,
        "TotalValueBondsProcessing": 0.0,
        "TotalValueBondsUnsubmitted": 0.0,
        "NumBondsAllowed": null,
        "NumBondsActive": 6,
        "NumBondsInCart": 0,
        "NumBondsExpired": 4,
        "NumBondsProcessing": 0,
        "NumBondsUnsubmitted": 0,
        "TotalValueBondsRemainingMax": 0.0,
        "TotalValueBondsRemaining": 0.0,
        "NumBondsRemaining": null
    },
    {
        "FacilityID": "201003-0003",
        "CanIssueNewBonds": true,
        "TotalValueBondsAllowed": 9000000.00,
        "TotalValueBondsActive": 1361847.00,
        "TotalValueBondsInCart": 0.0,
        "TotalValueBondsExpired": 1361847.00,
        "TotalValueBondsProcessing": 0.0,
        "TotalValueBondsUnsubmitted": 0.0,
        "NumBondsAllowed": null,
        "NumBondsActive": 3,
        "NumBondsInCart": 0,
        "NumBondsExpired": 3,
        "NumBondsProcessing": 0,
        "NumBondsUnsubmitted": 0,
        "TotalValueBondsRemainingMax": 7638153.00,
        "TotalValueBondsRemaining": 7638153.00,
        "NumBondsRemaining": null
    },
    {
        "FacilityID": "201003-0004",
        "CanIssueNewBonds": true,
        "TotalValueBondsAllowed": 10627892.15,
        "TotalValueBondsActive": 0.0,
        "TotalValueBondsInCart": 0.0,
        "TotalValueBondsExpired": 0.0,
        "TotalValueBondsProcessing": 0.0,
        "TotalValueBondsUnsubmitted": 0.0,
        "NumBondsAllowed": null,
        "NumBondsActive": 0,
        "NumBondsInCart": 0,
        "NumBondsExpired": 0,
        "NumBondsProcessing": 0,
        "NumBondsUnsubmitted": 0,
        "TotalValueBondsRemainingMax": 10627892.15,
        "TotalValueBondsRemaining": 10627892.15,
        "NumBondsRemaining": null
    },
    {
        "FacilityID": "201003-0005",
        "CanIssueNewBonds": true,
        "TotalValueBondsAllowed": 24000000.00,
        "TotalValueBondsActive": 0.0,
        "TotalValueBondsInCart": 0.0,
        "TotalValueBondsExpired": 0.0,
        "TotalValueBondsProcessing": 0.0,
        "TotalValueBondsUnsubmitted": 0.0,
        "NumBondsAllowed": null,
        "NumBondsActive": 0,
        "NumBondsInCart": 0,
        "NumBondsExpired": 0,
        "NumBondsProcessing": 0,
        "NumBondsUnsubmitted": 0,
        "TotalValueBondsRemainingMax": 24000000.00,
        "TotalValueBondsRemaining": 24000000.00,
        "NumBondsRemaining": null
    },
    {
        "FacilityID": "201004-0001",
        "CanIssueNewBonds": false,
        "TotalValueBondsAllowed": 0.00,
        "TotalValueBondsActive": 0.0,
        "TotalValueBondsInCart": 0.0,
        "TotalValueBondsExpired": 0.0,
        "TotalValueBondsProcessing": 0.0,
        "TotalValueBondsUnsubmitted": 0.0,
        "NumBondsAllowed": null,
        "NumBondsActive": 0,
        "NumBondsInCart": 0,
        "NumBondsExpired": 0,
        "NumBondsProcessing": 0,
        "NumBondsUnsubmitted": 0,
        "TotalValueBondsRemainingMax": 0.0,
        "TotalValueBondsRemaining": 0.0,
        "NumBondsRemaining": null
    },
    {
        "FacilityID": "201004-0002",
        "CanIssueNewBonds": false,
        "TotalValueBondsAllowed": 69880.00,
        "TotalValueBondsActive": 0.0,
        "TotalValueBondsInCart": 0.0,
        "TotalValueBondsExpired": 0.0,
        "TotalValueBondsProcessing": 0.0,
        "TotalValueBondsUnsubmitted": 0.0,
        "NumBondsAllowed": null,
        "NumBondsActive": 0,
        "NumBondsInCart": 0,
        "NumBondsExpired": 0,
        "NumBondsProcessing": 0,
        "NumBondsUnsubmitted": 0,
        "TotalValueBondsRemainingMax": 0.0,
        "TotalValueBondsRemaining": 0.0,
        "NumBondsRemaining": null
    },
    {
        "FacilityID": "201005-0001",
        "CanIssueNewBonds": true,
        "TotalValueBondsAllowed": 20000000.00,
        "TotalValueBondsActive": 11408929.18,
        "TotalValueBondsInCart": 0.0,
        "TotalValueBondsExpired": 8943181.34,
        "TotalValueBondsProcessing": 0.0,
        "TotalValueBondsUnsubmitted": 0.0,
        "NumBondsAllowed": null,
        "NumBondsActive": 148,
        "NumBondsInCart": 0,
        "NumBondsExpired": 115,
        "NumBondsProcessing": 0,
        "NumBondsUnsubmitted": 0,
        "TotalValueBondsRemainingMax": 8591070.82,
        "TotalValueBondsRemaining": 8591070.82,
        "NumBondsRemaining": null
    },
    {
        "FacilityID": "201005-0002",
        "CanIssueNewBonds": false,
        "TotalValueBondsAllowed": 0.00,
        "TotalValueBondsActive": 0.0,
        "TotalValueBondsInCart": 0.0,
        "TotalValueBondsExpired": 0.0,
        "TotalValueBondsProcessing": 0.0,
        "TotalValueBondsUnsubmitted": 0.0,
        "NumBondsAllowed": null,
        "NumBondsActive": 0,
        "NumBondsInCart": 0,
        "NumBondsExpired": 0,
        "NumBondsProcessing": 0,
        "NumBondsUnsubmitted": 0,
        "TotalValueBondsRemainingMax": 0.0,
        "TotalValueBondsRemaining": 0.0,
        "NumBondsRemaining": null
    },
    {
        "FacilityID": "201005-0003",
        "CanIssueNewBonds": false,
        "TotalValueBondsAllowed": 0.00,
        "TotalValueBondsActive": 0.0,
        "TotalValueBondsInCart": 0.0,
        "TotalValueBondsExpired": 0.0,
        "TotalValueBondsProcessing": 0.0,
        "TotalValueBondsUnsubmitted": 0.0,
        "NumBondsAllowed": null,
        "NumBondsActive": 0,
        "NumBondsInCart": 0,
        "NumBondsExpired": 0,
        "NumBondsProcessing": 0,
        "NumBondsUnsubmitted": 0,
        "TotalValueBondsRemainingMax": 0.0,
        "TotalValueBondsRemaining": 0.0,
        "NumBondsRemaining": null
    },
    {
        "FacilityID": "201006-0001",
        "CanIssueNewBonds": true,
        "TotalValueBondsAllowed": 520372.24,
        "TotalValueBondsActive": 0.0,
        "TotalValueBondsInCart": 0.0,
        "TotalValueBondsExpired": 0.0,
        "TotalValueBondsProcessing": 0.0,
        "TotalValueBondsUnsubmitted": 0.0,
        "NumBondsAllowed": null,
        "NumBondsActive": 0,
        "NumBondsInCart": 0,
        "NumBondsExpired": 0,
        "NumBondsProcessing": 0,
        "NumBondsUnsubmitted": 0,
        "TotalValueBondsRemainingMax": 520372.24,
        "TotalValueBondsRemaining": 520372.24,
        "NumBondsRemaining": null
    },
    {
        "FacilityID": "201006-0002",
        "CanIssueNewBonds": false,
        "TotalValueBondsAllowed": 0.00,
        "TotalValueBondsActive": 0.0,
        "TotalValueBondsInCart": 0.0,
        "TotalValueBondsExpired": 0.0,
        "TotalValueBondsProcessing": 0.0,
        "TotalValueBondsUnsubmitted": 0.0,
        "NumBondsAllowed": null,
        "NumBondsActive": 0,
        "NumBondsInCart": 0,
        "NumBondsExpired": 0,
        "NumBondsProcessing": 0,
        "NumBondsUnsubmitted": 0,
        "TotalValueBondsRemainingMax": 0.0,
        "TotalValueBondsRemaining": 0.0,
        "NumBondsRemaining": null
    },
    {
        "FacilityID": "201006-0003",
        "CanIssueNewBonds": false,
        "TotalValueBondsAllowed": 2000000.00,
        "TotalValueBondsActive": 0.0,
        "TotalValueBondsInCart": 0.0,
        "TotalValueBondsExpired": 0.0,
        "TotalValueBondsProcessing": 0.0,
        "TotalValueBondsUnsubmitted": 0.0,
        "NumBondsAllowed": null,
        "NumBondsActive": 0,
        "NumBondsInCart": 0,
        "NumBondsExpired": 0,
        "NumBondsProcessing": 0,
        "NumBondsUnsubmitted": 0,
        "TotalValueBondsRemainingMax": 0.0,
        "TotalValueBondsRemaining": 0.0,
        "NumBondsRemaining": null
    },
    {
        "FacilityID": "201007-0001",
        "CanIssueNewBonds": true,
        "TotalValueBondsAllowed": 35000000.00,
        "TotalValueBondsActive": 10089595.65,
        "TotalValueBondsInCart": 0.0,
        "TotalValueBondsExpired": 8257019.57,
        "TotalValueBondsProcessing": 0.0,
        "TotalValueBondsUnsubmitted": 0.0,
        "NumBondsAllowed": null,
        "NumBondsActive": 76,
        "NumBondsInCart": 0,
        "NumBondsExpired": 53,
        "NumBondsProcessing": 0,
        "NumBondsUnsubmitted": 0,
        "TotalValueBondsRemainingMax": 24910404.35,
        "TotalValueBondsRemaining": 24910404.35,
        "NumBondsRemaining": null
    },
    {
        "FacilityID": "201007-0002",
        "CanIssueNewBonds": true,
        "TotalValueBondsAllowed": 70801752.31,
        "TotalValueBondsActive": 0.0,
        "TotalValueBondsInCart": 0.0,
        "TotalValueBondsExpired": 0.0,
        "TotalValueBondsProcessing": 0.0,
        "TotalValueBondsUnsubmitted": 0.0,
        "NumBondsAllowed": null,
        "NumBondsActive": 0,
        "NumBondsInCart": 0,
        "NumBondsExpired": 0,
        "NumBondsProcessing": 0,
        "NumBondsUnsubmitted": 0,
        "TotalValueBondsRemainingMax": 70801752.31,
        "TotalValueBondsRemaining": 70801752.31,
        "NumBondsRemaining": null
    },
    {
        "FacilityID": "201007-0003",
        "CanIssueNewBonds": false,
        "TotalValueBondsAllowed": 20000000.00,
        "TotalValueBondsActive": 0.0,
        "TotalValueBondsInCart": 0.0,
        "TotalValueBondsExpired": 0.0,
        "TotalValueBondsProcessing": 0.0,
        "TotalValueBondsUnsubmitted": 0.0,
        "NumBondsAllowed": null,
        "NumBondsActive": 0,
        "NumBondsInCart": 0,
        "NumBondsExpired": 0,
        "NumBondsProcessing": 0,
        "NumBondsUnsubmitted": 0,
        "TotalValueBondsRemainingMax": 0.0,
        "TotalValueBondsRemaining": 0.0,
        "NumBondsRemaining": null
    },
    {
        "FacilityID": "201007-0004",
        "CanIssueNewBonds": true,
        "TotalValueBondsAllowed": 10000000.00,
        "TotalValueBondsActive": 0.0,
        "TotalValueBondsInCart": 0.0,
        "TotalValueBondsExpired": 0.0,
        "TotalValueBondsProcessing": 0.0,
        "TotalValueBondsUnsubmitted": 0.0,
        "NumBondsAllowed": null,
        "NumBondsActive": 0,
        "NumBondsInCart": 0,
        "NumBondsExpired": 0,
        "NumBondsProcessing": 0,
        "NumBondsUnsubmitted": 0,
        "TotalValueBondsRemainingMax": 10000000.00,
        "TotalValueBondsRemaining": 10000000.00,
        "NumBondsRemaining": null
    },
    {
        "FacilityID": "201007-0005",
        "CanIssueNewBonds": false,
        "TotalValueBondsAllowed": 0.00,
        "TotalValueBondsActive": 0.0,
        "TotalValueBondsInCart": 0.0,
        "TotalValueBondsExpired": 0.0,
        "TotalValueBondsProcessing": 0.0,
        "TotalValueBondsUnsubmitted": 0.0,
        "NumBondsAllowed": null,
        "NumBondsActive": 0,
        "NumBondsInCart": 0,
        "NumBondsExpired": 0,
        "NumBondsProcessing": 0,
        "NumBondsUnsubmitted": 0,
        "TotalValueBondsRemainingMax": 0.0,
        "TotalValueBondsRemaining": 0.0,
        "NumBondsRemaining": null
    },
    {
        "FacilityID": "201008-0001",
        "CanIssueNewBonds": false,
        "TotalValueBondsAllowed": 20000000.00,
        "TotalValueBondsActive": 0.0,
        "TotalValueBondsInCart": 0.0,
        "TotalValueBondsExpired": 0.0,
        "TotalValueBondsProcessing": 0.0,
        "TotalValueBondsUnsubmitted": 0.0,
        "NumBondsAllowed": null,
        "NumBondsActive": 0,
        "NumBondsInCart": 0,
        "NumBondsExpired": 0,
        "NumBondsProcessing": 0,
        "NumBondsUnsubmitted": 0,
        "TotalValueBondsRemainingMax": 0.0,
        "TotalValueBondsRemaining": 0.0,
        "NumBondsRemaining": null
    },
    {
        "FacilityID": "201008-0002",
        "CanIssueNewBonds": false,
        "TotalValueBondsAllowed": 0.00,
        "TotalValueBondsActive": 0.0,
        "TotalValueBondsInCart": 0.0,
        "TotalValueBondsExpired": 0.0,
        "TotalValueBondsProcessing": 0.0,
        "TotalValueBondsUnsubmitted": 0.0,
        "NumBondsAllowed": null,
        "NumBondsActive": 0,
        "NumBondsInCart": 0,
        "NumBondsExpired": 0,
        "NumBondsProcessing": 0,
        "NumBondsUnsubmitted": 0,
        "TotalValueBondsRemainingMax": 0.0,
        "TotalValueBondsRemaining": 0.0,
        "NumBondsRemaining": null
    },
    {
        "FacilityID": "201009-0001",
        "CanIssueNewBonds": true,
        "TotalValueBondsAllowed": 50000000.00,
        "TotalValueBondsActive": 27606920.54,
        "TotalValueBondsInCart": 15969998.00,
        "TotalValueBondsExpired": 20403142.22,
        "TotalValueBondsProcessing": 22181042.77,
        "TotalValueBondsUnsubmitted": 6144.00,
        "NumBondsAllowed": null,
        "NumBondsActive": 80,
        "NumBondsInCart": 42,
        "NumBondsExpired": 67,
        "NumBondsProcessing": 41,
        "NumBondsUnsubmitted": 8,
        "TotalValueBondsRemainingMax": 6423081.46,
        "TotalValueBondsRemaining": 6423081.46,
        "NumBondsRemaining": null
    },
    {
        "FacilityID": "201009-0002",
        "CanIssueNewBonds": false,
        "TotalValueBondsAllowed": 15000000.00,
        "TotalValueBondsActive": 0.0,
        "TotalValueBondsInCart": 0.0,
        "TotalValueBondsExpired": 0.0,
        "TotalValueBondsProcessing": 0.0,
        "TotalValueBondsUnsubmitted": 0.0,
        "NumBondsAllowed": null,
        "NumBondsActive": 0,
        "NumBondsInCart": 0,
        "NumBondsExpired": 0,
        "NumBondsProcessing": 0,
        "NumBondsUnsubmitted": 0,
        "TotalValueBondsRemainingMax": 0.0,
        "TotalValueBondsRemaining": 0.0,
        "NumBondsRemaining": null
    },
    {
        "FacilityID": "201009-0003",
        "CanIssueNewBonds": true,
        "TotalValueBondsAllowed": 5000000.00,
        "TotalValueBondsActive": 4112332.02,
        "TotalValueBondsInCart": 0.0,
        "TotalValueBondsExpired": 4112332.02,
        "TotalValueBondsProcessing": 0.0,
        "TotalValueBondsUnsubmitted": 0.0,
        "NumBondsAllowed": null,
        "NumBondsActive": 5,
        "NumBondsInCart": 0,
        "NumBondsExpired": 5,
        "NumBondsProcessing": 0,
        "NumBondsUnsubmitted": 0,
        "TotalValueBondsRemainingMax": 887667.98,
        "TotalValueBondsRemaining": 887667.98,
        "NumBondsRemaining": null
    },
    {
        "FacilityID": "201009-0004",
        "CanIssueNewBonds": false,
        "TotalValueBondsAllowed": 0.00,
        "TotalValueBondsActive": 0.0,
        "TotalValueBondsInCart": 0.0,
        "TotalValueBondsExpired": 0.0,
        "TotalValueBondsProcessing": 0.0,
        "TotalValueBondsUnsubmitted": 0.0,
        "NumBondsAllowed": null,
        "NumBondsActive": 0,
        "NumBondsInCart": 0,
        "NumBondsExpired": 0,
        "NumBondsProcessing": 0,
        "NumBondsUnsubmitted": 0,
        "TotalValueBondsRemainingMax": 0.0,
        "TotalValueBondsRemaining": 0.0,
        "NumBondsRemaining": null
    },
    {
        "FacilityID": "201010-0001",
        "CanIssueNewBonds": true,
        "TotalValueBondsAllowed": 7000000.00,
        "TotalValueBondsActive": 4699102.56,
        "TotalValueBondsInCart": 0.0,
        "TotalValueBondsExpired": 4072422.79,
        "TotalValueBondsProcessing": 0.0,
        "TotalValueBondsUnsubmitted": 0.0,
        "NumBondsAllowed": null,
        "NumBondsActive": 24,
        "NumBondsInCart": 0,
        "NumBondsExpired": 17,
        "NumBondsProcessing": 0,
        "NumBondsUnsubmitted": 0,
        "TotalValueBondsRemainingMax": 2300897.44,
        "TotalValueBondsRemaining": 2300897.44,
        "NumBondsRemaining": null
    },
    {
        "FacilityID": "201010-0002",
        "CanIssueNewBonds": false,
        "TotalValueBondsAllowed": 0.00,
        "TotalValueBondsActive": 0.0,
        "TotalValueBondsInCart": 0.0,
        "TotalValueBondsExpired": 0.0,
        "TotalValueBondsProcessing": 0.0,
        "TotalValueBondsUnsubmitted": 0.0,
        "NumBondsAllowed": null,
        "NumBondsActive": 0,
        "NumBondsInCart": 0,
        "NumBondsExpired": 0,
        "NumBondsProcessing": 0,
        "NumBondsUnsubmitted": 0,
        "TotalValueBondsRemainingMax": 0.0,
        "TotalValueBondsRemaining": 0.0,
        "NumBondsRemaining": null
    },
    {
        "FacilityID": "201011-0001",
        "CanIssueNewBonds": false,
        "TotalValueBondsAllowed": 0.00,
        "TotalValueBondsActive": 0.0,
        "TotalValueBondsInCart": 0.0,
        "TotalValueBondsExpired": 0.0,
        "TotalValueBondsProcessing": 0.0,
        "TotalValueBondsUnsubmitted": 0.0,
        "NumBondsAllowed": null,
        "NumBondsActive": 0,
        "NumBondsInCart": 0,
        "NumBondsExpired": 0,
        "NumBondsProcessing": 0,
        "NumBondsUnsubmitted": 0,
        "TotalValueBondsRemainingMax": 0.0,
        "TotalValueBondsRemaining": 0.0,
        "NumBondsRemaining": null
    },
    {
        "FacilityID": "201011-0002",
        "CanIssueNewBonds": false,
        "TotalValueBondsAllowed": 0.00,
        "TotalValueBondsActive": 0.0,
        "TotalValueBondsInCart": 0.0,
        "TotalValueBondsExpired": 0.0,
        "TotalValueBondsProcessing": 0.0,
        "TotalValueBondsUnsubmitted": 0.0,
        "NumBondsAllowed": null,
        "NumBondsActive": 0,
        "NumBondsInCart": 0,
        "NumBondsExpired": 0,
        "NumBondsProcessing": 0,
        "NumBondsUnsubmitted": 0,
        "TotalValueBondsRemainingMax": 0.0,
        "TotalValueBondsRemaining": 0.0,
        "NumBondsRemaining": null
    },
    {
        "FacilityID": "201012-0001",
        "CanIssueNewBonds": false,
        "TotalValueBondsAllowed": 0.00,
        "TotalValueBondsActive": 0.0,
        "TotalValueBondsInCart": 0.0,
        "TotalValueBondsExpired": 0.0,
        "TotalValueBondsProcessing": 0.0,
        "TotalValueBondsUnsubmitted": 0.0,
        "NumBondsAllowed": null,
        "NumBondsActive": 0,
        "NumBondsInCart": 0,
        "NumBondsExpired": 0,
        "NumBondsProcessing": 0,
        "NumBondsUnsubmitted": 0,
        "TotalValueBondsRemainingMax": 0.0,
        "TotalValueBondsRemaining": 0.0,
        "NumBondsRemaining": null
    },
    {
        "FacilityID": "201012-0002",
        "CanIssueNewBonds": true,
        "TotalValueBondsAllowed": 125000000.00,
        "TotalValueBondsActive": 54326256.35,
        "TotalValueBondsInCart": 10807705.00,
        "TotalValueBondsExpired": 0.0,
        "TotalValueBondsProcessing": 1911564.00,
        "TotalValueBondsUnsubmitted": 8896141.00,
        "NumBondsAllowed": null,
        "NumBondsActive": 34,
        "NumBondsInCart": 17,
        "NumBondsExpired": 0,
        "NumBondsProcessing": 6,
        "NumBondsUnsubmitted": 11,
        "TotalValueBondsRemainingMax": 59866038.65,
        "TotalValueBondsRemaining": 59866038.65,
        "NumBondsRemaining": null
    },
    {
        "FacilityID": "201012-0003",
        "CanIssueNewBonds": false,
        "TotalValueBondsAllowed": 127503.43,
        "TotalValueBondsActive": 127503.43,
        "TotalValueBondsInCart": 0.0,
        "TotalValueBondsExpired": 127503.43,
        "TotalValueBondsProcessing": 0.0,
        "TotalValueBondsUnsubmitted": 0.0,
        "NumBondsAllowed": null,
        "NumBondsActive": 1,
        "NumBondsInCart": 0,
        "NumBondsExpired": 1,
        "NumBondsProcessing": 0,
        "NumBondsUnsubmitted": 0,
        "TotalValueBondsRemainingMax": 0.0,
        "TotalValueBondsRemaining": 0.0,
        "NumBondsRemaining": null
    },
    {
        "FacilityID": "201012-0004",
        "CanIssueNewBonds": true,
        "TotalValueBondsAllowed": 5000000.00,
        "TotalValueBondsActive": 2080639.11,
        "TotalValueBondsInCart": 0.0,
        "TotalValueBondsExpired": 1927250.23,
        "TotalValueBondsProcessing": 0.0,
        "TotalValueBondsUnsubmitted": 0.0,
        "NumBondsAllowed": null,
        "NumBondsActive": 44,
        "NumBondsInCart": 0,
        "NumBondsExpired": 33,
        "NumBondsProcessing": 0,
        "NumBondsUnsubmitted": 0,
        "TotalValueBondsRemainingMax": 2919360.89,
        "TotalValueBondsRemaining": 2919360.89,
        "NumBondsRemaining": null
    },
    {
        "FacilityID": "201012-0005",
        "CanIssueNewBonds": false,
        "TotalValueBondsAllowed": 0.00,
        "TotalValueBondsActive": 0.0,
        "TotalValueBondsInCart": 0.0,
        "TotalValueBondsExpired": 0.0,
        "TotalValueBondsProcessing": 0.0,
        "TotalValueBondsUnsubmitted": 0.0,
        "NumBondsAllowed": null,
        "NumBondsActive": 0,
        "NumBondsInCart": 0,
        "NumBondsExpired": 0,
        "NumBondsProcessing": 0,
        "NumBondsUnsubmitted": 0,
        "TotalValueBondsRemainingMax": 0.0,
        "TotalValueBondsRemaining": 0.0,
        "NumBondsRemaining": null
    },
    {
        "FacilityID": "201103-0001",
        "CanIssueNewBonds": false,
        "TotalValueBondsAllowed": 0.00,
        "TotalValueBondsActive": 0.0,
        "TotalValueBondsInCart": 0.0,
        "TotalValueBondsExpired": 0.0,
        "TotalValueBondsProcessing": 0.0,
        "TotalValueBondsUnsubmitted": 0.0,
        "NumBondsAllowed": null,
        "NumBondsActive": 0,
        "NumBondsInCart": 0,
        "NumBondsExpired": 0,
        "NumBondsProcessing": 0,
        "NumBondsUnsubmitted": 0,
        "TotalValueBondsRemainingMax": 0.0,
        "TotalValueBondsRemaining": 0.0,
        "NumBondsRemaining": null
    },
    {
        "FacilityID": "201103-0002",
        "CanIssueNewBonds": true,
        "TotalValueBondsAllowed": 5000000.00,
        "TotalValueBondsActive": 0.0,
        "TotalValueBondsInCart": 0.0,
        "TotalValueBondsExpired": 0.0,
        "TotalValueBondsProcessing": 0.0,
        "TotalValueBondsUnsubmitted": 0.0,
        "NumBondsAllowed": null,
        "NumBondsActive": 0,
        "NumBondsInCart": 0,
        "NumBondsExpired": 0,
        "NumBondsProcessing": 0,
        "NumBondsUnsubmitted": 0,
        "TotalValueBondsRemainingMax": 5000000.00,
        "TotalValueBondsRemaining": 5000000.00,
        "NumBondsRemaining": null
    },
    {
        "FacilityID": "201103-0003",
        "CanIssueNewBonds": false,
        "TotalValueBondsAllowed": 0.00,
        "TotalValueBondsActive": 0.0,
        "TotalValueBondsInCart": 0.0,
        "TotalValueBondsExpired": 0.0,
        "TotalValueBondsProcessing": 0.0,
        "TotalValueBondsUnsubmitted": 0.0,
        "NumBondsAllowed": null,
        "NumBondsActive": 0,
        "NumBondsInCart": 0,
        "NumBondsExpired": 0,
        "NumBondsProcessing": 0,
        "NumBondsUnsubmitted": 0,
        "TotalValueBondsRemainingMax": 0.0,
        "TotalValueBondsRemaining": 0.0,
        "NumBondsRemaining": null
    },
    {
        "FacilityID": "201104-0001",
        "CanIssueNewBonds": false,
        "TotalValueBondsAllowed": 0.00,
        "TotalValueBondsActive": 0.0,
        "TotalValueBondsInCart": 0.0,
        "TotalValueBondsExpired": 0.0,
        "TotalValueBondsProcessing": 0.0,
        "TotalValueBondsUnsubmitted": 0.0,
        "NumBondsAllowed": null,
        "NumBondsActive": 0,
        "NumBondsInCart": 0,
        "NumBondsExpired": 0,
        "NumBondsProcessing": 0,
        "NumBondsUnsubmitted": 0,
        "TotalValueBondsRemainingMax": 0.0,
        "TotalValueBondsRemaining": 0.0,
        "NumBondsRemaining": null
    },
    {
        "FacilityID": "201105-0001",
        "CanIssueNewBonds": false,
        "TotalValueBondsAllowed": 0.00,
        "TotalValueBondsActive": 0.0,
        "TotalValueBondsInCart": 0.0,
        "TotalValueBondsExpired": 0.0,
        "TotalValueBondsProcessing": 0.0,
        "TotalValueBondsUnsubmitted": 0.0,
        "NumBondsAllowed": null,
        "NumBondsActive": 0,
        "NumBondsInCart": 0,
        "NumBondsExpired": 0,
        "NumBondsProcessing": 0,
        "NumBondsUnsubmitted": 0,
        "TotalValueBondsRemainingMax": 0.0,
        "TotalValueBondsRemaining": 0.0,
        "NumBondsRemaining": null
    },
    {
        "FacilityID": "201105-0002",
        "CanIssueNewBonds": true,
        "TotalValueBondsAllowed": 172907.40,
        "TotalValueBondsActive": 0.0,
        "TotalValueBondsInCart": 0.00,
        "TotalValueBondsExpired": 0.0,
        "TotalValueBondsProcessing": 0.0,
        "TotalValueBondsUnsubmitted": 0.00,
        "NumBondsAllowed": null,
        "NumBondsActive": 0,
        "NumBondsInCart": 1,
        "NumBondsExpired": 0,
        "NumBondsProcessing": 0,
        "NumBondsUnsubmitted": 1,
        "TotalValueBondsRemainingMax": 172907.40,
        "TotalValueBondsRemaining": 172907.40,
        "NumBondsRemaining": null
    },
    {
        "FacilityID": "201105-0003",
        "CanIssueNewBonds": true,
        "TotalValueBondsAllowed": 10250000.00,
        "TotalValueBondsActive": 0.0,
        "TotalValueBondsInCart": 0.0,
        "TotalValueBondsExpired": 0.0,
        "TotalValueBondsProcessing": 0.0,
        "TotalValueBondsUnsubmitted": 0.0,
        "NumBondsAllowed": null,
        "NumBondsActive": 0,
        "NumBondsInCart": 0,
        "NumBondsExpired": 0,
        "NumBondsProcessing": 0,
        "NumBondsUnsubmitted": 0,
        "TotalValueBondsRemainingMax": 10250000.00,
        "TotalValueBondsRemaining": 10250000.00,
        "NumBondsRemaining": null
    },
    {
        "FacilityID": "201106-0001",
        "CanIssueNewBonds": false,
        "TotalValueBondsAllowed": 0.00,
        "TotalValueBondsActive": 0.0,
        "TotalValueBondsInCart": 0.0,
        "TotalValueBondsExpired": 0.0,
        "TotalValueBondsProcessing": 0.0,
        "TotalValueBondsUnsubmitted": 0.0,
        "NumBondsAllowed": null,
        "NumBondsActive": 0,
        "NumBondsInCart": 0,
        "NumBondsExpired": 0,
        "NumBondsProcessing": 0,
        "NumBondsUnsubmitted": 0,
        "TotalValueBondsRemainingMax": 0.0,
        "TotalValueBondsRemaining": 0.0,
        "NumBondsRemaining": null
    },
    {
        "FacilityID": "201106-0002",
        "CanIssueNewBonds": false,
        "TotalValueBondsAllowed": 0.00,
        "TotalValueBondsActive": 0.0,
        "TotalValueBondsInCart": 0.0,
        "TotalValueBondsExpired": 0.0,
        "TotalValueBondsProcessing": 0.0,
        "TotalValueBondsUnsubmitted": 0.0,
        "NumBondsAllowed": null,
        "NumBondsActive": 0,
        "NumBondsInCart": 0,
        "NumBondsExpired": 0,
        "NumBondsProcessing": 0,
        "NumBondsUnsubmitted": 0,
        "TotalValueBondsRemainingMax": 0.0,
        "TotalValueBondsRemaining": 0.0,
        "NumBondsRemaining": null
    },
    {
        "FacilityID": "201106-0003",
        "CanIssueNewBonds": false,
        "TotalValueBondsAllowed": 30000000.00,
        "TotalValueBondsActive": 0.0,
        "TotalValueBondsInCart": 0.0,
        "TotalValueBondsExpired": 0.0,
        "TotalValueBondsProcessing": 0.0,
        "TotalValueBondsUnsubmitted": 0.0,
        "NumBondsAllowed": null,
        "NumBondsActive": 0,
        "NumBondsInCart": 0,
        "NumBondsExpired": 0,
        "NumBondsProcessing": 0,
        "NumBondsUnsubmitted": 0,
        "TotalValueBondsRemainingMax": 0.0,
        "TotalValueBondsRemaining": 0.0,
        "NumBondsRemaining": null
    },
    {
        "FacilityID": "201106-0004",
        "CanIssueNewBonds": true,
        "TotalValueBondsAllowed": 300043.30,
        "TotalValueBondsActive": 0.0,
        "TotalValueBondsInCart": 0.0,
        "TotalValueBondsExpired": 0.0,
        "TotalValueBondsProcessing": 0.0,
        "TotalValueBondsUnsubmitted": 0.0,
        "NumBondsAllowed": null,
        "NumBondsActive": 0,
        "NumBondsInCart": 0,
        "NumBondsExpired": 0,
        "NumBondsProcessing": 0,
        "NumBondsUnsubmitted": 0,
        "TotalValueBondsRemainingMax": 300043.30,
        "TotalValueBondsRemaining": 300043.30,
        "NumBondsRemaining": null
    },
    {
        "FacilityID": "201106-0005",
        "CanIssueNewBonds": false,
        "TotalValueBondsAllowed": 0.00,
        "TotalValueBondsActive": 0.0,
        "TotalValueBondsInCart": 0.0,
        "TotalValueBondsExpired": 0.0,
        "TotalValueBondsProcessing": 0.0,
        "TotalValueBondsUnsubmitted": 0.0,
        "NumBondsAllowed": null,
        "NumBondsActive": 0,
        "NumBondsInCart": 0,
        "NumBondsExpired": 0,
        "NumBondsProcessing": 0,
        "NumBondsUnsubmitted": 0,
        "TotalValueBondsRemainingMax": 0.0,
        "TotalValueBondsRemaining": 0.0,
        "NumBondsRemaining": null
    },
    {
        "FacilityID": "201107-0001",
        "CanIssueNewBonds": false,
        "TotalValueBondsAllowed": 8500000.00,
        "TotalValueBondsActive": 0.0,
        "TotalValueBondsInCart": 0.0,
        "TotalValueBondsExpired": 0.0,
        "TotalValueBondsProcessing": 0.0,
        "TotalValueBondsUnsubmitted": 0.0,
        "NumBondsAllowed": null,
        "NumBondsActive": 0,
        "NumBondsInCart": 0,
        "NumBondsExpired": 0,
        "NumBondsProcessing": 0,
        "NumBondsUnsubmitted": 0,
        "TotalValueBondsRemainingMax": 0.0,
        "TotalValueBondsRemaining": 0.0,
        "NumBondsRemaining": null
    },
    {
        "FacilityID": "201108-0001",
        "CanIssueNewBonds": false,
        "TotalValueBondsAllowed": 254683.00,
        "TotalValueBondsActive": 254683.00,
        "TotalValueBondsInCart": 0.0,
        "TotalValueBondsExpired": 233000.00,
        "TotalValueBondsProcessing": 0.0,
        "TotalValueBondsUnsubmitted": 0.0,
        "NumBondsAllowed": null,
        "NumBondsActive": 4,
        "NumBondsInCart": 0,
        "NumBondsExpired": 3,
        "NumBondsProcessing": 0,
        "NumBondsUnsubmitted": 0,
        "TotalValueBondsRemainingMax": 0.0,
        "TotalValueBondsRemaining": 0.0,
        "NumBondsRemaining": null
    },
    {
        "FacilityID": "201108-0002",
        "CanIssueNewBonds": false,
        "TotalValueBondsAllowed": 20000000.00,
        "TotalValueBondsActive": 0.0,
        "TotalValueBondsInCart": 0.0,
        "TotalValueBondsExpired": 0.0,
        "TotalValueBondsProcessing": 0.0,
        "TotalValueBondsUnsubmitted": 0.0,
        "NumBondsAllowed": null,
        "NumBondsActive": 0,
        "NumBondsInCart": 0,
        "NumBondsExpired": 0,
        "NumBondsProcessing": 0,
        "NumBondsUnsubmitted": 0,
        "TotalValueBondsRemainingMax": 0.0,
        "TotalValueBondsRemaining": 0.0,
        "NumBondsRemaining": null
    },
    {
        "FacilityID": "201109-0001",
        "CanIssueNewBonds": true,
        "TotalValueBondsAllowed": 20000000.00,
        "TotalValueBondsActive": 16867645.36,
        "TotalValueBondsInCart": 0.0,
        "TotalValueBondsExpired": 9758853.44,
        "TotalValueBondsProcessing": 0.0,
        "TotalValueBondsUnsubmitted": 0.0,
        "NumBondsAllowed": null,
        "NumBondsActive": 41,
        "NumBondsInCart": 0,
        "NumBondsExpired": 28,
        "NumBondsProcessing": 0,
        "NumBondsUnsubmitted": 0,
        "TotalValueBondsRemainingMax": 3132354.64,
        "TotalValueBondsRemaining": 3132354.64,
        "NumBondsRemaining": null
    },
    {
        "FacilityID": "201109-0002",
        "CanIssueNewBonds": false,
        "TotalValueBondsAllowed": 6000000.00,
        "TotalValueBondsActive": 0.0,
        "TotalValueBondsInCart": 0.0,
        "TotalValueBondsExpired": 0.0,
        "TotalValueBondsProcessing": 0.0,
        "TotalValueBondsUnsubmitted": 0.0,
        "NumBondsAllowed": null,
        "NumBondsActive": 0,
        "NumBondsInCart": 0,
        "NumBondsExpired": 0,
        "NumBondsProcessing": 0,
        "NumBondsUnsubmitted": 0,
        "TotalValueBondsRemainingMax": 0.0,
        "TotalValueBondsRemaining": 0.0,
        "NumBondsRemaining": null
    },
    {
        "FacilityID": "201109-0003",
        "CanIssueNewBonds": true,
        "TotalValueBondsAllowed": 1000000.00,
        "TotalValueBondsActive": 0.0,
        "TotalValueBondsInCart": 0.0,
        "TotalValueBondsExpired": 0.0,
        "TotalValueBondsProcessing": 0.0,
        "TotalValueBondsUnsubmitted": 0.0,
        "NumBondsAllowed": null,
        "NumBondsActive": 0,
        "NumBondsInCart": 0,
        "NumBondsExpired": 0,
        "NumBondsProcessing": 0,
        "NumBondsUnsubmitted": 0,
        "TotalValueBondsRemainingMax": 1000000.00,
        "TotalValueBondsRemaining": 1000000.00,
        "NumBondsRemaining": null
    },
    {
        "FacilityID": "201109-0004",
        "CanIssueNewBonds": false,
        "TotalValueBondsAllowed": 5000000.00,
        "TotalValueBondsActive": 0.0,
        "TotalValueBondsInCart": 0.0,
        "TotalValueBondsExpired": 0.0,
        "TotalValueBondsProcessing": 0.0,
        "TotalValueBondsUnsubmitted": 0.0,
        "NumBondsAllowed": null,
        "NumBondsActive": 0,
        "NumBondsInCart": 0,
        "NumBondsExpired": 0,
        "NumBondsProcessing": 0,
        "NumBondsUnsubmitted": 0,
        "TotalValueBondsRemainingMax": 0.0,
        "TotalValueBondsRemaining": 0.0,
        "NumBondsRemaining": null
    },
    {
        "FacilityID": "201109-0005",
        "CanIssueNewBonds": false,
        "TotalValueBondsAllowed": 2000000.00,
        "TotalValueBondsActive": 0.0,
        "TotalValueBondsInCart": 0.0,
        "TotalValueBondsExpired": 0.0,
        "TotalValueBondsProcessing": 0.0,
        "TotalValueBondsUnsubmitted": 0.0,
        "NumBondsAllowed": null,
        "NumBondsActive": 0,
        "NumBondsInCart": 0,
        "NumBondsExpired": 0,
        "NumBondsProcessing": 0,
        "NumBondsUnsubmitted": 0,
        "TotalValueBondsRemainingMax": 0.0,
        "TotalValueBondsRemaining": 0.0,
        "NumBondsRemaining": null
    },
    {
        "FacilityID": "201109-0006",
        "CanIssueNewBonds": false,
        "TotalValueBondsAllowed": 0.00,
        "TotalValueBondsActive": 0.0,
        "TotalValueBondsInCart": 0.0,
        "TotalValueBondsExpired": 0.0,
        "TotalValueBondsProcessing": 0.0,
        "TotalValueBondsUnsubmitted": 0.0,
        "NumBondsAllowed": null,
        "NumBondsActive": 0,
        "NumBondsInCart": 0,
        "NumBondsExpired": 0,
        "NumBondsProcessing": 0,
        "NumBondsUnsubmitted": 0,
        "TotalValueBondsRemainingMax": 0.0,
        "TotalValueBondsRemaining": 0.0,
        "NumBondsRemaining": null
    },
    {
        "FacilityID": "201110-0001",
        "CanIssueNewBonds": false,
        "TotalValueBondsAllowed": 0.00,
        "TotalValueBondsActive": 0.0,
        "TotalValueBondsInCart": 0.0,
        "TotalValueBondsExpired": 0.0,
        "TotalValueBondsProcessing": 0.0,
        "TotalValueBondsUnsubmitted": 0.0,
        "NumBondsAllowed": null,
        "NumBondsActive": 0,
        "NumBondsInCart": 0,
        "NumBondsExpired": 0,
        "NumBondsProcessing": 0,
        "NumBondsUnsubmitted": 0,
        "TotalValueBondsRemainingMax": 0.0,
        "TotalValueBondsRemaining": 0.0,
        "NumBondsRemaining": null
    },
    {
        "FacilityID": "201110-0002",
        "CanIssueNewBonds": true,
        "TotalValueBondsAllowed": 40000000.00,
        "TotalValueBondsActive": 0.0,
        "TotalValueBondsInCart": 0.0,
        "TotalValueBondsExpired": 0.0,
        "TotalValueBondsProcessing": 0.0,
        "TotalValueBondsUnsubmitted": 0.0,
        "NumBondsAllowed": null,
        "NumBondsActive": 0,
        "NumBondsInCart": 0,
        "NumBondsExpired": 0,
        "NumBondsProcessing": 0,
        "NumBondsUnsubmitted": 0,
        "TotalValueBondsRemainingMax": 40000000.00,
        "TotalValueBondsRemaining": 40000000.00,
        "NumBondsRemaining": null
    },
    {
        "FacilityID": "201110-0003",
        "CanIssueNewBonds": false,
        "TotalValueBondsAllowed": 0.00,
        "TotalValueBondsActive": 0.0,
        "TotalValueBondsInCart": 0.0,
        "TotalValueBondsExpired": 0.0,
        "TotalValueBondsProcessing": 0.0,
        "TotalValueBondsUnsubmitted": 0.0,
        "NumBondsAllowed": null,
        "NumBondsActive": 0,
        "NumBondsInCart": 0,
        "NumBondsExpired": 0,
        "NumBondsProcessing": 0,
        "NumBondsUnsubmitted": 0,
        "TotalValueBondsRemainingMax": 0.0,
        "TotalValueBondsRemaining": 0.0,
        "NumBondsRemaining": null
    },
    {
        "FacilityID": "201111-0001",
        "CanIssueNewBonds": true,
        "TotalValueBondsAllowed": 455581.06,
        "TotalValueBondsActive": 0.0,
        "TotalValueBondsInCart": 0.0,
        "TotalValueBondsExpired": 0.0,
        "TotalValueBondsProcessing": 0.0,
        "TotalValueBondsUnsubmitted": 0.0,
        "NumBondsAllowed": null,
        "NumBondsActive": 0,
        "NumBondsInCart": 0,
        "NumBondsExpired": 0,
        "NumBondsProcessing": 0,
        "NumBondsUnsubmitted": 0,
        "TotalValueBondsRemainingMax": 455581.06,
        "TotalValueBondsRemaining": 455581.06,
        "NumBondsRemaining": null
    },
    {
        "FacilityID": "201111-0002",
        "CanIssueNewBonds": true,
        "TotalValueBondsAllowed": 70000000.00,
        "TotalValueBondsActive": 42252689.49,
        "TotalValueBondsInCart": 15500.00,
        "TotalValueBondsExpired": 29474087.78,
        "TotalValueBondsProcessing": 482337.50,
        "TotalValueBondsUnsubmitted": 0.0,
        "NumBondsAllowed": null,
        "NumBondsActive": 552,
        "NumBondsInCart": 1,
        "NumBondsExpired": 430,
        "NumBondsProcessing": 3,
        "NumBondsUnsubmitted": 0,
        "TotalValueBondsRemainingMax": 27731810.51,
        "TotalValueBondsRemaining": 27731810.51,
        "NumBondsRemaining": null
    },
    {
        "FacilityID": "201112-0001",
        "CanIssueNewBonds": true,
        "TotalValueBondsAllowed": 15000000.00,
        "TotalValueBondsActive": 148191.90,
        "TotalValueBondsInCart": 0.0,
        "TotalValueBondsExpired": 148191.90,
        "TotalValueBondsProcessing": 0.0,
        "TotalValueBondsUnsubmitted": 0.0,
        "NumBondsAllowed": null,
        "NumBondsActive": 1,
        "NumBondsInCart": 0,
        "NumBondsExpired": 1,
        "NumBondsProcessing": 0,
        "NumBondsUnsubmitted": 0,
        "TotalValueBondsRemainingMax": 14851808.10,
        "TotalValueBondsRemaining": 14851808.10,
        "NumBondsRemaining": null
    },
    {
        "FacilityID": "201202-0001",
        "CanIssueNewBonds": true,
        "TotalValueBondsAllowed": 57460.35,
        "TotalValueBondsActive": 0.0,
        "TotalValueBondsInCart": 0.0,
        "TotalValueBondsExpired": 0.0,
        "TotalValueBondsProcessing": 0.0,
        "TotalValueBondsUnsubmitted": 0.0,
        "NumBondsAllowed": null,
        "NumBondsActive": 0,
        "NumBondsInCart": 0,
        "NumBondsExpired": 0,
        "NumBondsProcessing": 0,
        "NumBondsUnsubmitted": 0,
        "TotalValueBondsRemainingMax": 57460.35,
        "TotalValueBondsRemaining": 57460.35,
        "NumBondsRemaining": null
    },
    {
        "FacilityID": "201202-0002",
        "CanIssueNewBonds": false,
        "TotalValueBondsAllowed": 0.00,
        "TotalValueBondsActive": 0.0,
        "TotalValueBondsInCart": 0.0,
        "TotalValueBondsExpired": 0.0,
        "TotalValueBondsProcessing": 0.0,
        "TotalValueBondsUnsubmitted": 0.0,
        "NumBondsAllowed": null,
        "NumBondsActive": 0,
        "NumBondsInCart": 0,
        "NumBondsExpired": 0,
        "NumBondsProcessing": 0,
        "NumBondsUnsubmitted": 0,
        "TotalValueBondsRemainingMax": 0.0,
        "TotalValueBondsRemaining": 0.0,
        "NumBondsRemaining": null
    },
    {
        "FacilityID": "201203-0001",
        "CanIssueNewBonds": false,
        "TotalValueBondsAllowed": 3500000.00,
        "TotalValueBondsActive": 0.0,
        "TotalValueBondsInCart": 0.0,
        "TotalValueBondsExpired": 0.0,
        "TotalValueBondsProcessing": 0.0,
        "TotalValueBondsUnsubmitted": 0.0,
        "NumBondsAllowed": null,
        "NumBondsActive": 0,
        "NumBondsInCart": 0,
        "NumBondsExpired": 0,
        "NumBondsProcessing": 0,
        "NumBondsUnsubmitted": 0,
        "TotalValueBondsRemainingMax": 0.0,
        "TotalValueBondsRemaining": 0.0,
        "NumBondsRemaining": null
    },
    {
        "FacilityID": "201205-0001",
        "CanIssueNewBonds": true,
        "TotalValueBondsAllowed": 151229.76,
        "TotalValueBondsActive": 0.0,
        "TotalValueBondsInCart": 0.0,
        "TotalValueBondsExpired": 0.0,
        "TotalValueBondsProcessing": 0.0,
        "TotalValueBondsUnsubmitted": 0.0,
        "NumBondsAllowed": null,
        "NumBondsActive": 0,
        "NumBondsInCart": 0,
        "NumBondsExpired": 0,
        "NumBondsProcessing": 0,
        "NumBondsUnsubmitted": 0,
        "TotalValueBondsRemainingMax": 151229.76,
        "TotalValueBondsRemaining": 151229.76,
        "NumBondsRemaining": null
    },
    {
        "FacilityID": "201205-0002",
        "CanIssueNewBonds": false,
        "TotalValueBondsAllowed": 475881.25,
        "TotalValueBondsActive": 0.0,
        "TotalValueBondsInCart": 0.0,
        "TotalValueBondsExpired": 0.0,
        "TotalValueBondsProcessing": 0.0,
        "TotalValueBondsUnsubmitted": 0.0,
        "NumBondsAllowed": null,
        "NumBondsActive": 0,
        "NumBondsInCart": 0,
        "NumBondsExpired": 0,
        "NumBondsProcessing": 0,
        "NumBondsUnsubmitted": 0,
        "TotalValueBondsRemainingMax": 0.0,
        "TotalValueBondsRemaining": 0.0,
        "NumBondsRemaining": null
    },
    {
        "FacilityID": "201205-0003",
        "CanIssueNewBonds": false,
        "TotalValueBondsAllowed": 0.00,
        "TotalValueBondsActive": 0.0,
        "TotalValueBondsInCart": 0.0,
        "TotalValueBondsExpired": 0.0,
        "TotalValueBondsProcessing": 0.0,
        "TotalValueBondsUnsubmitted": 0.0,
        "NumBondsAllowed": null,
        "NumBondsActive": 0,
        "NumBondsInCart": 0,
        "NumBondsExpired": 0,
        "NumBondsProcessing": 0,
        "NumBondsUnsubmitted": 0,
        "TotalValueBondsRemainingMax": 0.0,
        "TotalValueBondsRemaining": 0.0,
        "NumBondsRemaining": null
    },
    {
        "FacilityID": "201207-0001",
        "CanIssueNewBonds": true,
        "TotalValueBondsAllowed": 42400.00,
        "TotalValueBondsActive": 0.0,
        "TotalValueBondsInCart": 0.0,
        "TotalValueBondsExpired": 0.0,
        "TotalValueBondsProcessing": 0.0,
        "TotalValueBondsUnsubmitted": 0.0,
        "NumBondsAllowed": null,
        "NumBondsActive": 0,
        "NumBondsInCart": 0,
        "NumBondsExpired": 0,
        "NumBondsProcessing": 0,
        "NumBondsUnsubmitted": 0,
        "TotalValueBondsRemainingMax": 42400.00,
        "TotalValueBondsRemaining": 42400.00,
        "NumBondsRemaining": null
    },
    {
        "FacilityID": "201208-0001",
        "CanIssueNewBonds": false,
        "TotalValueBondsAllowed": 0.00,
        "TotalValueBondsActive": 0.0,
        "TotalValueBondsInCart": 0.0,
        "TotalValueBondsExpired": 0.0,
        "TotalValueBondsProcessing": 0.0,
        "TotalValueBondsUnsubmitted": 0.0,
        "NumBondsAllowed": null,
        "NumBondsActive": 0,
        "NumBondsInCart": 0,
        "NumBondsExpired": 0,
        "NumBondsProcessing": 0,
        "NumBondsUnsubmitted": 0,
        "TotalValueBondsRemainingMax": 0.0,
        "TotalValueBondsRemaining": 0.0,
        "NumBondsRemaining": null
    },
    {
        "FacilityID": "201208-0002",
        "CanIssueNewBonds": true,
        "TotalValueBondsAllowed": 5000000.00,
        "TotalValueBondsActive": 0.0,
        "TotalValueBondsInCart": 0.0,
        "TotalValueBondsExpired": 0.0,
        "TotalValueBondsProcessing": 0.0,
        "TotalValueBondsUnsubmitted": 0.0,
        "NumBondsAllowed": null,
        "NumBondsActive": 0,
        "NumBondsInCart": 0,
        "NumBondsExpired": 0,
        "NumBondsProcessing": 0,
        "NumBondsUnsubmitted": 0,
        "TotalValueBondsRemainingMax": 5000000.00,
        "TotalValueBondsRemaining": 5000000.00,
        "NumBondsRemaining": null
    },
    {
        "FacilityID": "201208-0003",
        "CanIssueNewBonds": false,
        "TotalValueBondsAllowed": 15000000.00,
        "TotalValueBondsActive": 0.0,
        "TotalValueBondsInCart": 0.0,
        "TotalValueBondsExpired": 0.0,
        "TotalValueBondsProcessing": 0.0,
        "TotalValueBondsUnsubmitted": 0.0,
        "NumBondsAllowed": null,
        "NumBondsActive": 0,
        "NumBondsInCart": 0,
        "NumBondsExpired": 0,
        "NumBondsProcessing": 0,
        "NumBondsUnsubmitted": 0,
        "TotalValueBondsRemainingMax": 0.0,
        "TotalValueBondsRemaining": 0.0,
        "NumBondsRemaining": null
    },
    {
        "FacilityID": "201209-0001",
        "CanIssueNewBonds": false,
        "TotalValueBondsAllowed": 0.00,
        "TotalValueBondsActive": 0.0,
        "TotalValueBondsInCart": 0.0,
        "TotalValueBondsExpired": 0.0,
        "TotalValueBondsProcessing": 0.0,
        "TotalValueBondsUnsubmitted": 0.0,
        "NumBondsAllowed": null,
        "NumBondsActive": 0,
        "NumBondsInCart": 0,
        "NumBondsExpired": 0,
        "NumBondsProcessing": 0,
        "NumBondsUnsubmitted": 0,
        "TotalValueBondsRemainingMax": 0.0,
        "TotalValueBondsRemaining": 0.0,
        "NumBondsRemaining": null
    },
    {
        "FacilityID": "201211-0001",
        "CanIssueNewBonds": true,
        "TotalValueBondsAllowed": 5000000.00,
        "TotalValueBondsActive": 0.0,
        "TotalValueBondsInCart": 0.0,
        "TotalValueBondsExpired": 0.0,
        "TotalValueBondsProcessing": 0.0,
        "TotalValueBondsUnsubmitted": 0.0,
        "NumBondsAllowed": null,
        "NumBondsActive": 0,
        "NumBondsInCart": 0,
        "NumBondsExpired": 0,
        "NumBondsProcessing": 0,
        "NumBondsUnsubmitted": 0,
        "TotalValueBondsRemainingMax": 5000000.00,
        "TotalValueBondsRemaining": 5000000.00,
        "NumBondsRemaining": null
    },
    {
        "FacilityID": "201211-0002",
        "CanIssueNewBonds": false,
        "TotalValueBondsAllowed": 0.00,
        "TotalValueBondsActive": 0.0,
        "TotalValueBondsInCart": 0.0,
        "TotalValueBondsExpired": 0.0,
        "TotalValueBondsProcessing": 0.0,
        "TotalValueBondsUnsubmitted": 0.0,
        "NumBondsAllowed": null,
        "NumBondsActive": 0,
        "NumBondsInCart": 0,
        "NumBondsExpired": 0,
        "NumBondsProcessing": 0,
        "NumBondsUnsubmitted": 0,
        "TotalValueBondsRemainingMax": 0.0,
        "TotalValueBondsRemaining": 0.0,
        "NumBondsRemaining": null
    },
    {
        "FacilityID": "201211-0003",
        "CanIssueNewBonds": true,
        "TotalValueBondsAllowed": 15000000.00,
        "TotalValueBondsActive": 0.0,
        "TotalValueBondsInCart": 0.0,
        "TotalValueBondsExpired": 0.0,
        "TotalValueBondsProcessing": 0.0,
        "TotalValueBondsUnsubmitted": 0.0,
        "NumBondsAllowed": null,
        "NumBondsActive": 0,
        "NumBondsInCart": 0,
        "NumBondsExpired": 0,
        "NumBondsProcessing": 0,
        "NumBondsUnsubmitted": 0,
        "TotalValueBondsRemainingMax": 15000000.00,
        "TotalValueBondsRemaining": 15000000.00,
        "NumBondsRemaining": null
    },
    {
        "FacilityID": "201212-0001",
        "CanIssueNewBonds": true,
        "TotalValueBondsAllowed": 20000000.00,
        "TotalValueBondsActive": 0.0,
        "TotalValueBondsInCart": 0.0,
        "TotalValueBondsExpired": 0.0,
        "TotalValueBondsProcessing": 0.0,
        "TotalValueBondsUnsubmitted": 0.0,
        "NumBondsAllowed": null,
        "NumBondsActive": 0,
        "NumBondsInCart": 0,
        "NumBondsExpired": 0,
        "NumBondsProcessing": 0,
        "NumBondsUnsubmitted": 0,
        "TotalValueBondsRemainingMax": 20000000.00,
        "TotalValueBondsRemaining": 20000000.00,
        "NumBondsRemaining": null
    },
    {
        "FacilityID": "201302-0001",
        "CanIssueNewBonds": true,
        "TotalValueBondsAllowed": 5000000.00,
        "TotalValueBondsActive": 0.0,
        "TotalValueBondsInCart": 0.0,
        "TotalValueBondsExpired": 0.0,
        "TotalValueBondsProcessing": 0.0,
        "TotalValueBondsUnsubmitted": 0.0,
        "NumBondsAllowed": null,
        "NumBondsActive": 0,
        "NumBondsInCart": 0,
        "NumBondsExpired": 0,
        "NumBondsProcessing": 0,
        "NumBondsUnsubmitted": 0,
        "TotalValueBondsRemainingMax": 5000000.00,
        "TotalValueBondsRemaining": 5000000.00,
        "NumBondsRemaining": null
    },
    {
        "FacilityID": "201303-0001",
        "CanIssueNewBonds": true,
        "TotalValueBondsAllowed": 2884210.88,
        "TotalValueBondsActive": 0.0,
        "TotalValueBondsInCart": 0.0,
        "TotalValueBondsExpired": 0.0,
        "TotalValueBondsProcessing": 0.0,
        "TotalValueBondsUnsubmitted": 0.0,
        "NumBondsAllowed": null,
        "NumBondsActive": 0,
        "NumBondsInCart": 0,
        "NumBondsExpired": 0,
        "NumBondsProcessing": 0,
        "NumBondsUnsubmitted": 0,
        "TotalValueBondsRemainingMax": 2884210.88,
        "TotalValueBondsRemaining": 2884210.88,
        "NumBondsRemaining": null
    },
    {
        "FacilityID": "201304-0001",
        "CanIssueNewBonds": true,
        "TotalValueBondsAllowed": 150000000.00,
        "TotalValueBondsActive": 90639380.41,
        "TotalValueBondsInCart": 4942678.00,
        "TotalValueBondsExpired": 83874332.32,
        "TotalValueBondsProcessing": 2792678.00,
        "TotalValueBondsUnsubmitted": 2150000.00,
        "NumBondsAllowed": null,
        "NumBondsActive": 486,
        "NumBondsInCart": 6,
        "NumBondsExpired": 473,
        "NumBondsProcessing": 3,
        "NumBondsUnsubmitted": 3,
        "TotalValueBondsRemainingMax": 54417941.59,
        "TotalValueBondsRemaining": 54417941.59,
        "NumBondsRemaining": null
    },
    {
        "FacilityID": "201304-0002",
        "CanIssueNewBonds": true,
        "TotalValueBondsAllowed": 10000000.00,
        "TotalValueBondsActive": 3732721.65,
        "TotalValueBondsInCart": 210000.00,
        "TotalValueBondsExpired": 2132900.85,
        "TotalValueBondsProcessing": 210000.00,
        "TotalValueBondsUnsubmitted": 0.0,
        "NumBondsAllowed": null,
        "NumBondsActive": 6,
        "NumBondsInCart": 3,
        "NumBondsExpired": 4,
        "NumBondsProcessing": 3,
        "NumBondsUnsubmitted": 0,
        "TotalValueBondsRemainingMax": 6057278.35,
        "TotalValueBondsRemaining": 6057278.35,
        "NumBondsRemaining": null
    },
    {
        "FacilityID": "201305-0001",
        "CanIssueNewBonds": true,
        "TotalValueBondsAllowed": 4511051.67,
        "TotalValueBondsActive": 3171716.85,
        "TotalValueBondsInCart": 0.0,
        "TotalValueBondsExpired": 2958519.07,
        "TotalValueBondsProcessing": 0.0,
        "TotalValueBondsUnsubmitted": 0.0,
        "NumBondsAllowed": null,
        "NumBondsActive": 11,
        "NumBondsInCart": 0,
        "NumBondsExpired": 10,
        "NumBondsProcessing": 0,
        "NumBondsUnsubmitted": 0,
        "TotalValueBondsRemainingMax": 1339334.82,
        "TotalValueBondsRemaining": 1339334.82,
        "NumBondsRemaining": null
    },
    {
        "FacilityID": "201306-0001",
        "CanIssueNewBonds": true,
        "TotalValueBondsAllowed": 100000000.00,
        "TotalValueBondsActive": 86396253.82,
        "TotalValueBondsInCart": 0.0,
        "TotalValueBondsExpired": 53454192.03,
        "TotalValueBondsProcessing": 0.0,
        "TotalValueBondsUnsubmitted": 0.0,
        "NumBondsAllowed": null,
        "NumBondsActive": 112,
        "NumBondsInCart": 0,
        "NumBondsExpired": 84,
        "NumBondsProcessing": 0,
        "NumBondsUnsubmitted": 0,
        "TotalValueBondsRemainingMax": 13603746.18,
        "TotalValueBondsRemaining": 13603746.18,
        "NumBondsRemaining": null
    },
    {
        "FacilityID": "201306-0002",
        "CanIssueNewBonds": false,
        "TotalValueBondsAllowed": 0.00,
        "TotalValueBondsActive": 0.0,
        "TotalValueBondsInCart": 0.0,
        "TotalValueBondsExpired": 0.0,
        "TotalValueBondsProcessing": 0.0,
        "TotalValueBondsUnsubmitted": 0.0,
        "NumBondsAllowed": null,
        "NumBondsActive": 0,
        "NumBondsInCart": 0,
        "NumBondsExpired": 0,
        "NumBondsProcessing": 0,
        "NumBondsUnsubmitted": 0,
        "TotalValueBondsRemainingMax": 0.0,
        "TotalValueBondsRemaining": 0.0,
        "NumBondsRemaining": null
    },
    {
        "FacilityID": "201306-0003",
        "CanIssueNewBonds": true,
        "TotalValueBondsAllowed": 4300000.00,
        "TotalValueBondsActive": 0.0,
        "TotalValueBondsInCart": 0.0,
        "TotalValueBondsExpired": 0.0,
        "TotalValueBondsProcessing": 0.0,
        "TotalValueBondsUnsubmitted": 0.0,
        "NumBondsAllowed": null,
        "NumBondsActive": 0,
        "NumBondsInCart": 0,
        "NumBondsExpired": 0,
        "NumBondsProcessing": 0,
        "NumBondsUnsubmitted": 0,
        "TotalValueBondsRemainingMax": 4300000.00,
        "TotalValueBondsRemaining": 4300000.00,
        "NumBondsRemaining": null
    },
    {
        "FacilityID": "201307-0001",
        "CanIssueNewBonds": true,
        "TotalValueBondsAllowed": 198135.00,
        "TotalValueBondsActive": 0.0,
        "TotalValueBondsInCart": 0.0,
        "TotalValueBondsExpired": 0.0,
        "TotalValueBondsProcessing": 0.0,
        "TotalValueBondsUnsubmitted": 0.0,
        "NumBondsAllowed": null,
        "NumBondsActive": 0,
        "NumBondsInCart": 0,
        "NumBondsExpired": 0,
        "NumBondsProcessing": 0,
        "NumBondsUnsubmitted": 0,
        "TotalValueBondsRemainingMax": 198135.00,
        "TotalValueBondsRemaining": 198135.00,
        "NumBondsRemaining": null
    },
    {
        "FacilityID": "201307-0002",
        "CanIssueNewBonds": false,
        "TotalValueBondsAllowed": 0.00,
        "TotalValueBondsActive": 0.0,
        "TotalValueBondsInCart": 0.0,
        "TotalValueBondsExpired": 0.0,
        "TotalValueBondsProcessing": 0.0,
        "TotalValueBondsUnsubmitted": 0.0,
        "NumBondsAllowed": null,
        "NumBondsActive": 0,
        "NumBondsInCart": 0,
        "NumBondsExpired": 0,
        "NumBondsProcessing": 0,
        "NumBondsUnsubmitted": 0,
        "TotalValueBondsRemainingMax": 0.0,
        "TotalValueBondsRemaining": 0.0,
        "NumBondsRemaining": null
    },
    {
        "FacilityID": "201307-0003",
        "CanIssueNewBonds": false,
        "TotalValueBondsAllowed": 0.00,
        "TotalValueBondsActive": 0.0,
        "TotalValueBondsInCart": 0.0,
        "TotalValueBondsExpired": 0.0,
        "TotalValueBondsProcessing": 0.0,
        "TotalValueBondsUnsubmitted": 0.0,
        "NumBondsAllowed": null,
        "NumBondsActive": 0,
        "NumBondsInCart": 0,
        "NumBondsExpired": 0,
        "NumBondsProcessing": 0,
        "NumBondsUnsubmitted": 0,
        "TotalValueBondsRemainingMax": 0.0,
        "TotalValueBondsRemaining": 0.0,
        "NumBondsRemaining": null
    },
    {
        "FacilityID": "201308-0001",
        "CanIssueNewBonds": false,
        "TotalValueBondsAllowed": 5000000.00,
        "TotalValueBondsActive": 0.0,
        "TotalValueBondsInCart": 0.0,
        "TotalValueBondsExpired": 0.0,
        "TotalValueBondsProcessing": 0.0,
        "TotalValueBondsUnsubmitted": 0.0,
        "NumBondsAllowed": null,
        "NumBondsActive": 0,
        "NumBondsInCart": 0,
        "NumBondsExpired": 0,
        "NumBondsProcessing": 0,
        "NumBondsUnsubmitted": 0,
        "TotalValueBondsRemainingMax": 0.0,
        "TotalValueBondsRemaining": 0.0,
        "NumBondsRemaining": null
    },
    {
        "FacilityID": "201309-0001",
        "CanIssueNewBonds": false,
        "TotalValueBondsAllowed": 0.00,
        "TotalValueBondsActive": 0.0,
        "TotalValueBondsInCart": 0.0,
        "TotalValueBondsExpired": 0.0,
        "TotalValueBondsProcessing": 0.0,
        "TotalValueBondsUnsubmitted": 0.0,
        "NumBondsAllowed": null,
        "NumBondsActive": 0,
        "NumBondsInCart": 0,
        "NumBondsExpired": 0,
        "NumBondsProcessing": 0,
        "NumBondsUnsubmitted": 0,
        "TotalValueBondsRemainingMax": 0.0,
        "TotalValueBondsRemaining": 0.0,
        "NumBondsRemaining": null
    },
    {
        "FacilityID": "201309-0002",
        "CanIssueNewBonds": false,
        "TotalValueBondsAllowed": 0.00,
        "TotalValueBondsActive": 0.0,
        "TotalValueBondsInCart": 0.0,
        "TotalValueBondsExpired": 0.0,
        "TotalValueBondsProcessing": 0.0,
        "TotalValueBondsUnsubmitted": 0.0,
        "NumBondsAllowed": null,
        "NumBondsActive": 0,
        "NumBondsInCart": 0,
        "NumBondsExpired": 0,
        "NumBondsProcessing": 0,
        "NumBondsUnsubmitted": 0,
        "TotalValueBondsRemainingMax": 0.0,
        "TotalValueBondsRemaining": 0.0,
        "NumBondsRemaining": null
    },
    {
        "FacilityID": "201310-0001",
        "CanIssueNewBonds": true,
        "TotalValueBondsAllowed": 20000000.00,
        "TotalValueBondsActive": 0.0,
        "TotalValueBondsInCart": 0.0,
        "TotalValueBondsExpired": 0.0,
        "TotalValueBondsProcessing": 0.0,
        "TotalValueBondsUnsubmitted": 0.0,
        "NumBondsAllowed": null,
        "NumBondsActive": 0,
        "NumBondsInCart": 0,
        "NumBondsExpired": 0,
        "NumBondsProcessing": 0,
        "NumBondsUnsubmitted": 0,
        "TotalValueBondsRemainingMax": 20000000.00,
        "TotalValueBondsRemaining": 20000000.00,
        "NumBondsRemaining": null
    },
    {
        "FacilityID": "201310-0002",
        "CanIssueNewBonds": true,
        "TotalValueBondsAllowed": 25000000.00,
        "TotalValueBondsActive": 0.0,
        "TotalValueBondsInCart": 0.0,
        "TotalValueBondsExpired": 0.0,
        "TotalValueBondsProcessing": 0.0,
        "TotalValueBondsUnsubmitted": 0.0,
        "NumBondsAllowed": null,
        "NumBondsActive": 0,
        "NumBondsInCart": 0,
        "NumBondsExpired": 0,
        "NumBondsProcessing": 0,
        "NumBondsUnsubmitted": 0,
        "TotalValueBondsRemainingMax": 25000000.00,
        "TotalValueBondsRemaining": 25000000.00,
        "NumBondsRemaining": null
    },
    {
        "FacilityID": "201310-0003",
        "CanIssueNewBonds": true,
        "TotalValueBondsAllowed": 1983283.50,
        "TotalValueBondsActive": 0.0,
        "TotalValueBondsInCart": 0.0,
        "TotalValueBondsExpired": 0.0,
        "TotalValueBondsProcessing": 0.0,
        "TotalValueBondsUnsubmitted": 0.0,
        "NumBondsAllowed": null,
        "NumBondsActive": 0,
        "NumBondsInCart": 0,
        "NumBondsExpired": 0,
        "NumBondsProcessing": 0,
        "NumBondsUnsubmitted": 0,
        "TotalValueBondsRemainingMax": 1983283.50,
        "TotalValueBondsRemaining": 1983283.50,
        "NumBondsRemaining": null
    },
    {
        "FacilityID": "201310-0004",
        "CanIssueNewBonds": false,
        "TotalValueBondsAllowed": 15000000.00,
        "TotalValueBondsActive": 0.0,
        "TotalValueBondsInCart": 0.0,
        "TotalValueBondsExpired": 0.0,
        "TotalValueBondsProcessing": 0.0,
        "TotalValueBondsUnsubmitted": 0.0,
        "NumBondsAllowed": null,
        "NumBondsActive": 0,
        "NumBondsInCart": 0,
        "NumBondsExpired": 0,
        "NumBondsProcessing": 0,
        "NumBondsUnsubmitted": 0,
        "TotalValueBondsRemainingMax": 0.0,
        "TotalValueBondsRemaining": 0.0,
        "NumBondsRemaining": null
    },
    {
        "FacilityID": "201310-0005",
        "CanIssueNewBonds": true,
        "TotalValueBondsAllowed": 4500000.00,
        "TotalValueBondsActive": 0.0,
        "TotalValueBondsInCart": 0.0,
        "TotalValueBondsExpired": 0.0,
        "TotalValueBondsProcessing": 0.0,
        "TotalValueBondsUnsubmitted": 0.0,
        "NumBondsAllowed": null,
        "NumBondsActive": 0,
        "NumBondsInCart": 0,
        "NumBondsExpired": 0,
        "NumBondsProcessing": 0,
        "NumBondsUnsubmitted": 0,
        "TotalValueBondsRemainingMax": 4500000.00,
        "TotalValueBondsRemaining": 4500000.00,
        "NumBondsRemaining": null
    },
    {
        "FacilityID": "201311-0001",
        "CanIssueNewBonds": false,
        "TotalValueBondsAllowed": 3000000.00,
        "TotalValueBondsActive": 0.0,
        "TotalValueBondsInCart": 0.0,
        "TotalValueBondsExpired": 0.0,
        "TotalValueBondsProcessing": 0.0,
        "TotalValueBondsUnsubmitted": 0.0,
        "NumBondsAllowed": null,
        "NumBondsActive": 0,
        "NumBondsInCart": 0,
        "NumBondsExpired": 0,
        "NumBondsProcessing": 0,
        "NumBondsUnsubmitted": 0,
        "TotalValueBondsRemainingMax": 0.0,
        "TotalValueBondsRemaining": 0.0,
        "NumBondsRemaining": null
    },
    {
        "FacilityID": "201311-0002",
        "CanIssueNewBonds": false,
        "TotalValueBondsAllowed": 15000000.00,
        "TotalValueBondsActive": 0.0,
        "TotalValueBondsInCart": 0.0,
        "TotalValueBondsExpired": 0.0,
        "TotalValueBondsProcessing": 0.0,
        "TotalValueBondsUnsubmitted": 0.0,
        "NumBondsAllowed": null,
        "NumBondsActive": 0,
        "NumBondsInCart": 0,
        "NumBondsExpired": 0,
        "NumBondsProcessing": 0,
        "NumBondsUnsubmitted": 0,
        "TotalValueBondsRemainingMax": 0.0,
        "TotalValueBondsRemaining": 0.0,
        "NumBondsRemaining": null
    },
    {
        "FacilityID": "201311-0003",
        "CanIssueNewBonds": false,
        "TotalValueBondsAllowed": 0.00,
        "TotalValueBondsActive": 0.0,
        "TotalValueBondsInCart": 0.0,
        "TotalValueBondsExpired": 0.0,
        "TotalValueBondsProcessing": 0.0,
        "TotalValueBondsUnsubmitted": 0.0,
        "NumBondsAllowed": null,
        "NumBondsActive": 0,
        "NumBondsInCart": 0,
        "NumBondsExpired": 0,
        "NumBondsProcessing": 0,
        "NumBondsUnsubmitted": 0,
        "TotalValueBondsRemainingMax": 0.0,
        "TotalValueBondsRemaining": 0.0,
        "NumBondsRemaining": null
    },
    {
        "FacilityID": "201311-0004",
        "CanIssueNewBonds": false,
        "TotalValueBondsAllowed": 15000000.00,
        "TotalValueBondsActive": 0.0,
        "TotalValueBondsInCart": 0.0,
        "TotalValueBondsExpired": 0.0,
        "TotalValueBondsProcessing": 0.0,
        "TotalValueBondsUnsubmitted": 0.0,
        "NumBondsAllowed": null,
        "NumBondsActive": 0,
        "NumBondsInCart": 0,
        "NumBondsExpired": 0,
        "NumBondsProcessing": 0,
        "NumBondsUnsubmitted": 0,
        "TotalValueBondsRemainingMax": 0.0,
        "TotalValueBondsRemaining": 0.0,
        "NumBondsRemaining": null
    },
    {
        "FacilityID": "201311-0005",
        "CanIssueNewBonds": false,
        "TotalValueBondsAllowed": 0.00,
        "TotalValueBondsActive": 0.0,
        "TotalValueBondsInCart": 0.0,
        "TotalValueBondsExpired": 0.0,
        "TotalValueBondsProcessing": 0.0,
        "TotalValueBondsUnsubmitted": 0.0,
        "NumBondsAllowed": null,
        "NumBondsActive": 0,
        "NumBondsInCart": 0,
        "NumBondsExpired": 0,
        "NumBondsProcessing": 0,
        "NumBondsUnsubmitted": 0,
        "TotalValueBondsRemainingMax": 0.0,
        "TotalValueBondsRemaining": 0.0,
        "NumBondsRemaining": null
    },
    {
        "FacilityID": "201312-0001",
        "CanIssueNewBonds": false,
        "TotalValueBondsAllowed": 110000000.00,
        "TotalValueBondsActive": 0.0,
        "TotalValueBondsInCart": 0.0,
        "TotalValueBondsExpired": 0.0,
        "TotalValueBondsProcessing": 0.0,
        "TotalValueBondsUnsubmitted": 0.0,
        "NumBondsAllowed": null,
        "NumBondsActive": 0,
        "NumBondsInCart": 0,
        "NumBondsExpired": 0,
        "NumBondsProcessing": 0,
        "NumBondsUnsubmitted": 0,
        "TotalValueBondsRemainingMax": 0.0,
        "TotalValueBondsRemaining": 0.0,
        "NumBondsRemaining": null
    },
    {
        "FacilityID": "201312-0002",
        "CanIssueNewBonds": true,
        "TotalValueBondsAllowed": 31032.63,
        "TotalValueBondsActive": 0.0,
        "TotalValueBondsInCart": 0.0,
        "TotalValueBondsExpired": 0.0,
        "TotalValueBondsProcessing": 0.0,
        "TotalValueBondsUnsubmitted": 0.0,
        "NumBondsAllowed": null,
        "NumBondsActive": 0,
        "NumBondsInCart": 0,
        "NumBondsExpired": 0,
        "NumBondsProcessing": 0,
        "NumBondsUnsubmitted": 0,
        "TotalValueBondsRemainingMax": 31032.63,
        "TotalValueBondsRemaining": 31032.63,
        "NumBondsRemaining": null
    },
    {
        "FacilityID": "201402-0001",
        "CanIssueNewBonds": true,
        "TotalValueBondsAllowed": 6600000.00,
        "TotalValueBondsActive": 0.0,
        "TotalValueBondsInCart": 0.0,
        "TotalValueBondsExpired": 0.0,
        "TotalValueBondsProcessing": 0.0,
        "TotalValueBondsUnsubmitted": 0.0,
        "NumBondsAllowed": null,
        "NumBondsActive": 0,
        "NumBondsInCart": 0,
        "NumBondsExpired": 0,
        "NumBondsProcessing": 0,
        "NumBondsUnsubmitted": 0,
        "TotalValueBondsRemainingMax": 6600000.00,
        "TotalValueBondsRemaining": 6600000.00,
        "NumBondsRemaining": null
    },
    {
        "FacilityID": "201403-0001",
        "CanIssueNewBonds": true,
        "TotalValueBondsAllowed": 908987.38,
        "TotalValueBondsActive": 908987.38,
        "TotalValueBondsInCart": 0.0,
        "TotalValueBondsExpired": 908987.38,
        "TotalValueBondsProcessing": 0.0,
        "TotalValueBondsUnsubmitted": 0.0,
        "NumBondsAllowed": null,
        "NumBondsActive": 1,
        "NumBondsInCart": 0,
        "NumBondsExpired": 1,
        "NumBondsProcessing": 0,
        "NumBondsUnsubmitted": 0,
        "TotalValueBondsRemainingMax": 0.0,
        "TotalValueBondsRemaining": 0.0,
        "NumBondsRemaining": null
    },
    {
        "FacilityID": "201404-0001",
        "CanIssueNewBonds": true,
        "TotalValueBondsAllowed": 300674.89,
        "TotalValueBondsActive": 464736.95,
        "TotalValueBondsInCart": 121766.00,
        "TotalValueBondsExpired": 464736.95,
        "TotalValueBondsProcessing": 45210.00,
        "TotalValueBondsUnsubmitted": 76556.00,
        "NumBondsAllowed": null,
        "NumBondsActive": 12,
        "NumBondsInCart": 32,
        "NumBondsExpired": 12,
        "NumBondsProcessing": 31,
        "NumBondsUnsubmitted": 1,
        "TotalValueBondsRemainingMax": 0.0,
        "TotalValueBondsRemaining": 0.0,
        "NumBondsRemaining": null
    },
    {
        "FacilityID": "201405-0001",
        "CanIssueNewBonds": true,
        "TotalValueBondsAllowed": 4500000.00,
        "TotalValueBondsActive": 3038031.76,
        "TotalValueBondsInCart": 0.0,
        "TotalValueBondsExpired": 2694031.76,
        "TotalValueBondsProcessing": 0.0,
        "TotalValueBondsUnsubmitted": 0.0,
        "NumBondsAllowed": null,
        "NumBondsActive": 18,
        "NumBondsInCart": 0,
        "NumBondsExpired": 15,
        "NumBondsProcessing": 0,
        "NumBondsUnsubmitted": 0,
        "TotalValueBondsRemainingMax": 1461968.24,
        "TotalValueBondsRemaining": 1461968.24,
        "NumBondsRemaining": null
    },
    {
        "FacilityID": "201405-0002",
        "CanIssueNewBonds": true,
        "TotalValueBondsAllowed": 25000000.00,
        "TotalValueBondsActive": 0.0,
        "TotalValueBondsInCart": 0.0,
        "TotalValueBondsExpired": 0.0,
        "TotalValueBondsProcessing": 0.0,
        "TotalValueBondsUnsubmitted": 0.0,
        "NumBondsAllowed": null,
        "NumBondsActive": 0,
        "NumBondsInCart": 0,
        "NumBondsExpired": 0,
        "NumBondsProcessing": 0,
        "NumBondsUnsubmitted": 0,
        "TotalValueBondsRemainingMax": 25000000.00,
        "TotalValueBondsRemaining": 25000000.00,
        "NumBondsRemaining": null
    },
    {
        "FacilityID": "201407-0001",
        "CanIssueNewBonds": true,
        "TotalValueBondsAllowed": 334029.85,
        "TotalValueBondsActive": 0.0,
        "TotalValueBondsInCart": 0.0,
        "TotalValueBondsExpired": 0.0,
        "TotalValueBondsProcessing": 0.0,
        "TotalValueBondsUnsubmitted": 0.0,
        "NumBondsAllowed": null,
        "NumBondsActive": 0,
        "NumBondsInCart": 0,
        "NumBondsExpired": 0,
        "NumBondsProcessing": 0,
        "NumBondsUnsubmitted": 0,
        "TotalValueBondsRemainingMax": 334029.85,
        "TotalValueBondsRemaining": 334029.85,
        "NumBondsRemaining": null
    },
    {
        "FacilityID": "201408-0001",
        "CanIssueNewBonds": false,
        "TotalValueBondsAllowed": 3000000.00,
        "TotalValueBondsActive": 0.0,
        "TotalValueBondsInCart": 0.0,
        "TotalValueBondsExpired": 0.0,
        "TotalValueBondsProcessing": 0.0,
        "TotalValueBondsUnsubmitted": 0.0,
        "NumBondsAllowed": null,
        "NumBondsActive": 0,
        "NumBondsInCart": 0,
        "NumBondsExpired": 0,
        "NumBondsProcessing": 0,
        "NumBondsUnsubmitted": 0,
        "TotalValueBondsRemainingMax": 0.0,
        "TotalValueBondsRemaining": 0.0,
        "NumBondsRemaining": null
    },
    {
        "FacilityID": "201409-0001",
        "CanIssueNewBonds": false,
        "TotalValueBondsAllowed": 16488394.92,
        "TotalValueBondsActive": 0.0,
        "TotalValueBondsInCart": 0.0,
        "TotalValueBondsExpired": 0.0,
        "TotalValueBondsProcessing": 0.0,
        "TotalValueBondsUnsubmitted": 0.0,
        "NumBondsAllowed": null,
        "NumBondsActive": 0,
        "NumBondsInCart": 0,
        "NumBondsExpired": 0,
        "NumBondsProcessing": 0,
        "NumBondsUnsubmitted": 0,
        "TotalValueBondsRemainingMax": 0.0,
        "TotalValueBondsRemaining": 0.0,
        "NumBondsRemaining": null
    },
    {
        "FacilityID": "201410-0001",
        "CanIssueNewBonds": true,
        "TotalValueBondsAllowed": 3500000.00,
        "TotalValueBondsActive": 0.0,
        "TotalValueBondsInCart": 0.0,
        "TotalValueBondsExpired": 0.0,
        "TotalValueBondsProcessing": 0.0,
        "TotalValueBondsUnsubmitted": 0.0,
        "NumBondsAllowed": null,
        "NumBondsActive": 0,
        "NumBondsInCart": 0,
        "NumBondsExpired": 0,
        "NumBondsProcessing": 0,
        "NumBondsUnsubmitted": 0,
        "TotalValueBondsRemainingMax": 3500000.00,
        "TotalValueBondsRemaining": 3500000.00,
        "NumBondsRemaining": null
    },
    {
        "FacilityID": "201410-0002",
        "CanIssueNewBonds": true,
        "TotalValueBondsAllowed": 12000000.00,
        "TotalValueBondsActive": 0.0,
        "TotalValueBondsInCart": 0.0,
        "TotalValueBondsExpired": 0.0,
        "TotalValueBondsProcessing": 0.0,
        "TotalValueBondsUnsubmitted": 0.0,
        "NumBondsAllowed": null,
        "NumBondsActive": 0,
        "NumBondsInCart": 0,
        "NumBondsExpired": 0,
        "NumBondsProcessing": 0,
        "NumBondsUnsubmitted": 0,
        "TotalValueBondsRemainingMax": 12000000.00,
        "TotalValueBondsRemaining": 12000000.00,
        "NumBondsRemaining": null
    },
    {
        "FacilityID": "201410-0003",
        "CanIssueNewBonds": true,
        "TotalValueBondsAllowed": 70000000.00,
        "TotalValueBondsActive": 52884582.29,
        "TotalValueBondsInCart": 323232.00,
        "TotalValueBondsExpired": 42931222.20,
        "TotalValueBondsProcessing": 0.0,
        "TotalValueBondsUnsubmitted": 323232.00,
        "NumBondsAllowed": null,
        "NumBondsActive": 86,
        "NumBondsInCart": 2,
        "NumBondsExpired": 78,
        "NumBondsProcessing": 0,
        "NumBondsUnsubmitted": 2,
        "TotalValueBondsRemainingMax": 16792185.71,
        "TotalValueBondsRemaining": 16792185.71,
        "NumBondsRemaining": null
    },
    {
        "FacilityID": "201411-0001",
        "CanIssueNewBonds": true,
        "TotalValueBondsAllowed": 2863478.01,
        "TotalValueBondsActive": 0.0,
        "TotalValueBondsInCart": 0.0,
        "TotalValueBondsExpired": 0.0,
        "TotalValueBondsProcessing": 0.0,
        "TotalValueBondsUnsubmitted": 0.0,
        "NumBondsAllowed": null,
        "NumBondsActive": 0,
        "NumBondsInCart": 0,
        "NumBondsExpired": 0,
        "NumBondsProcessing": 0,
        "NumBondsUnsubmitted": 0,
        "TotalValueBondsRemainingMax": 2863478.01,
        "TotalValueBondsRemaining": 2863478.01,
        "NumBondsRemaining": null
    },
    {
        "FacilityID": "201412-0001",
        "CanIssueNewBonds": false,
        "TotalValueBondsAllowed": 0.00,
        "TotalValueBondsActive": 0.0,
        "TotalValueBondsInCart": 0.0,
        "TotalValueBondsExpired": 0.0,
        "TotalValueBondsProcessing": 0.0,
        "TotalValueBondsUnsubmitted": 0.0,
        "NumBondsAllowed": null,
        "NumBondsActive": 0,
        "NumBondsInCart": 0,
        "NumBondsExpired": 0,
        "NumBondsProcessing": 0,
        "NumBondsUnsubmitted": 0,
        "TotalValueBondsRemainingMax": 0.0,
        "TotalValueBondsRemaining": 0.0,
        "NumBondsRemaining": null
    },
    {
        "FacilityID": "201501-0001",
        "CanIssueNewBonds": true,
        "TotalValueBondsAllowed": 30000000.00,
        "TotalValueBondsActive": 0.0,
        "TotalValueBondsInCart": 0.0,
        "TotalValueBondsExpired": 0.0,
        "TotalValueBondsProcessing": 0.0,
        "TotalValueBondsUnsubmitted": 0.0,
        "NumBondsAllowed": null,
        "NumBondsActive": 0,
        "NumBondsInCart": 0,
        "NumBondsExpired": 0,
        "NumBondsProcessing": 0,
        "NumBondsUnsubmitted": 0,
        "TotalValueBondsRemainingMax": 30000000.00,
        "TotalValueBondsRemaining": 30000000.00,
        "NumBondsRemaining": null
    },
    {
        "FacilityID": "201502-0001",
        "CanIssueNewBonds": false,
        "TotalValueBondsAllowed": 4595544.30,
        "TotalValueBondsActive": 0.0,
        "TotalValueBondsInCart": 0.0,
        "TotalValueBondsExpired": 0.0,
        "TotalValueBondsProcessing": 0.0,
        "TotalValueBondsUnsubmitted": 0.0,
        "NumBondsAllowed": null,
        "NumBondsActive": 0,
        "NumBondsInCart": 0,
        "NumBondsExpired": 0,
        "NumBondsProcessing": 0,
        "NumBondsUnsubmitted": 0,
        "TotalValueBondsRemainingMax": 0.0,
        "TotalValueBondsRemaining": 0.0,
        "NumBondsRemaining": null
    },
    {
        "FacilityID": "201503-0001",
        "CanIssueNewBonds": false,
        "TotalValueBondsAllowed": 0.00,
        "TotalValueBondsActive": 0.0,
        "TotalValueBondsInCart": 0.0,
        "TotalValueBondsExpired": 0.0,
        "TotalValueBondsProcessing": 0.0,
        "TotalValueBondsUnsubmitted": 0.0,
        "NumBondsAllowed": null,
        "NumBondsActive": 0,
        "NumBondsInCart": 0,
        "NumBondsExpired": 0,
        "NumBondsProcessing": 0,
        "NumBondsUnsubmitted": 0,
        "TotalValueBondsRemainingMax": 0.0,
        "TotalValueBondsRemaining": 0.0,
        "NumBondsRemaining": null
    },
    {
        "FacilityID": "201504-0001",
        "CanIssueNewBonds": true,
        "TotalValueBondsAllowed": 1893223.19,
        "TotalValueBondsActive": 0.0,
        "TotalValueBondsInCart": 0.0,
        "TotalValueBondsExpired": 0.0,
        "TotalValueBondsProcessing": 0.0,
        "TotalValueBondsUnsubmitted": 0.0,
        "NumBondsAllowed": null,
        "NumBondsActive": 0,
        "NumBondsInCart": 0,
        "NumBondsExpired": 0,
        "NumBondsProcessing": 0,
        "NumBondsUnsubmitted": 0,
        "TotalValueBondsRemainingMax": 1893223.19,
        "TotalValueBondsRemaining": 1893223.19,
        "NumBondsRemaining": null
    },
    {
        "FacilityID": "201504-0002",
        "CanIssueNewBonds": true,
        "TotalValueBondsAllowed": 20000000.00,
        "TotalValueBondsActive": 7422461.94,
        "TotalValueBondsInCart": 2374668.00,
        "TotalValueBondsExpired": 7422461.94,
        "TotalValueBondsProcessing": 1019001.00,
        "TotalValueBondsUnsubmitted": 1355667.00,
        "NumBondsAllowed": null,
        "NumBondsActive": 9,
        "NumBondsInCart": 5,
        "NumBondsExpired": 9,
        "NumBondsProcessing": 3,
        "NumBondsUnsubmitted": 2,
        "TotalValueBondsRemainingMax": 10202870.06,
        "TotalValueBondsRemaining": 10202870.06,
        "NumBondsRemaining": null
    },
    {
        "FacilityID": "201504-0003",
        "CanIssueNewBonds": false,
        "TotalValueBondsAllowed": 0.00,
        "TotalValueBondsActive": 0.0,
        "TotalValueBondsInCart": 0.0,
        "TotalValueBondsExpired": 0.0,
        "TotalValueBondsProcessing": 0.0,
        "TotalValueBondsUnsubmitted": 0.0,
        "NumBondsAllowed": null,
        "NumBondsActive": 0,
        "NumBondsInCart": 0,
        "NumBondsExpired": 0,
        "NumBondsProcessing": 0,
        "NumBondsUnsubmitted": 0,
        "TotalValueBondsRemainingMax": 0.0,
        "TotalValueBondsRemaining": 0.0,
        "NumBondsRemaining": null
    },
    {
        "FacilityID": "201504-0004",
        "CanIssueNewBonds": false,
        "TotalValueBondsAllowed": 5000000.00,
        "TotalValueBondsActive": 1253247.54,
        "TotalValueBondsInCart": 0.0,
        "TotalValueBondsExpired": 1253247.54,
        "TotalValueBondsProcessing": 0.0,
        "TotalValueBondsUnsubmitted": 0.0,
        "NumBondsAllowed": null,
        "NumBondsActive": 6,
        "NumBondsInCart": 0,
        "NumBondsExpired": 6,
        "NumBondsProcessing": 0,
        "NumBondsUnsubmitted": 0,
        "TotalValueBondsRemainingMax": 0.0,
        "TotalValueBondsRemaining": 0.0,
        "NumBondsRemaining": null
    },
    {
        "FacilityID": "201504-0005",
        "CanIssueNewBonds": false,
        "TotalValueBondsAllowed": 0.00,
        "TotalValueBondsActive": 0.0,
        "TotalValueBondsInCart": 0.0,
        "TotalValueBondsExpired": 0.0,
        "TotalValueBondsProcessing": 0.0,
        "TotalValueBondsUnsubmitted": 0.0,
        "NumBondsAllowed": null,
        "NumBondsActive": 0,
        "NumBondsInCart": 0,
        "NumBondsExpired": 0,
        "NumBondsProcessing": 0,
        "NumBondsUnsubmitted": 0,
        "TotalValueBondsRemainingMax": 0.0,
        "TotalValueBondsRemaining": 0.0,
        "NumBondsRemaining": null
    },
    {
        "FacilityID": "201506-0001",
        "CanIssueNewBonds": true,
        "TotalValueBondsAllowed": 20000000.00,
        "TotalValueBondsActive": 160877.45,
        "TotalValueBondsInCart": 0.0,
        "TotalValueBondsExpired": 63877.67,
        "TotalValueBondsProcessing": 0.0,
        "TotalValueBondsUnsubmitted": 0.0,
        "NumBondsAllowed": null,
        "NumBondsActive": 3,
        "NumBondsInCart": 0,
        "NumBondsExpired": 1,
        "NumBondsProcessing": 0,
        "NumBondsUnsubmitted": 0,
        "TotalValueBondsRemainingMax": 19839122.55,
        "TotalValueBondsRemaining": 19839122.55,
        "NumBondsRemaining": null
    },
    {
        "FacilityID": "201507-0001",
        "CanIssueNewBonds": true,
        "TotalValueBondsAllowed": 80000000.00,
        "TotalValueBondsActive": 64268651.80,
        "TotalValueBondsInCart": 679000.00,
        "TotalValueBondsExpired": 39607789.80,
        "TotalValueBondsProcessing": 29000.00,
        "TotalValueBondsUnsubmitted": 650000.00,
        "NumBondsAllowed": null,
        "NumBondsActive": 73,
        "NumBondsInCart": 3,
        "NumBondsExpired": 63,
        "NumBondsProcessing": 2,
        "NumBondsUnsubmitted": 1,
        "TotalValueBondsRemainingMax": 15052348.20,
        "TotalValueBondsRemaining": 15052348.20,
        "NumBondsRemaining": null
    },
    {
        "FacilityID": "201507-0002",
        "CanIssueNewBonds": true,
        "TotalValueBondsAllowed": 2696483.95,
        "TotalValueBondsActive": 0.0,
        "TotalValueBondsInCart": 0.0,
        "TotalValueBondsExpired": 0.0,
        "TotalValueBondsProcessing": 0.0,
        "TotalValueBondsUnsubmitted": 0.0,
        "NumBondsAllowed": null,
        "NumBondsActive": 0,
        "NumBondsInCart": 0,
        "NumBondsExpired": 0,
        "NumBondsProcessing": 0,
        "NumBondsUnsubmitted": 0,
        "TotalValueBondsRemainingMax": 2696483.95,
        "TotalValueBondsRemaining": 2696483.95,
        "NumBondsRemaining": null
    },
    {
        "FacilityID": "201508-0001",
        "CanIssueNewBonds": false,
        "TotalValueBondsAllowed": 0.00,
        "TotalValueBondsActive": 0.0,
        "TotalValueBondsInCart": 0.0,
        "TotalValueBondsExpired": 0.0,
        "TotalValueBondsProcessing": 0.0,
        "TotalValueBondsUnsubmitted": 0.0,
        "NumBondsAllowed": null,
        "NumBondsActive": 0,
        "NumBondsInCart": 0,
        "NumBondsExpired": 0,
        "NumBondsProcessing": 0,
        "NumBondsUnsubmitted": 0,
        "TotalValueBondsRemainingMax": 0.0,
        "TotalValueBondsRemaining": 0.0,
        "NumBondsRemaining": null
    },
    {
        "FacilityID": "201508-0002",
        "CanIssueNewBonds": false,
        "TotalValueBondsAllowed": 0.00,
        "TotalValueBondsActive": 0.0,
        "TotalValueBondsInCart": 0.0,
        "TotalValueBondsExpired": 0.0,
        "TotalValueBondsProcessing": 0.0,
        "TotalValueBondsUnsubmitted": 0.0,
        "NumBondsAllowed": null,
        "NumBondsActive": 0,
        "NumBondsInCart": 0,
        "NumBondsExpired": 0,
        "NumBondsProcessing": 0,
        "NumBondsUnsubmitted": 0,
        "TotalValueBondsRemainingMax": 0.0,
        "TotalValueBondsRemaining": 0.0,
        "NumBondsRemaining": null
    },
    {
        "FacilityID": "201508-0003",
        "CanIssueNewBonds": false,
        "TotalValueBondsAllowed": 185773.00,
        "TotalValueBondsActive": 0.0,
        "TotalValueBondsInCart": 0.0,
        "TotalValueBondsExpired": 0.0,
        "TotalValueBondsProcessing": 0.0,
        "TotalValueBondsUnsubmitted": 0.0,
        "NumBondsAllowed": null,
        "NumBondsActive": 0,
        "NumBondsInCart": 0,
        "NumBondsExpired": 0,
        "NumBondsProcessing": 0,
        "NumBondsUnsubmitted": 0,
        "TotalValueBondsRemainingMax": 0.0,
        "TotalValueBondsRemaining": 0.0,
        "NumBondsRemaining": null
    },
    {
        "FacilityID": "201508-0004",
        "CanIssueNewBonds": true,
        "TotalValueBondsAllowed": 85000000.00,
        "TotalValueBondsActive": 0.0,
        "TotalValueBondsInCart": 0.0,
        "TotalValueBondsExpired": 0.0,
        "TotalValueBondsProcessing": 0.0,
        "TotalValueBondsUnsubmitted": 0.0,
        "NumBondsAllowed": null,
        "NumBondsActive": 0,
        "NumBondsInCart": 0,
        "NumBondsExpired": 0,
        "NumBondsProcessing": 0,
        "NumBondsUnsubmitted": 0,
        "TotalValueBondsRemainingMax": 85000000.00,
        "TotalValueBondsRemaining": 85000000.00,
        "NumBondsRemaining": null
    },
    {
        "FacilityID": "201509-0001",
        "CanIssueNewBonds": false,
        "TotalValueBondsAllowed": 0.00,
        "TotalValueBondsActive": 0.0,
        "TotalValueBondsInCart": 0.0,
        "TotalValueBondsExpired": 0.0,
        "TotalValueBondsProcessing": 0.0,
        "TotalValueBondsUnsubmitted": 0.0,
        "NumBondsAllowed": null,
        "NumBondsActive": 0,
        "NumBondsInCart": 0,
        "NumBondsExpired": 0,
        "NumBondsProcessing": 0,
        "NumBondsUnsubmitted": 0,
        "TotalValueBondsRemainingMax": 0.0,
        "TotalValueBondsRemaining": 0.0,
        "NumBondsRemaining": null
    },
    {
        "FacilityID": "201509-0002",
        "CanIssueNewBonds": false,
        "TotalValueBondsAllowed": 0.00,
        "TotalValueBondsActive": 0.0,
        "TotalValueBondsInCart": 0.0,
        "TotalValueBondsExpired": 0.0,
        "TotalValueBondsProcessing": 0.0,
        "TotalValueBondsUnsubmitted": 0.0,
        "NumBondsAllowed": null,
        "NumBondsActive": 0,
        "NumBondsInCart": 0,
        "NumBondsExpired": 0,
        "NumBondsProcessing": 0,
        "NumBondsUnsubmitted": 0,
        "TotalValueBondsRemainingMax": 0.0,
        "TotalValueBondsRemaining": 0.0,
        "NumBondsRemaining": null
    },
    {
        "FacilityID": "201510-0001",
        "CanIssueNewBonds": true,
        "TotalValueBondsAllowed": 35000000.00,
        "TotalValueBondsActive": 0.0,
        "TotalValueBondsInCart": 0.0,
        "TotalValueBondsExpired": 0.0,
        "TotalValueBondsProcessing": 0.0,
        "TotalValueBondsUnsubmitted": 0.0,
        "NumBondsAllowed": null,
        "NumBondsActive": 0,
        "NumBondsInCart": 0,
        "NumBondsExpired": 0,
        "NumBondsProcessing": 0,
        "NumBondsUnsubmitted": 0,
        "TotalValueBondsRemainingMax": 35000000.00,
        "TotalValueBondsRemaining": 35000000.00,
        "NumBondsRemaining": null
    },
    {
        "FacilityID": "201510-0002",
        "CanIssueNewBonds": true,
        "TotalValueBondsAllowed": 3511051.67,
        "TotalValueBondsActive": 0.0,
        "TotalValueBondsInCart": 0.0,
        "TotalValueBondsExpired": 0.0,
        "TotalValueBondsProcessing": 0.0,
        "TotalValueBondsUnsubmitted": 0.0,
        "NumBondsAllowed": null,
        "NumBondsActive": 0,
        "NumBondsInCart": 0,
        "NumBondsExpired": 0,
        "NumBondsProcessing": 0,
        "NumBondsUnsubmitted": 0,
        "TotalValueBondsRemainingMax": 3511051.67,
        "TotalValueBondsRemaining": 3511051.67,
        "NumBondsRemaining": null
    },
    {
        "FacilityID": "201511-0001",
        "CanIssueNewBonds": false,
        "TotalValueBondsAllowed": 0.00,
        "TotalValueBondsActive": 0.0,
        "TotalValueBondsInCart": 0.0,
        "TotalValueBondsExpired": 0.0,
        "TotalValueBondsProcessing": 0.0,
        "TotalValueBondsUnsubmitted": 0.0,
        "NumBondsAllowed": null,
        "NumBondsActive": 0,
        "NumBondsInCart": 0,
        "NumBondsExpired": 0,
        "NumBondsProcessing": 0,
        "NumBondsUnsubmitted": 0,
        "TotalValueBondsRemainingMax": 0.0,
        "TotalValueBondsRemaining": 0.0,
        "NumBondsRemaining": null
    },
    {
        "FacilityID": "201511-0002",
        "CanIssueNewBonds": true,
        "TotalValueBondsAllowed": 899899.00,
        "TotalValueBondsActive": 2269207.00,
        "TotalValueBondsInCart": 0.0,
        "TotalValueBondsExpired": 2269207.00,
        "TotalValueBondsProcessing": 0.0,
        "TotalValueBondsUnsubmitted": 0.0,
        "NumBondsAllowed": null,
        "NumBondsActive": 14,
        "NumBondsInCart": 0,
        "NumBondsExpired": 14,
        "NumBondsProcessing": 0,
        "NumBondsUnsubmitted": 0,
        "TotalValueBondsRemainingMax": 0.0,
        "TotalValueBondsRemaining": 0.0,
        "NumBondsRemaining": null
    },
    {
        "FacilityID": "201601-0001",
        "CanIssueNewBonds": true,
        "TotalValueBondsAllowed": 0.00,
        "TotalValueBondsActive": 0.0,
        "TotalValueBondsInCart": 0.0,
        "TotalValueBondsExpired": 0.0,
        "TotalValueBondsProcessing": 0.0,
        "TotalValueBondsUnsubmitted": 0.0,
        "NumBondsAllowed": null,
        "NumBondsActive": 0,
        "NumBondsInCart": 0,
        "NumBondsExpired": 0,
        "NumBondsProcessing": 0,
        "NumBondsUnsubmitted": 0,
        "TotalValueBondsRemainingMax": 0.0,
        "TotalValueBondsRemaining": 0.0,
        "NumBondsRemaining": null
    },
    {
        "FacilityID": "201604-0001",
        "CanIssueNewBonds": true,
        "TotalValueBondsAllowed": 25000000.00,
        "TotalValueBondsActive": 0.0,
        "TotalValueBondsInCart": 0.0,
        "TotalValueBondsExpired": 0.0,
        "TotalValueBondsProcessing": 0.0,
        "TotalValueBondsUnsubmitted": 0.0,
        "NumBondsAllowed": null,
        "NumBondsActive": 0,
        "NumBondsInCart": 0,
        "NumBondsExpired": 0,
        "NumBondsProcessing": 0,
        "NumBondsUnsubmitted": 0,
        "TotalValueBondsRemainingMax": 25000000.00,
        "TotalValueBondsRemaining": 25000000.00,
        "NumBondsRemaining": null
    },
    {
        "FacilityID": "201604-0002",
        "CanIssueNewBonds": false,
        "TotalValueBondsAllowed": 0.00,
        "TotalValueBondsActive": 0.0,
        "TotalValueBondsInCart": 0.0,
        "TotalValueBondsExpired": 0.0,
        "TotalValueBondsProcessing": 0.0,
        "TotalValueBondsUnsubmitted": 0.0,
        "NumBondsAllowed": null,
        "NumBondsActive": 0,
        "NumBondsInCart": 0,
        "NumBondsExpired": 0,
        "NumBondsProcessing": 0,
        "NumBondsUnsubmitted": 0,
        "TotalValueBondsRemainingMax": 0.0,
        "TotalValueBondsRemaining": 0.0,
        "NumBondsRemaining": null
    },
    {
        "FacilityID": "201605-0001",
        "CanIssueNewBonds": false,
        "TotalValueBondsAllowed": 0.00,
        "TotalValueBondsActive": 0.0,
        "TotalValueBondsInCart": 0.0,
        "TotalValueBondsExpired": 0.0,
        "TotalValueBondsProcessing": 0.0,
        "TotalValueBondsUnsubmitted": 0.0,
        "NumBondsAllowed": null,
        "NumBondsActive": 0,
        "NumBondsInCart": 0,
        "NumBondsExpired": 0,
        "NumBondsProcessing": 0,
        "NumBondsUnsubmitted": 0,
        "TotalValueBondsRemainingMax": 0.0,
        "TotalValueBondsRemaining": 0.0,
        "NumBondsRemaining": null
    },
    {
        "FacilityID": "201605-0002",
        "CanIssueNewBonds": true,
        "TotalValueBondsAllowed": 20000000.00,
        "TotalValueBondsActive": 0.0,
        "TotalValueBondsInCart": 0.0,
        "TotalValueBondsExpired": 0.0,
        "TotalValueBondsProcessing": 0.0,
        "TotalValueBondsUnsubmitted": 0.0,
        "NumBondsAllowed": null,
        "NumBondsActive": 0,
        "NumBondsInCart": 0,
        "NumBondsExpired": 0,
        "NumBondsProcessing": 0,
        "NumBondsUnsubmitted": 0,
        "TotalValueBondsRemainingMax": 20000000.00,
        "TotalValueBondsRemaining": 20000000.00,
        "NumBondsRemaining": null
    },
    {
        "FacilityID": "201606-0001",
        "CanIssueNewBonds": true,
        "TotalValueBondsAllowed": 25000000.00,
        "TotalValueBondsActive": 14518208.00,
        "TotalValueBondsInCart": 0.0,
        "TotalValueBondsExpired": 12438283.00,
        "TotalValueBondsProcessing": 0.0,
        "TotalValueBondsUnsubmitted": 0.0,
        "NumBondsAllowed": null,
        "NumBondsActive": 21,
        "NumBondsInCart": 0,
        "NumBondsExpired": 19,
        "NumBondsProcessing": 0,
        "NumBondsUnsubmitted": 0,
        "TotalValueBondsRemainingMax": 10481792.00,
        "TotalValueBondsRemaining": 10481792.00,
        "NumBondsRemaining": null
    },
    {
        "FacilityID": "201606-0002",
        "CanIssueNewBonds": false,
        "TotalValueBondsAllowed": 0.00,
        "TotalValueBondsActive": 0.0,
        "TotalValueBondsInCart": 0.0,
        "TotalValueBondsExpired": 0.0,
        "TotalValueBondsProcessing": 0.0,
        "TotalValueBondsUnsubmitted": 0.0,
        "NumBondsAllowed": null,
        "NumBondsActive": 0,
        "NumBondsInCart": 0,
        "NumBondsExpired": 0,
        "NumBondsProcessing": 0,
        "NumBondsUnsubmitted": 0,
        "TotalValueBondsRemainingMax": 0.0,
        "TotalValueBondsRemaining": 0.0,
        "NumBondsRemaining": null
    },
    {
        "FacilityID": "201606-0003",
        "CanIssueNewBonds": true,
        "TotalValueBondsAllowed": 220000000.00,
        "TotalValueBondsActive": 0.0,
        "TotalValueBondsInCart": 0.0,
        "TotalValueBondsExpired": 0.0,
        "TotalValueBondsProcessing": 0.0,
        "TotalValueBondsUnsubmitted": 0.0,
        "NumBondsAllowed": null,
        "NumBondsActive": 0,
        "NumBondsInCart": 0,
        "NumBondsExpired": 0,
        "NumBondsProcessing": 0,
        "NumBondsUnsubmitted": 0,
        "TotalValueBondsRemainingMax": 220000000.00,
        "TotalValueBondsRemaining": 220000000.00,
        "NumBondsRemaining": null
    },
    {
        "FacilityID": "201606-0004",
        "CanIssueNewBonds": false,
        "TotalValueBondsAllowed": 3000000.00,
        "TotalValueBondsActive": 0.0,
        "TotalValueBondsInCart": 0.0,
        "TotalValueBondsExpired": 0.0,
        "TotalValueBondsProcessing": 0.0,
        "TotalValueBondsUnsubmitted": 0.0,
        "NumBondsAllowed": null,
        "NumBondsActive": 0,
        "NumBondsInCart": 0,
        "NumBondsExpired": 0,
        "NumBondsProcessing": 0,
        "NumBondsUnsubmitted": 0,
        "TotalValueBondsRemainingMax": 0.0,
        "TotalValueBondsRemaining": 0.0,
        "NumBondsRemaining": null
    },
    {
        "FacilityID": "201606-0005",
        "CanIssueNewBonds": true,
        "TotalValueBondsAllowed": 6250000.00,
        "TotalValueBondsActive": 0.0,
        "TotalValueBondsInCart": 0.0,
        "TotalValueBondsExpired": 0.0,
        "TotalValueBondsProcessing": 0.0,
        "TotalValueBondsUnsubmitted": 0.0,
        "NumBondsAllowed": null,
        "NumBondsActive": 0,
        "NumBondsInCart": 0,
        "NumBondsExpired": 0,
        "NumBondsProcessing": 0,
        "NumBondsUnsubmitted": 0,
        "TotalValueBondsRemainingMax": 6250000.00,
        "TotalValueBondsRemaining": 6250000.00,
        "NumBondsRemaining": null
    },
    {
        "FacilityID": "201606-0006",
        "CanIssueNewBonds": false,
        "TotalValueBondsAllowed": 0.00,
        "TotalValueBondsActive": 0.0,
        "TotalValueBondsInCart": 0.0,
        "TotalValueBondsExpired": 0.0,
        "TotalValueBondsProcessing": 0.0,
        "TotalValueBondsUnsubmitted": 0.0,
        "NumBondsAllowed": null,
        "NumBondsActive": 0,
        "NumBondsInCart": 0,
        "NumBondsExpired": 0,
        "NumBondsProcessing": 0,
        "NumBondsUnsubmitted": 0,
        "TotalValueBondsRemainingMax": 0.0,
        "TotalValueBondsRemaining": 0.0,
        "NumBondsRemaining": null
    },
    {
        "FacilityID": "201608-0001",
        "CanIssueNewBonds": false,
        "TotalValueBondsAllowed": 0.00,
        "TotalValueBondsActive": 0.0,
        "TotalValueBondsInCart": 0.0,
        "TotalValueBondsExpired": 0.0,
        "TotalValueBondsProcessing": 0.0,
        "TotalValueBondsUnsubmitted": 0.0,
        "NumBondsAllowed": null,
        "NumBondsActive": 0,
        "NumBondsInCart": 0,
        "NumBondsExpired": 0,
        "NumBondsProcessing": 0,
        "NumBondsUnsubmitted": 0,
        "TotalValueBondsRemainingMax": 0.0,
        "TotalValueBondsRemaining": 0.0,
        "NumBondsRemaining": null
    },
    {
        "FacilityID": "201608-0002",
        "CanIssueNewBonds": false,
        "TotalValueBondsAllowed": 0.00,
        "TotalValueBondsActive": 0.0,
        "TotalValueBondsInCart": 0.0,
        "TotalValueBondsExpired": 0.0,
        "TotalValueBondsProcessing": 0.0,
        "TotalValueBondsUnsubmitted": 0.0,
        "NumBondsAllowed": null,
        "NumBondsActive": 0,
        "NumBondsInCart": 0,
        "NumBondsExpired": 0,
        "NumBondsProcessing": 0,
        "NumBondsUnsubmitted": 0,
        "TotalValueBondsRemainingMax": 0.0,
        "TotalValueBondsRemaining": 0.0,
        "NumBondsRemaining": null
    },
    {
        "FacilityID": "201609-0001",
        "CanIssueNewBonds": true,
        "TotalValueBondsAllowed": 28000000.00,
        "TotalValueBondsActive": 0.0,
        "TotalValueBondsInCart": 234343434323230.00,
        "TotalValueBondsExpired": 0.0,
        "TotalValueBondsProcessing": 0.0,
        "TotalValueBondsUnsubmitted": 234343434323230.00,
        "NumBondsAllowed": null,
        "NumBondsActive": 0,
        "NumBondsInCart": 1,
        "NumBondsExpired": 0,
        "NumBondsProcessing": 0,
        "NumBondsUnsubmitted": 1,
        "TotalValueBondsRemainingMax": 0.0,
        "TotalValueBondsRemaining": 0.0,
        "NumBondsRemaining": null
    },
    {
        "FacilityID": "201609-0002",
        "CanIssueNewBonds": true,
        "TotalValueBondsAllowed": 15000000.00,
        "TotalValueBondsActive": 0.0,
        "TotalValueBondsInCart": 0.0,
        "TotalValueBondsExpired": 0.0,
        "TotalValueBondsProcessing": 0.0,
        "TotalValueBondsUnsubmitted": 0.0,
        "NumBondsAllowed": null,
        "NumBondsActive": 0,
        "NumBondsInCart": 0,
        "NumBondsExpired": 0,
        "NumBondsProcessing": 0,
        "NumBondsUnsubmitted": 0,
        "TotalValueBondsRemainingMax": 15000000.00,
        "TotalValueBondsRemaining": 15000000.00,
        "NumBondsRemaining": null
    },
    {
        "FacilityID": "201610-0001",
        "CanIssueNewBonds": true,
        "TotalValueBondsAllowed": 6500000.00,
        "TotalValueBondsActive": 0.0,
        "TotalValueBondsInCart": 0.0,
        "TotalValueBondsExpired": 0.0,
        "TotalValueBondsProcessing": 0.0,
        "TotalValueBondsUnsubmitted": 0.0,
        "NumBondsAllowed": null,
        "NumBondsActive": 0,
        "NumBondsInCart": 0,
        "NumBondsExpired": 0,
        "NumBondsProcessing": 0,
        "NumBondsUnsubmitted": 0,
        "TotalValueBondsRemainingMax": 6500000.00,
        "TotalValueBondsRemaining": 6500000.00,
        "NumBondsRemaining": null
    },
    {
        "FacilityID": "201610-0002",
        "CanIssueNewBonds": true,
        "TotalValueBondsAllowed": 10000000.00,
        "TotalValueBondsActive": 5928747.93,
        "TotalValueBondsInCart": 0.0,
        "TotalValueBondsExpired": 5928747.93,
        "TotalValueBondsProcessing": 0.0,
        "TotalValueBondsUnsubmitted": 0.0,
        "NumBondsAllowed": null,
        "NumBondsActive": 11,
        "NumBondsInCart": 0,
        "NumBondsExpired": 11,
        "NumBondsProcessing": 0,
        "NumBondsUnsubmitted": 0,
        "TotalValueBondsRemainingMax": 4071252.07,
        "TotalValueBondsRemaining": 4071252.07,
        "NumBondsRemaining": null
    },
    {
        "FacilityID": "201610-0003",
        "CanIssueNewBonds": false,
        "TotalValueBondsAllowed": 0.00,
        "TotalValueBondsActive": 0.0,
        "TotalValueBondsInCart": 0.0,
        "TotalValueBondsExpired": 0.0,
        "TotalValueBondsProcessing": 0.0,
        "TotalValueBondsUnsubmitted": 0.0,
        "NumBondsAllowed": null,
        "NumBondsActive": 0,
        "NumBondsInCart": 0,
        "NumBondsExpired": 0,
        "NumBondsProcessing": 0,
        "NumBondsUnsubmitted": 0,
        "TotalValueBondsRemainingMax": 0.0,
        "TotalValueBondsRemaining": 0.0,
        "NumBondsRemaining": null
    },
    {
        "FacilityID": "201610-0004",
        "CanIssueNewBonds": true,
        "TotalValueBondsAllowed": 25000000.00,
        "TotalValueBondsActive": 16543395.82,
        "TotalValueBondsInCart": 310000.00,
        "TotalValueBondsExpired": 13226455.56,
        "TotalValueBondsProcessing": 310000.00,
        "TotalValueBondsUnsubmitted": 0.0,
        "NumBondsAllowed": null,
        "NumBondsActive": 19,
        "NumBondsInCart": 8,
        "NumBondsExpired": 14,
        "NumBondsProcessing": 8,
        "NumBondsUnsubmitted": 0,
        "TotalValueBondsRemainingMax": 8146604.18,
        "TotalValueBondsRemaining": 8146604.18,
        "NumBondsRemaining": null
    },
    {
        "FacilityID": "201611-0001",
        "CanIssueNewBonds": true,
        "TotalValueBondsAllowed": 3873247.97,
        "TotalValueBondsActive": 0.0,
        "TotalValueBondsInCart": 0.0,
        "TotalValueBondsExpired": 0.0,
        "TotalValueBondsProcessing": 0.0,
        "TotalValueBondsUnsubmitted": 0.0,
        "NumBondsAllowed": null,
        "NumBondsActive": 0,
        "NumBondsInCart": 0,
        "NumBondsExpired": 0,
        "NumBondsProcessing": 0,
        "NumBondsUnsubmitted": 0,
        "TotalValueBondsRemainingMax": 3873247.97,
        "TotalValueBondsRemaining": 3873247.97,
        "NumBondsRemaining": null
    },
    {
        "FacilityID": "201611-0002",
        "CanIssueNewBonds": false,
        "TotalValueBondsAllowed": 0.00,
        "TotalValueBondsActive": 0.0,
        "TotalValueBondsInCart": 0.0,
        "TotalValueBondsExpired": 0.0,
        "TotalValueBondsProcessing": 0.0,
        "TotalValueBondsUnsubmitted": 0.0,
        "NumBondsAllowed": null,
        "NumBondsActive": 0,
        "NumBondsInCart": 0,
        "NumBondsExpired": 0,
        "NumBondsProcessing": 0,
        "NumBondsUnsubmitted": 0,
        "TotalValueBondsRemainingMax": 0.0,
        "TotalValueBondsRemaining": 0.0,
        "NumBondsRemaining": null
    },
    {
        "FacilityID": "201611-0003",
        "CanIssueNewBonds": true,
        "TotalValueBondsAllowed": 25000000.00,
        "TotalValueBondsActive": 0.0,
        "TotalValueBondsInCart": 0.0,
        "TotalValueBondsExpired": 0.0,
        "TotalValueBondsProcessing": 0.0,
        "TotalValueBondsUnsubmitted": 0.0,
        "NumBondsAllowed": null,
        "NumBondsActive": 0,
        "NumBondsInCart": 0,
        "NumBondsExpired": 0,
        "NumBondsProcessing": 0,
        "NumBondsUnsubmitted": 0,
        "TotalValueBondsRemainingMax": 25000000.00,
        "TotalValueBondsRemaining": 25000000.00,
        "NumBondsRemaining": null
    },
    {
        "FacilityID": "201611-0004",
        "CanIssueNewBonds": true,
        "TotalValueBondsAllowed": 2166270.00,
        "TotalValueBondsActive": 0.0,
        "TotalValueBondsInCart": 0.0,
        "TotalValueBondsExpired": 0.0,
        "TotalValueBondsProcessing": 0.0,
        "TotalValueBondsUnsubmitted": 0.0,
        "NumBondsAllowed": null,
        "NumBondsActive": 0,
        "NumBondsInCart": 0,
        "NumBondsExpired": 0,
        "NumBondsProcessing": 0,
        "NumBondsUnsubmitted": 0,
        "TotalValueBondsRemainingMax": 2166270.00,
        "TotalValueBondsRemaining": 2166270.00,
        "NumBondsRemaining": null
    },
    {
        "FacilityID": "201611-0005",
        "CanIssueNewBonds": true,
        "TotalValueBondsAllowed": 5000000.00,
        "TotalValueBondsActive": 0.0,
        "TotalValueBondsInCart": 0.0,
        "TotalValueBondsExpired": 0.0,
        "TotalValueBondsProcessing": 0.0,
        "TotalValueBondsUnsubmitted": 0.0,
        "NumBondsAllowed": null,
        "NumBondsActive": 0,
        "NumBondsInCart": 0,
        "NumBondsExpired": 0,
        "NumBondsProcessing": 0,
        "NumBondsUnsubmitted": 0,
        "TotalValueBondsRemainingMax": 5000000.00,
        "TotalValueBondsRemaining": 5000000.00,
        "NumBondsRemaining": null
    },
    {
        "FacilityID": "201611-0006",
        "CanIssueNewBonds": true,
        "TotalValueBondsAllowed": 20000000.00,
        "TotalValueBondsActive": 824939.50,
        "TotalValueBondsInCart": 0.0,
        "TotalValueBondsExpired": 802257.55,
        "TotalValueBondsProcessing": 0.0,
        "TotalValueBondsUnsubmitted": 0.0,
        "NumBondsAllowed": null,
        "NumBondsActive": 6,
        "NumBondsInCart": 0,
        "NumBondsExpired": 5,
        "NumBondsProcessing": 0,
        "NumBondsUnsubmitted": 0,
        "TotalValueBondsRemainingMax": 19175060.50,
        "TotalValueBondsRemaining": 19175060.50,
        "NumBondsRemaining": null
    },
    {
        "FacilityID": "201611-0007",
        "CanIssueNewBonds": true,
        "TotalValueBondsAllowed": 675168.00,
        "TotalValueBondsActive": 0.0,
        "TotalValueBondsInCart": 0.0,
        "TotalValueBondsExpired": 0.0,
        "TotalValueBondsProcessing": 0.0,
        "TotalValueBondsUnsubmitted": 0.0,
        "NumBondsAllowed": null,
        "NumBondsActive": 0,
        "NumBondsInCart": 0,
        "NumBondsExpired": 0,
        "NumBondsProcessing": 0,
        "NumBondsUnsubmitted": 0,
        "TotalValueBondsRemainingMax": 675168.00,
        "TotalValueBondsRemaining": 675168.00,
        "NumBondsRemaining": null
    },
    {
        "FacilityID": "201612-0001",
        "CanIssueNewBonds": true,
        "TotalValueBondsAllowed": 10000000.00,
        "TotalValueBondsActive": 7757735.00,
        "TotalValueBondsInCart": 0.0,
        "TotalValueBondsExpired": 7122030.00,
        "TotalValueBondsProcessing": 0.0,
        "TotalValueBondsUnsubmitted": 0.0,
        "NumBondsAllowed": null,
        "NumBondsActive": 13,
        "NumBondsInCart": 0,
        "NumBondsExpired": 10,
        "NumBondsProcessing": 0,
        "NumBondsUnsubmitted": 0,
        "TotalValueBondsRemainingMax": 2242265.00,
        "TotalValueBondsRemaining": 2242265.00,
        "NumBondsRemaining": null
    },
    {
        "FacilityID": "201612-0002",
        "CanIssueNewBonds": true,
        "TotalValueBondsAllowed": 6000000.00,
        "TotalValueBondsActive": 0.0,
        "TotalValueBondsInCart": 0.0,
        "TotalValueBondsExpired": 0.0,
        "TotalValueBondsProcessing": 0.0,
        "TotalValueBondsUnsubmitted": 0.0,
        "NumBondsAllowed": null,
        "NumBondsActive": 0,
        "NumBondsInCart": 0,
        "NumBondsExpired": 0,
        "NumBondsProcessing": 0,
        "NumBondsUnsubmitted": 0,
        "TotalValueBondsRemainingMax": 6000000.00,
        "TotalValueBondsRemaining": 6000000.00,
        "NumBondsRemaining": null
    },
    {
        "FacilityID": "201612-0003",
        "CanIssueNewBonds": true,
        "TotalValueBondsAllowed": 5000000.00,
        "TotalValueBondsActive": 0.0,
        "TotalValueBondsInCart": 0.0,
        "TotalValueBondsExpired": 0.0,
        "TotalValueBondsProcessing": 0.0,
        "TotalValueBondsUnsubmitted": 0.0,
        "NumBondsAllowed": null,
        "NumBondsActive": 0,
        "NumBondsInCart": 0,
        "NumBondsExpired": 0,
        "NumBondsProcessing": 0,
        "NumBondsUnsubmitted": 0,
        "TotalValueBondsRemainingMax": 5000000.00,
        "TotalValueBondsRemaining": 5000000.00,
        "NumBondsRemaining": null
    },
    {
        "FacilityID": "201701-0001",
        "CanIssueNewBonds": false,
        "TotalValueBondsAllowed": 0.00,
        "TotalValueBondsActive": 0.0,
        "TotalValueBondsInCart": 0.0,
        "TotalValueBondsExpired": 0.0,
        "TotalValueBondsProcessing": 0.0,
        "TotalValueBondsUnsubmitted": 0.0,
        "NumBondsAllowed": null,
        "NumBondsActive": 0,
        "NumBondsInCart": 0,
        "NumBondsExpired": 0,
        "NumBondsProcessing": 0,
        "NumBondsUnsubmitted": 0,
        "TotalValueBondsRemainingMax": 0.0,
        "TotalValueBondsRemaining": 0.0,
        "NumBondsRemaining": null
    },
    {
        "FacilityID": "201701-0002",
        "CanIssueNewBonds": false,
        "TotalValueBondsAllowed": 0.00,
        "TotalValueBondsActive": 0.0,
        "TotalValueBondsInCart": 0.0,
        "TotalValueBondsExpired": 0.0,
        "TotalValueBondsProcessing": 0.0,
        "TotalValueBondsUnsubmitted": 0.0,
        "NumBondsAllowed": null,
        "NumBondsActive": 0,
        "NumBondsInCart": 0,
        "NumBondsExpired": 0,
        "NumBondsProcessing": 0,
        "NumBondsUnsubmitted": 0,
        "TotalValueBondsRemainingMax": 0.0,
        "TotalValueBondsRemaining": 0.0,
        "NumBondsRemaining": null
    },
    {
        "FacilityID": "201703-0001",
        "CanIssueNewBonds": true,
        "TotalValueBondsAllowed": 168831.24,
        "TotalValueBondsActive": 168831.24,
        "TotalValueBondsInCart": 0.0,
        "TotalValueBondsExpired": 168831.24,
        "TotalValueBondsProcessing": 0.0,
        "TotalValueBondsUnsubmitted": 0.0,
        "NumBondsAllowed": null,
        "NumBondsActive": 1,
        "NumBondsInCart": 0,
        "NumBondsExpired": 1,
        "NumBondsProcessing": 0,
        "NumBondsUnsubmitted": 0,
        "TotalValueBondsRemainingMax": 0.0,
        "TotalValueBondsRemaining": 0.0,
        "NumBondsRemaining": null
    },
    {
        "FacilityID": "201703-0002",
        "CanIssueNewBonds": true,
        "TotalValueBondsAllowed": 3000000.00,
        "TotalValueBondsActive": 0.0,
        "TotalValueBondsInCart": 0.0,
        "TotalValueBondsExpired": 0.0,
        "TotalValueBondsProcessing": 0.0,
        "TotalValueBondsUnsubmitted": 0.0,
        "NumBondsAllowed": null,
        "NumBondsActive": 0,
        "NumBondsInCart": 0,
        "NumBondsExpired": 0,
        "NumBondsProcessing": 0,
        "NumBondsUnsubmitted": 0,
        "TotalValueBondsRemainingMax": 3000000.00,
        "TotalValueBondsRemaining": 3000000.00,
        "NumBondsRemaining": null
    },
    {
        "FacilityID": "201703-0003",
        "CanIssueNewBonds": true,
        "TotalValueBondsAllowed": 4507029.17,
        "TotalValueBondsActive": 0.0,
        "TotalValueBondsInCart": 0.0,
        "TotalValueBondsExpired": 0.0,
        "TotalValueBondsProcessing": 0.0,
        "TotalValueBondsUnsubmitted": 0.0,
        "NumBondsAllowed": null,
        "NumBondsActive": 0,
        "NumBondsInCart": 0,
        "NumBondsExpired": 0,
        "NumBondsProcessing": 0,
        "NumBondsUnsubmitted": 0,
        "TotalValueBondsRemainingMax": 4507029.17,
        "TotalValueBondsRemaining": 4507029.17,
        "NumBondsRemaining": null
    },
    {
        "FacilityID": "201704-0001",
        "CanIssueNewBonds": false,
        "TotalValueBondsAllowed": 0.00,
        "TotalValueBondsActive": 0.0,
        "TotalValueBondsInCart": 0.0,
        "TotalValueBondsExpired": 0.0,
        "TotalValueBondsProcessing": 0.0,
        "TotalValueBondsUnsubmitted": 0.0,
        "NumBondsAllowed": null,
        "NumBondsActive": 0,
        "NumBondsInCart": 0,
        "NumBondsExpired": 0,
        "NumBondsProcessing": 0,
        "NumBondsUnsubmitted": 0,
        "TotalValueBondsRemainingMax": 0.0,
        "TotalValueBondsRemaining": 0.0,
        "NumBondsRemaining": null
    },
    {
        "FacilityID": "201704-0002",
        "CanIssueNewBonds": true,
        "TotalValueBondsAllowed": 8000000.00,
        "TotalValueBondsActive": 0.0,
        "TotalValueBondsInCart": 0.0,
        "TotalValueBondsExpired": 0.0,
        "TotalValueBondsProcessing": 0.0,
        "TotalValueBondsUnsubmitted": 0.0,
        "NumBondsAllowed": null,
        "NumBondsActive": 0,
        "NumBondsInCart": 0,
        "NumBondsExpired": 0,
        "NumBondsProcessing": 0,
        "NumBondsUnsubmitted": 0,
        "TotalValueBondsRemainingMax": 8000000.00,
        "TotalValueBondsRemaining": 8000000.00,
        "NumBondsRemaining": null
    },
    {
        "FacilityID": "201704-0003",
        "CanIssueNewBonds": true,
        "TotalValueBondsAllowed": 5000000.00,
        "TotalValueBondsActive": 393379.00,
        "TotalValueBondsInCart": 0.0,
        "TotalValueBondsExpired": 0.0,
        "TotalValueBondsProcessing": 0.0,
        "TotalValueBondsUnsubmitted": 0.0,
        "NumBondsAllowed": null,
        "NumBondsActive": 2,
        "NumBondsInCart": 0,
        "NumBondsExpired": 0,
        "NumBondsProcessing": 0,
        "NumBondsUnsubmitted": 0,
        "TotalValueBondsRemainingMax": 4606621.00,
        "TotalValueBondsRemaining": 4606621.00,
        "NumBondsRemaining": null
    },
    {
        "FacilityID": "201812-0001",
        "CanIssueNewBonds": false,
        "TotalValueBondsAllowed": 0.00,
        "TotalValueBondsActive": 2333317.83,
        "TotalValueBondsInCart": 91249510.00,
        "TotalValueBondsExpired": 2013469.40,
        "TotalValueBondsProcessing": 0.0,
        "TotalValueBondsUnsubmitted": 91249510.00,
        "NumBondsAllowed": null,
        "NumBondsActive": 32,
        "NumBondsInCart": 6,
        "NumBondsExpired": 28,
        "NumBondsProcessing": 0,
        "NumBondsUnsubmitted": 6,
        "TotalValueBondsRemainingMax": 0.0,
        "TotalValueBondsRemaining": 0.0,
        "NumBondsRemaining": null
    },
    {
        "FacilityID": "201803-0010",
        "CanIssueNewBonds": true,
        "TotalValueBondsAllowed": 377005.91,
        "TotalValueBondsActive": 377005.91,
        "TotalValueBondsInCart": 0.0,
        "TotalValueBondsExpired": 368784.66,
        "TotalValueBondsProcessing": 0.0,
        "TotalValueBondsUnsubmitted": 0.0,
        "NumBondsAllowed": null,
        "NumBondsActive": 5,
        "NumBondsInCart": 0,
        "NumBondsExpired": 4,
        "NumBondsProcessing": 0,
        "NumBondsUnsubmitted": 0,
        "TotalValueBondsRemainingMax": 0.0,
        "TotalValueBondsRemaining": 0.0,
        "NumBondsRemaining": null
    },
    {
        "FacilityID": "201904-0001",
        "CanIssueNewBonds": true,
        "TotalValueBondsAllowed": 5000000.00,
        "TotalValueBondsActive": 3066225.17,
        "TotalValueBondsInCart": 0.0,
        "TotalValueBondsExpired": 3066225.17,
        "TotalValueBondsProcessing": 10817.00,
        "TotalValueBondsUnsubmitted": 0.0,
        "NumBondsAllowed": null,
        "NumBondsActive": 2,
        "NumBondsInCart": 0,
        "NumBondsExpired": 2,
        "NumBondsProcessing": 1,
        "NumBondsUnsubmitted": 0,
        "TotalValueBondsRemainingMax": 1933774.83,
        "TotalValueBondsRemaining": 1933774.83,
        "NumBondsRemaining": null
    },
    {
        "FacilityID": "202002-0002",
        "CanIssueNewBonds": true,
        "TotalValueBondsAllowed": 85060.00,
        "TotalValueBondsActive": 134976.91,
        "TotalValueBondsInCart": 1235.00,
        "TotalValueBondsExpired": 134976.91,
        "TotalValueBondsProcessing": 0.0,
        "TotalValueBondsUnsubmitted": 1235.00,
        "NumBondsAllowed": null,
        "NumBondsActive": 3,
        "NumBondsInCart": 1,
        "NumBondsExpired": 3,
        "NumBondsProcessing": 0,
        "NumBondsUnsubmitted": 1,
        "TotalValueBondsRemainingMax": 0.0,
        "TotalValueBondsRemaining": 0.0,
        "NumBondsRemaining": null
    },
    {
        "FacilityID": "202110-0003",
        "CanIssueNewBonds": false,
        "TotalValueBondsAllowed": 811584.00,
        "TotalValueBondsActive": 15324662.47,
        "TotalValueBondsInCart": 190.55,
        "TotalValueBondsExpired": 10734160.42,
        "TotalValueBondsProcessing": 190.55,
        "TotalValueBondsUnsubmitted": 0.0,
        "NumBondsAllowed": null,
        "NumBondsActive": 10,
        "NumBondsInCart": 7,
        "NumBondsExpired": 8,
        "NumBondsProcessing": 7,
        "NumBondsUnsubmitted": 0,
        "TotalValueBondsRemainingMax": 0.0,
        "TotalValueBondsRemaining": 0.0,
        "NumBondsRemaining": null
    },
    {
        "FacilityID": "201704-0004",
        "CanIssueNewBonds": true,
        "TotalValueBondsAllowed": 4949760.36,
        "TotalValueBondsActive": 0.00,
        "TotalValueBondsInCart": 4949760.36,
        "TotalValueBondsExpired": 0.00,
        "TotalValueBondsProcessing": 0.0,
        "TotalValueBondsUnsubmitted": 0.0,
        "NumBondsAllowed": null,
        "NumBondsActive": 1,
        "NumBondsInCart": 15,
        "NumBondsExpired": 1,
        "NumBondsProcessing": 0,
        "NumBondsUnsubmitted": 0,
        "TotalValueBondsRemainingMax": 0.0,
        "TotalValueBondsRemaining": 0.0,
        "NumBondsRemaining": null
    },
    {
        "FacilityID": "201705-0001",
        "CanIssueNewBonds": true,
        "TotalValueBondsAllowed": 15000000.00,
        "TotalValueBondsActive": 375000.00,
        "TotalValueBondsInCart": 0.0,
        "TotalValueBondsExpired": 0.0,
        "TotalValueBondsProcessing": 0.0,
        "TotalValueBondsUnsubmitted": 0.0,
        "NumBondsAllowed": null,
        "NumBondsActive": 1,
        "NumBondsInCart": 0,
        "NumBondsExpired": 0,
        "NumBondsProcessing": 0,
        "NumBondsUnsubmitted": 0,
        "TotalValueBondsRemainingMax": 14625000.00,
        "TotalValueBondsRemaining": 14625000.00,
        "NumBondsRemaining": null
    },
    {
        "FacilityID": "201706-0001",
        "CanIssueNewBonds": true,
        "TotalValueBondsAllowed": 8500000.00,
        "TotalValueBondsActive": 7707753.40,
        "TotalValueBondsInCart": 596910.00,
        "TotalValueBondsExpired": 6957753.40,
        "TotalValueBondsProcessing": 330000.00,
        "TotalValueBondsUnsubmitted": 266910.00,
        "NumBondsAllowed": null,
        "NumBondsActive": 15,
        "NumBondsInCart": 6,
        "NumBondsExpired": 14,
        "NumBondsProcessing": 2,
        "NumBondsUnsubmitted": 4,
        "TotalValueBondsRemainingMax": 195336.60,
        "TotalValueBondsRemaining": 195336.60,
        "NumBondsRemaining": null
    },
    {
        "FacilityID": "201706-0002",
        "CanIssueNewBonds": true,
        "TotalValueBondsAllowed": 402294.60,
        "TotalValueBondsActive": 0.0,
        "TotalValueBondsInCart": 0.0,
        "TotalValueBondsExpired": 0.0,
        "TotalValueBondsProcessing": 0.0,
        "TotalValueBondsUnsubmitted": 0.0,
        "NumBondsAllowed": null,
        "NumBondsActive": 0,
        "NumBondsInCart": 0,
        "NumBondsExpired": 0,
        "NumBondsProcessing": 0,
        "NumBondsUnsubmitted": 0,
        "TotalValueBondsRemainingMax": 402294.60,
        "TotalValueBondsRemaining": 402294.60,
        "NumBondsRemaining": null
    },
    {
        "FacilityID": "201706-0003",
        "CanIssueNewBonds": true,
        "TotalValueBondsAllowed": 4130000.00,
        "TotalValueBondsActive": 0.0,
        "TotalValueBondsInCart": 0.0,
        "TotalValueBondsExpired": 0.0,
        "TotalValueBondsProcessing": 0.0,
        "TotalValueBondsUnsubmitted": 0.0,
        "NumBondsAllowed": null,
        "NumBondsActive": 0,
        "NumBondsInCart": 0,
        "NumBondsExpired": 0,
        "NumBondsProcessing": 0,
        "NumBondsUnsubmitted": 0,
        "TotalValueBondsRemainingMax": 4130000.00,
        "TotalValueBondsRemaining": 4130000.00,
        "NumBondsRemaining": null
    },
    {
        "FacilityID": "201707-0001",
        "CanIssueNewBonds": true,
        "TotalValueBondsAllowed": 5000000.00,
        "TotalValueBondsActive": 0.0,
        "TotalValueBondsInCart": 0.0,
        "TotalValueBondsExpired": 0.0,
        "TotalValueBondsProcessing": 0.0,
        "TotalValueBondsUnsubmitted": 0.0,
        "NumBondsAllowed": null,
        "NumBondsActive": 0,
        "NumBondsInCart": 0,
        "NumBondsExpired": 0,
        "NumBondsProcessing": 0,
        "NumBondsUnsubmitted": 0,
        "TotalValueBondsRemainingMax": 5000000.00,
        "TotalValueBondsRemaining": 5000000.00,
        "NumBondsRemaining": null
    },
    {
        "FacilityID": "201708-0001",
        "CanIssueNewBonds": true,
        "TotalValueBondsAllowed": 5015000.00,
        "TotalValueBondsActive": 0.0,
        "TotalValueBondsInCart": 0.0,
        "TotalValueBondsExpired": 0.0,
        "TotalValueBondsProcessing": 0.0,
        "TotalValueBondsUnsubmitted": 0.0,
        "NumBondsAllowed": null,
        "NumBondsActive": 0,
        "NumBondsInCart": 0,
        "NumBondsExpired": 0,
        "NumBondsProcessing": 0,
        "NumBondsUnsubmitted": 0,
        "TotalValueBondsRemainingMax": 5015000.00,
        "TotalValueBondsRemaining": 5015000.00,
        "NumBondsRemaining": null
    },
    {
        "FacilityID": "201708-0002",
        "CanIssueNewBonds": true,
        "TotalValueBondsAllowed": 3000000.00,
        "TotalValueBondsActive": 832327.00,
        "TotalValueBondsInCart": 0.0,
        "TotalValueBondsExpired": 0.0,
        "TotalValueBondsProcessing": 0.0,
        "TotalValueBondsUnsubmitted": 0.0,
        "NumBondsAllowed": null,
        "NumBondsActive": 7,
        "NumBondsInCart": 0,
        "NumBondsExpired": 0,
        "NumBondsProcessing": 0,
        "NumBondsUnsubmitted": 0,
        "TotalValueBondsRemainingMax": 2167673.00,
        "TotalValueBondsRemaining": 2167673.00,
        "NumBondsRemaining": null
    },
    {
        "FacilityID": "201708-0003",
        "CanIssueNewBonds": true,
        "TotalValueBondsAllowed": 2583529.00,
        "TotalValueBondsActive": 0.0,
        "TotalValueBondsInCart": 0.0,
        "TotalValueBondsExpired": 0.0,
        "TotalValueBondsProcessing": 0.0,
        "TotalValueBondsUnsubmitted": 0.0,
        "NumBondsAllowed": null,
        "NumBondsActive": 0,
        "NumBondsInCart": 0,
        "NumBondsExpired": 0,
        "NumBondsProcessing": 0,
        "NumBondsUnsubmitted": 0,
        "TotalValueBondsRemainingMax": 2583529.00,
        "TotalValueBondsRemaining": 2583529.00,
        "NumBondsRemaining": null
    },
    {
        "FacilityID": "201708-0004",
        "CanIssueNewBonds": true,
        "TotalValueBondsAllowed": 15000000.00,
        "TotalValueBondsActive": 0.0,
        "TotalValueBondsInCart": 0.0,
        "TotalValueBondsExpired": 0.0,
        "TotalValueBondsProcessing": 0.0,
        "TotalValueBondsUnsubmitted": 0.0,
        "NumBondsAllowed": null,
        "NumBondsActive": 0,
        "NumBondsInCart": 0,
        "NumBondsExpired": 0,
        "NumBondsProcessing": 0,
        "NumBondsUnsubmitted": 0,
        "TotalValueBondsRemainingMax": 15000000.00,
        "TotalValueBondsRemaining": 15000000.00,
        "NumBondsRemaining": null
    },
    {
        "FacilityID": "201708-0005",
        "CanIssueNewBonds": false,
        "TotalValueBondsAllowed": 0.00,
        "TotalValueBondsActive": 0.0,
        "TotalValueBondsInCart": 0.0,
        "TotalValueBondsExpired": 0.0,
        "TotalValueBondsProcessing": 0.0,
        "TotalValueBondsUnsubmitted": 0.0,
        "NumBondsAllowed": null,
        "NumBondsActive": 0,
        "NumBondsInCart": 0,
        "NumBondsExpired": 0,
        "NumBondsProcessing": 0,
        "NumBondsUnsubmitted": 0,
        "TotalValueBondsRemainingMax": 0.0,
        "TotalValueBondsRemaining": 0.0,
        "NumBondsRemaining": null
    },
    {
        "FacilityID": "201708-0006",
        "CanIssueNewBonds": true,
        "TotalValueBondsAllowed": 6000000.00,
        "TotalValueBondsActive": 0.0,
        "TotalValueBondsInCart": 152000.00,
        "TotalValueBondsExpired": 0.0,
        "TotalValueBondsProcessing": 2000.00,
        "TotalValueBondsUnsubmitted": 150000.00,
        "NumBondsAllowed": null,
        "NumBondsActive": 0,
        "NumBondsInCart": 3,
        "NumBondsExpired": 0,
        "NumBondsProcessing": 1,
        "NumBondsUnsubmitted": 2,
        "TotalValueBondsRemainingMax": 5848000.00,
        "TotalValueBondsRemaining": 5848000.00,
        "NumBondsRemaining": null
    },
    {
        "FacilityID": "201708-0007",
        "CanIssueNewBonds": true,
        "TotalValueBondsAllowed": 35000000.00,
        "TotalValueBondsActive": 0.0,
        "TotalValueBondsInCart": 0.0,
        "TotalValueBondsExpired": 0.0,
        "TotalValueBondsProcessing": 0.0,
        "TotalValueBondsUnsubmitted": 0.0,
        "NumBondsAllowed": null,
        "NumBondsActive": 0,
        "NumBondsInCart": 0,
        "NumBondsExpired": 0,
        "NumBondsProcessing": 0,
        "NumBondsUnsubmitted": 0,
        "TotalValueBondsRemainingMax": 35000000.00,
        "TotalValueBondsRemaining": 35000000.00,
        "NumBondsRemaining": null
    },
    {
        "FacilityID": "201709-0001",
        "CanIssueNewBonds": true,
        "TotalValueBondsAllowed": 10000000.00,
        "TotalValueBondsActive": 0.0,
        "TotalValueBondsInCart": 0.0,
        "TotalValueBondsExpired": 0.0,
        "TotalValueBondsProcessing": 0.0,
        "TotalValueBondsUnsubmitted": 0.0,
        "NumBondsAllowed": null,
        "NumBondsActive": 0,
        "NumBondsInCart": 0,
        "NumBondsExpired": 0,
        "NumBondsProcessing": 0,
        "NumBondsUnsubmitted": 0,
        "TotalValueBondsRemainingMax": 10000000.00,
        "TotalValueBondsRemaining": 10000000.00,
        "NumBondsRemaining": null
    },
    {
        "FacilityID": "201709-0002",
        "CanIssueNewBonds": true,
        "TotalValueBondsAllowed": 237345.00,
        "TotalValueBondsActive": 0.0,
        "TotalValueBondsInCart": 0.0,
        "TotalValueBondsExpired": 0.0,
        "TotalValueBondsProcessing": 0.0,
        "TotalValueBondsUnsubmitted": 0.0,
        "NumBondsAllowed": null,
        "NumBondsActive": 0,
        "NumBondsInCart": 0,
        "NumBondsExpired": 0,
        "NumBondsProcessing": 0,
        "NumBondsUnsubmitted": 0,
        "TotalValueBondsRemainingMax": 237345.00,
        "TotalValueBondsRemaining": 237345.00,
        "NumBondsRemaining": null
    },
    {
        "FacilityID": "201709-0003",
        "CanIssueNewBonds": true,
        "TotalValueBondsAllowed": 5000000.00,
        "TotalValueBondsActive": 2676553.16,
        "TotalValueBondsInCart": 0.0,
        "TotalValueBondsExpired": 2466553.16,
        "TotalValueBondsProcessing": 0.0,
        "TotalValueBondsUnsubmitted": 0.0,
        "NumBondsAllowed": null,
        "NumBondsActive": 38,
        "NumBondsInCart": 0,
        "NumBondsExpired": 37,
        "NumBondsProcessing": 0,
        "NumBondsUnsubmitted": 0,
        "TotalValueBondsRemainingMax": 2323446.84,
        "TotalValueBondsRemaining": 2323446.84,
        "NumBondsRemaining": null
    },
    {
        "FacilityID": "201710-0001",
        "CanIssueNewBonds": true,
        "TotalValueBondsAllowed": 673884.43,
        "TotalValueBondsActive": 0.0,
        "TotalValueBondsInCart": 0.0,
        "TotalValueBondsExpired": 0.0,
        "TotalValueBondsProcessing": 0.0,
        "TotalValueBondsUnsubmitted": 0.0,
        "NumBondsAllowed": null,
        "NumBondsActive": 0,
        "NumBondsInCart": 0,
        "NumBondsExpired": 0,
        "NumBondsProcessing": 0,
        "NumBondsUnsubmitted": 0,
        "TotalValueBondsRemainingMax": 673884.43,
        "TotalValueBondsRemaining": 673884.43,
        "NumBondsRemaining": null
    },
    {
        "FacilityID": "201710-0002",
        "CanIssueNewBonds": true,
        "TotalValueBondsAllowed": 2000000.00,
        "TotalValueBondsActive": 0.0,
        "TotalValueBondsInCart": 0.0,
        "TotalValueBondsExpired": 0.0,
        "TotalValueBondsProcessing": 0.0,
        "TotalValueBondsUnsubmitted": 0.0,
        "NumBondsAllowed": null,
        "NumBondsActive": 0,
        "NumBondsInCart": 0,
        "NumBondsExpired": 0,
        "NumBondsProcessing": 0,
        "NumBondsUnsubmitted": 0,
        "TotalValueBondsRemainingMax": 2000000.00,
        "TotalValueBondsRemaining": 2000000.00,
        "NumBondsRemaining": null
    },
    {
        "FacilityID": "201710-0004",
        "CanIssueNewBonds": true,
        "TotalValueBondsAllowed": 6800000.00,
        "TotalValueBondsActive": 0.0,
        "TotalValueBondsInCart": 0.0,
        "TotalValueBondsExpired": 0.0,
        "TotalValueBondsProcessing": 0.0,
        "TotalValueBondsUnsubmitted": 0.0,
        "NumBondsAllowed": null,
        "NumBondsActive": 0,
        "NumBondsInCart": 0,
        "NumBondsExpired": 0,
        "NumBondsProcessing": 0,
        "NumBondsUnsubmitted": 0,
        "TotalValueBondsRemainingMax": 6800000.00,
        "TotalValueBondsRemaining": 6800000.00,
        "NumBondsRemaining": null
    },
    {
        "FacilityID": "201710-0005",
        "CanIssueNewBonds": true,
        "TotalValueBondsAllowed": 10000000.00,
        "TotalValueBondsActive": 0.0,
        "TotalValueBondsInCart": 0.0,
        "TotalValueBondsExpired": 0.0,
        "TotalValueBondsProcessing": 0.0,
        "TotalValueBondsUnsubmitted": 0.0,
        "NumBondsAllowed": null,
        "NumBondsActive": 0,
        "NumBondsInCart": 0,
        "NumBondsExpired": 0,
        "NumBondsProcessing": 0,
        "NumBondsUnsubmitted": 0,
        "TotalValueBondsRemainingMax": 10000000.00,
        "TotalValueBondsRemaining": 10000000.00,
        "NumBondsRemaining": null
    },
    {
        "FacilityID": "201711-0002",
        "CanIssueNewBonds": true,
        "TotalValueBondsAllowed": 10000000.00,
        "TotalValueBondsActive": 4416085.19,
        "TotalValueBondsInCart": 0.0,
        "TotalValueBondsExpired": 3811085.19,
        "TotalValueBondsProcessing": 0.0,
        "TotalValueBondsUnsubmitted": 0.0,
        "NumBondsAllowed": null,
        "NumBondsActive": 10,
        "NumBondsInCart": 0,
        "NumBondsExpired": 9,
        "NumBondsProcessing": 0,
        "NumBondsUnsubmitted": 0,
        "TotalValueBondsRemainingMax": 5583914.81,
        "TotalValueBondsRemaining": 5583914.81,
        "NumBondsRemaining": null
    },
    {
        "FacilityID": "201711-0003",
        "CanIssueNewBonds": true,
        "TotalValueBondsAllowed": 15000000.00,
        "TotalValueBondsActive": 0.0,
        "TotalValueBondsInCart": 0.0,
        "TotalValueBondsExpired": 0.0,
        "TotalValueBondsProcessing": 0.0,
        "TotalValueBondsUnsubmitted": 0.0,
        "NumBondsAllowed": null,
        "NumBondsActive": 0,
        "NumBondsInCart": 0,
        "NumBondsExpired": 0,
        "NumBondsProcessing": 0,
        "NumBondsUnsubmitted": 0,
        "TotalValueBondsRemainingMax": 15000000.00,
        "TotalValueBondsRemaining": 15000000.00,
        "NumBondsRemaining": null
    },
    {
        "FacilityID": "201711-0005",
        "CanIssueNewBonds": true,
        "TotalValueBondsAllowed": 3500000.00,
        "TotalValueBondsActive": 0.0,
        "TotalValueBondsInCart": 0.0,
        "TotalValueBondsExpired": 0.0,
        "TotalValueBondsProcessing": 0.0,
        "TotalValueBondsUnsubmitted": 0.0,
        "NumBondsAllowed": null,
        "NumBondsActive": 0,
        "NumBondsInCart": 0,
        "NumBondsExpired": 0,
        "NumBondsProcessing": 0,
        "NumBondsUnsubmitted": 0,
        "TotalValueBondsRemainingMax": 3500000.00,
        "TotalValueBondsRemaining": 3500000.00,
        "NumBondsRemaining": null
    },
    {
        "FacilityID": "201712-0001",
        "CanIssueNewBonds": true,
        "TotalValueBondsAllowed": 487079.48,
        "TotalValueBondsActive": 487079.48,
        "TotalValueBondsInCart": 0.0,
        "TotalValueBondsExpired": 487079.48,
        "TotalValueBondsProcessing": 0.0,
        "TotalValueBondsUnsubmitted": 0.0,
        "NumBondsAllowed": null,
        "NumBondsActive": 4,
        "NumBondsInCart": 0,
        "NumBondsExpired": 4,
        "NumBondsProcessing": 0,
        "NumBondsUnsubmitted": 0,
        "TotalValueBondsRemainingMax": 0.0,
        "TotalValueBondsRemaining": 0.0,
        "NumBondsRemaining": null
    },
    {
        "FacilityID": "201712-0002",
        "CanIssueNewBonds": true,
        "TotalValueBondsAllowed": 2000000.00,
        "TotalValueBondsActive": 0.0,
        "TotalValueBondsInCart": 0.0,
        "TotalValueBondsExpired": 0.0,
        "TotalValueBondsProcessing": 0.0,
        "TotalValueBondsUnsubmitted": 0.0,
        "NumBondsAllowed": null,
        "NumBondsActive": 0,
        "NumBondsInCart": 0,
        "NumBondsExpired": 0,
        "NumBondsProcessing": 0,
        "NumBondsUnsubmitted": 0,
        "TotalValueBondsRemainingMax": 2000000.00,
        "TotalValueBondsRemaining": 2000000.00,
        "NumBondsRemaining": null
    },
    {
        "FacilityID": "201712-0003",
        "CanIssueNewBonds": true,
        "TotalValueBondsAllowed": 25000000.00,
        "TotalValueBondsActive": 22602931.80,
        "TotalValueBondsInCart": 698164.00,
        "TotalValueBondsExpired": 22601820.80,
        "TotalValueBondsProcessing": 797812.00,
        "TotalValueBondsUnsubmitted": 1011.00,
        "NumBondsAllowed": null,
        "NumBondsActive": 133,
        "NumBondsInCart": 43,
        "NumBondsExpired": 132,
        "NumBondsProcessing": 43,
        "NumBondsUnsubmitted": 2,
        "TotalValueBondsRemainingMax": 1698904.20,
        "TotalValueBondsRemaining": 1698904.20,
        "NumBondsRemaining": null
    },
    {
        "FacilityID": "201712-0004",
        "CanIssueNewBonds": true,
        "TotalValueBondsAllowed": 5000000.00,
        "TotalValueBondsActive": 0.0,
        "TotalValueBondsInCart": 0.0,
        "TotalValueBondsExpired": 0.0,
        "TotalValueBondsProcessing": 0.0,
        "TotalValueBondsUnsubmitted": 0.0,
        "NumBondsAllowed": null,
        "NumBondsActive": 0,
        "NumBondsInCart": 0,
        "NumBondsExpired": 0,
        "NumBondsProcessing": 0,
        "NumBondsUnsubmitted": 0,
        "TotalValueBondsRemainingMax": 5000000.00,
        "TotalValueBondsRemaining": 5000000.00,
        "NumBondsRemaining": null
    },
    {
        "FacilityID": "201712-0005",
        "CanIssueNewBonds": false,
        "TotalValueBondsAllowed": 1220398.73,
        "TotalValueBondsActive": 0.0,
        "TotalValueBondsInCart": 0.0,
        "TotalValueBondsExpired": 0.0,
        "TotalValueBondsProcessing": 0.0,
        "TotalValueBondsUnsubmitted": 0.0,
        "NumBondsAllowed": null,
        "NumBondsActive": 0,
        "NumBondsInCart": 0,
        "NumBondsExpired": 0,
        "NumBondsProcessing": 0,
        "NumBondsUnsubmitted": 0,
        "TotalValueBondsRemainingMax": 0.0,
        "TotalValueBondsRemaining": 0.0,
        "NumBondsRemaining": null
    },
    {
        "FacilityID": "201801-0001",
        "CanIssueNewBonds": true,
        "TotalValueBondsAllowed": 12849910.18,
        "TotalValueBondsActive": 0.0,
        "TotalValueBondsInCart": 0.0,
        "TotalValueBondsExpired": 0.0,
        "TotalValueBondsProcessing": 0.0,
        "TotalValueBondsUnsubmitted": 0.0,
        "NumBondsAllowed": null,
        "NumBondsActive": 0,
        "NumBondsInCart": 0,
        "NumBondsExpired": 0,
        "NumBondsProcessing": 0,
        "NumBondsUnsubmitted": 0,
        "TotalValueBondsRemainingMax": 12849910.18,
        "TotalValueBondsRemaining": 12849910.18,
        "NumBondsRemaining": null
    },
    {
        "FacilityID": "201801-0003",
        "CanIssueNewBonds": false,
        "TotalValueBondsAllowed": 7536869.00,
        "TotalValueBondsActive": 0.0,
        "TotalValueBondsInCart": 0.0,
        "TotalValueBondsExpired": 0.0,
        "TotalValueBondsProcessing": 0.0,
        "TotalValueBondsUnsubmitted": 0.0,
        "NumBondsAllowed": null,
        "NumBondsActive": 0,
        "NumBondsInCart": 0,
        "NumBondsExpired": 0,
        "NumBondsProcessing": 0,
        "NumBondsUnsubmitted": 0,
        "TotalValueBondsRemainingMax": 0.0,
        "TotalValueBondsRemaining": 0.0,
        "NumBondsRemaining": null
    },
    {
        "FacilityID": "201801-0004",
        "CanIssueNewBonds": true,
        "TotalValueBondsAllowed": 82211850.07,
        "TotalValueBondsActive": 0.0,
        "TotalValueBondsInCart": 0.0,
        "TotalValueBondsExpired": 0.0,
        "TotalValueBondsProcessing": 0.0,
        "TotalValueBondsUnsubmitted": 0.0,
        "NumBondsAllowed": null,
        "NumBondsActive": 0,
        "NumBondsInCart": 0,
        "NumBondsExpired": 0,
        "NumBondsProcessing": 0,
        "NumBondsUnsubmitted": 0,
        "TotalValueBondsRemainingMax": 82211850.07,
        "TotalValueBondsRemaining": 82211850.07,
        "NumBondsRemaining": null
    },
    {
        "FacilityID": "201801-0005",
        "CanIssueNewBonds": true,
        "TotalValueBondsAllowed": 5000000.00,
        "TotalValueBondsActive": 0.0,
        "TotalValueBondsInCart": 0.0,
        "TotalValueBondsExpired": 0.0,
        "TotalValueBondsProcessing": 0.0,
        "TotalValueBondsUnsubmitted": 0.0,
        "NumBondsAllowed": null,
        "NumBondsActive": 0,
        "NumBondsInCart": 0,
        "NumBondsExpired": 0,
        "NumBondsProcessing": 0,
        "NumBondsUnsubmitted": 0,
        "TotalValueBondsRemainingMax": 5000000.00,
        "TotalValueBondsRemaining": 5000000.00,
        "NumBondsRemaining": null
    },
    {
        "FacilityID": "201801-0006",
        "CanIssueNewBonds": true,
        "TotalValueBondsAllowed": 7000000.00,
        "TotalValueBondsActive": 0.0,
        "TotalValueBondsInCart": 0.0,
        "TotalValueBondsExpired": 0.0,
        "TotalValueBondsProcessing": 0.0,
        "TotalValueBondsUnsubmitted": 0.0,
        "NumBondsAllowed": null,
        "NumBondsActive": 0,
        "NumBondsInCart": 0,
        "NumBondsExpired": 0,
        "NumBondsProcessing": 0,
        "NumBondsUnsubmitted": 0,
        "TotalValueBondsRemainingMax": 7000000.00,
        "TotalValueBondsRemaining": 7000000.00,
        "NumBondsRemaining": null
    },
    {
        "FacilityID": "201801-0007",
        "CanIssueNewBonds": true,
        "TotalValueBondsAllowed": 471670.76,
        "TotalValueBondsActive": 0.0,
        "TotalValueBondsInCart": 0.0,
        "TotalValueBondsExpired": 0.0,
        "TotalValueBondsProcessing": 0.0,
        "TotalValueBondsUnsubmitted": 0.0,
        "NumBondsAllowed": null,
        "NumBondsActive": 0,
        "NumBondsInCart": 0,
        "NumBondsExpired": 0,
        "NumBondsProcessing": 0,
        "NumBondsUnsubmitted": 0,
        "TotalValueBondsRemainingMax": 471670.76,
        "TotalValueBondsRemaining": 471670.76,
        "NumBondsRemaining": null
    },
    {
        "FacilityID": "201802-0001",
        "CanIssueNewBonds": true,
        "TotalValueBondsAllowed": 5000000.00,
        "TotalValueBondsActive": 0.0,
        "TotalValueBondsInCart": 0.0,
        "TotalValueBondsExpired": 0.0,
        "TotalValueBondsProcessing": 0.0,
        "TotalValueBondsUnsubmitted": 0.0,
        "NumBondsAllowed": null,
        "NumBondsActive": 0,
        "NumBondsInCart": 0,
        "NumBondsExpired": 0,
        "NumBondsProcessing": 0,
        "NumBondsUnsubmitted": 0,
        "TotalValueBondsRemainingMax": 5000000.00,
        "TotalValueBondsRemaining": 5000000.00,
        "NumBondsRemaining": null
    },
    {
        "FacilityID": "201803-0001",
        "CanIssueNewBonds": true,
        "TotalValueBondsAllowed": 3500000.00,
        "TotalValueBondsActive": 0.0,
        "TotalValueBondsInCart": 0.0,
        "TotalValueBondsExpired": 0.0,
        "TotalValueBondsProcessing": 0.0,
        "TotalValueBondsUnsubmitted": 0.0,
        "NumBondsAllowed": null,
        "NumBondsActive": 0,
        "NumBondsInCart": 0,
        "NumBondsExpired": 0,
        "NumBondsProcessing": 0,
        "NumBondsUnsubmitted": 0,
        "TotalValueBondsRemainingMax": 3500000.00,
        "TotalValueBondsRemaining": 3500000.00,
        "NumBondsRemaining": null
    },
    {
        "FacilityID": "201803-0003",
        "CanIssueNewBonds": false,
        "TotalValueBondsAllowed": 14795255.51,
        "TotalValueBondsActive": 0.0,
        "TotalValueBondsInCart": 2000.00,
        "TotalValueBondsExpired": 0.0,
        "TotalValueBondsProcessing": 1000.00,
        "TotalValueBondsUnsubmitted": 1000.00,
        "NumBondsAllowed": null,
        "NumBondsActive": 0,
        "NumBondsInCart": 2,
        "NumBondsExpired": 0,
        "NumBondsProcessing": 1,
        "NumBondsUnsubmitted": 1,
        "TotalValueBondsRemainingMax": 0.0,
        "TotalValueBondsRemaining": 0.0,
        "NumBondsRemaining": null
    },
    {
        "FacilityID": "201803-0004",
        "CanIssueNewBonds": true,
        "TotalValueBondsAllowed": 4500000.00,
        "TotalValueBondsActive": 0.0,
        "TotalValueBondsInCart": 0.0,
        "TotalValueBondsExpired": 0.0,
        "TotalValueBondsProcessing": 0.0,
        "TotalValueBondsUnsubmitted": 0.0,
        "NumBondsAllowed": null,
        "NumBondsActive": 0,
        "NumBondsInCart": 0,
        "NumBondsExpired": 0,
        "NumBondsProcessing": 0,
        "NumBondsUnsubmitted": 0,
        "TotalValueBondsRemainingMax": 4500000.00,
        "TotalValueBondsRemaining": 4500000.00,
        "NumBondsRemaining": null
    },
    {
        "FacilityID": "201803-0005",
        "CanIssueNewBonds": true,
        "TotalValueBondsAllowed": 5000000.00,
        "TotalValueBondsActive": 0.0,
        "TotalValueBondsInCart": 0.0,
        "TotalValueBondsExpired": 0.0,
        "TotalValueBondsProcessing": 0.0,
        "TotalValueBondsUnsubmitted": 0.0,
        "NumBondsAllowed": null,
        "NumBondsActive": 0,
        "NumBondsInCart": 0,
        "NumBondsExpired": 0,
        "NumBondsProcessing": 0,
        "NumBondsUnsubmitted": 0,
        "TotalValueBondsRemainingMax": 5000000.00,
        "TotalValueBondsRemaining": 5000000.00,
        "NumBondsRemaining": null
    },
    {
        "FacilityID": "201803-0006",
        "CanIssueNewBonds": true,
        "TotalValueBondsAllowed": 752000.00,
        "TotalValueBondsActive": 0.0,
        "TotalValueBondsInCart": 0.0,
        "TotalValueBondsExpired": 0.0,
        "TotalValueBondsProcessing": 0.0,
        "TotalValueBondsUnsubmitted": 0.0,
        "NumBondsAllowed": null,
        "NumBondsActive": 0,
        "NumBondsInCart": 0,
        "NumBondsExpired": 0,
        "NumBondsProcessing": 0,
        "NumBondsUnsubmitted": 0,
        "TotalValueBondsRemainingMax": 752000.00,
        "TotalValueBondsRemaining": 752000.00,
        "NumBondsRemaining": null
    },
    {
        "FacilityID": "201803-0007",
        "CanIssueNewBonds": true,
        "TotalValueBondsAllowed": 10000000.00,
        "TotalValueBondsActive": 0.0,
        "TotalValueBondsInCart": 0.0,
        "TotalValueBondsExpired": 0.0,
        "TotalValueBondsProcessing": 0.0,
        "TotalValueBondsUnsubmitted": 0.0,
        "NumBondsAllowed": null,
        "NumBondsActive": 0,
        "NumBondsInCart": 0,
        "NumBondsExpired": 0,
        "NumBondsProcessing": 0,
        "NumBondsUnsubmitted": 0,
        "TotalValueBondsRemainingMax": 10000000.00,
        "TotalValueBondsRemaining": 10000000.00,
        "NumBondsRemaining": null
    },
    {
        "FacilityID": "201803-0008",
        "CanIssueNewBonds": true,
        "TotalValueBondsAllowed": 7000000.00,
        "TotalValueBondsActive": 0.0,
        "TotalValueBondsInCart": 0.0,
        "TotalValueBondsExpired": 0.0,
        "TotalValueBondsProcessing": 296955.98,
        "TotalValueBondsUnsubmitted": 0.0,
        "NumBondsAllowed": null,
        "NumBondsActive": 0,
        "NumBondsInCart": 0,
        "NumBondsExpired": 0,
        "NumBondsProcessing": 1,
        "NumBondsUnsubmitted": 0,
        "TotalValueBondsRemainingMax": 7000000.00,
        "TotalValueBondsRemaining": 7000000.00,
        "NumBondsRemaining": null
    },
    {
        "FacilityID": "201803-0009",
        "CanIssueNewBonds": true,
        "TotalValueBondsAllowed": 250952.50,
        "TotalValueBondsActive": 0.0,
        "TotalValueBondsInCart": 0.0,
        "TotalValueBondsExpired": 0.0,
        "TotalValueBondsProcessing": 0.0,
        "TotalValueBondsUnsubmitted": 0.0,
        "NumBondsAllowed": null,
        "NumBondsActive": 0,
        "NumBondsInCart": 0,
        "NumBondsExpired": 0,
        "NumBondsProcessing": 0,
        "NumBondsUnsubmitted": 0,
        "TotalValueBondsRemainingMax": 250952.50,
        "TotalValueBondsRemaining": 250952.50,
        "NumBondsRemaining": null
    },
    {
        "FacilityID": "201804-0001",
        "CanIssueNewBonds": true,
        "TotalValueBondsAllowed": 4000000.00,
        "TotalValueBondsActive": 0.0,
        "TotalValueBondsInCart": 0.0,
        "TotalValueBondsExpired": 0.0,
        "TotalValueBondsProcessing": 0.0,
        "TotalValueBondsUnsubmitted": 0.0,
        "NumBondsAllowed": null,
        "NumBondsActive": 0,
        "NumBondsInCart": 0,
        "NumBondsExpired": 0,
        "NumBondsProcessing": 0,
        "NumBondsUnsubmitted": 0,
        "TotalValueBondsRemainingMax": 4000000.00,
        "TotalValueBondsRemaining": 4000000.00,
        "NumBondsRemaining": null
    },
    {
        "FacilityID": "201805-0001",
        "CanIssueNewBonds": true,
        "TotalValueBondsAllowed": 2000000.00,
        "TotalValueBondsActive": 0.0,
        "TotalValueBondsInCart": 0.0,
        "TotalValueBondsExpired": 0.0,
        "TotalValueBondsProcessing": 0.0,
        "TotalValueBondsUnsubmitted": 0.0,
        "NumBondsAllowed": null,
        "NumBondsActive": 0,
        "NumBondsInCart": 0,
        "NumBondsExpired": 0,
        "NumBondsProcessing": 0,
        "NumBondsUnsubmitted": 0,
        "TotalValueBondsRemainingMax": 2000000.00,
        "TotalValueBondsRemaining": 2000000.00,
        "NumBondsRemaining": null
    },
    {
        "FacilityID": "201805-0002",
        "CanIssueNewBonds": true,
        "TotalValueBondsAllowed": 0.00,
        "TotalValueBondsActive": 0.0,
        "TotalValueBondsInCart": 0.0,
        "TotalValueBondsExpired": 0.0,
        "TotalValueBondsProcessing": 0.0,
        "TotalValueBondsUnsubmitted": 0.0,
        "NumBondsAllowed": null,
        "NumBondsActive": 0,
        "NumBondsInCart": 0,
        "NumBondsExpired": 0,
        "NumBondsProcessing": 0,
        "NumBondsUnsubmitted": 0,
        "TotalValueBondsRemainingMax": 0.0,
        "TotalValueBondsRemaining": 0.0,
        "NumBondsRemaining": null
    },
    {
        "FacilityID": "201805-0003",
        "CanIssueNewBonds": true,
        "TotalValueBondsAllowed": 1400000.00,
        "TotalValueBondsActive": 0.0,
        "TotalValueBondsInCart": 0.0,
        "TotalValueBondsExpired": 0.0,
        "TotalValueBondsProcessing": 0.0,
        "TotalValueBondsUnsubmitted": 0.0,
        "NumBondsAllowed": null,
        "NumBondsActive": 0,
        "NumBondsInCart": 0,
        "NumBondsExpired": 0,
        "NumBondsProcessing": 0,
        "NumBondsUnsubmitted": 0,
        "TotalValueBondsRemainingMax": 1400000.00,
        "TotalValueBondsRemaining": 1400000.00,
        "NumBondsRemaining": null
    },
    {
        "FacilityID": "201805-0004",
        "CanIssueNewBonds": true,
        "TotalValueBondsAllowed": 25000000.00,
        "TotalValueBondsActive": 0.0,
        "TotalValueBondsInCart": 0.0,
        "TotalValueBondsExpired": 0.0,
        "TotalValueBondsProcessing": 0.0,
        "TotalValueBondsUnsubmitted": 0.0,
        "NumBondsAllowed": null,
        "NumBondsActive": 0,
        "NumBondsInCart": 0,
        "NumBondsExpired": 0,
        "NumBondsProcessing": 0,
        "NumBondsUnsubmitted": 0,
        "TotalValueBondsRemainingMax": 25000000.00,
        "TotalValueBondsRemaining": 25000000.00,
        "NumBondsRemaining": null
    },
    {
        "FacilityID": "201806-0001",
        "CanIssueNewBonds": true,
        "TotalValueBondsAllowed": 233892.29,
        "TotalValueBondsActive": 0.0,
        "TotalValueBondsInCart": 0.0,
        "TotalValueBondsExpired": 0.0,
        "TotalValueBondsProcessing": 0.0,
        "TotalValueBondsUnsubmitted": 0.0,
        "NumBondsAllowed": null,
        "NumBondsActive": 0,
        "NumBondsInCart": 0,
        "NumBondsExpired": 0,
        "NumBondsProcessing": 0,
        "NumBondsUnsubmitted": 0,
        "TotalValueBondsRemainingMax": 233892.29,
        "TotalValueBondsRemaining": 233892.29,
        "NumBondsRemaining": null
    },
    {
        "FacilityID": "201806-0004",
        "CanIssueNewBonds": true,
        "TotalValueBondsAllowed": 2050000.00,
        "TotalValueBondsActive": 0.0,
        "TotalValueBondsInCart": 0.0,
        "TotalValueBondsExpired": 0.0,
        "TotalValueBondsProcessing": 0.0,
        "TotalValueBondsUnsubmitted": 0.0,
        "NumBondsAllowed": null,
        "NumBondsActive": 0,
        "NumBondsInCart": 0,
        "NumBondsExpired": 0,
        "NumBondsProcessing": 0,
        "NumBondsUnsubmitted": 0,
        "TotalValueBondsRemainingMax": 2050000.00,
        "TotalValueBondsRemaining": 2050000.00,
        "NumBondsRemaining": null
    },
    {
        "FacilityID": "201806-0005",
        "CanIssueNewBonds": true,
        "TotalValueBondsAllowed": 4000000.00,
        "TotalValueBondsActive": 2344100.27,
        "TotalValueBondsInCart": 0.0,
        "TotalValueBondsExpired": 2344100.27,
        "TotalValueBondsProcessing": 0.0,
        "TotalValueBondsUnsubmitted": 0.0,
        "NumBondsAllowed": null,
        "NumBondsActive": 12,
        "NumBondsInCart": 0,
        "NumBondsExpired": 12,
        "NumBondsProcessing": 0,
        "NumBondsUnsubmitted": 0,
        "TotalValueBondsRemainingMax": 1655899.73,
        "TotalValueBondsRemaining": 1655899.73,
        "NumBondsRemaining": null
    },
    {
        "FacilityID": "201806-0006",
        "CanIssueNewBonds": true,
        "TotalValueBondsAllowed": 214500.00,
        "TotalValueBondsActive": 0.0,
        "TotalValueBondsInCart": 0.0,
        "TotalValueBondsExpired": 0.0,
        "TotalValueBondsProcessing": 0.0,
        "TotalValueBondsUnsubmitted": 0.0,
        "NumBondsAllowed": null,
        "NumBondsActive": 0,
        "NumBondsInCart": 0,
        "NumBondsExpired": 0,
        "NumBondsProcessing": 0,
        "NumBondsUnsubmitted": 0,
        "TotalValueBondsRemainingMax": 214500.00,
        "TotalValueBondsRemaining": 214500.00,
        "NumBondsRemaining": null
    },
    {
        "FacilityID": "201807-0002",
        "CanIssueNewBonds": true,
        "TotalValueBondsAllowed": 5000000.00,
        "TotalValueBondsActive": 0.0,
        "TotalValueBondsInCart": 0.0,
        "TotalValueBondsExpired": 0.0,
        "TotalValueBondsProcessing": 0.0,
        "TotalValueBondsUnsubmitted": 0.0,
        "NumBondsAllowed": null,
        "NumBondsActive": 0,
        "NumBondsInCart": 0,
        "NumBondsExpired": 0,
        "NumBondsProcessing": 0,
        "NumBondsUnsubmitted": 0,
        "TotalValueBondsRemainingMax": 5000000.00,
        "TotalValueBondsRemaining": 5000000.00,
        "NumBondsRemaining": null
    },
    {
        "FacilityID": "201807-0003",
        "CanIssueNewBonds": true,
        "TotalValueBondsAllowed": 0.00,
        "TotalValueBondsActive": 0.0,
        "TotalValueBondsInCart": 0.0,
        "TotalValueBondsExpired": 0.0,
        "TotalValueBondsProcessing": 0.0,
        "TotalValueBondsUnsubmitted": 0.0,
        "NumBondsAllowed": null,
        "NumBondsActive": 0,
        "NumBondsInCart": 0,
        "NumBondsExpired": 0,
        "NumBondsProcessing": 0,
        "NumBondsUnsubmitted": 0,
        "TotalValueBondsRemainingMax": 0.0,
        "TotalValueBondsRemaining": 0.0,
        "NumBondsRemaining": null
    },
    {
        "FacilityID": "201808-0001",
        "CanIssueNewBonds": true,
        "TotalValueBondsAllowed": 1250000.00,
        "TotalValueBondsActive": 0.0,
        "TotalValueBondsInCart": 0.0,
        "TotalValueBondsExpired": 0.0,
        "TotalValueBondsProcessing": 0.0,
        "TotalValueBondsUnsubmitted": 0.0,
        "NumBondsAllowed": null,
        "NumBondsActive": 0,
        "NumBondsInCart": 0,
        "NumBondsExpired": 0,
        "NumBondsProcessing": 0,
        "NumBondsUnsubmitted": 0,
        "TotalValueBondsRemainingMax": 1250000.00,
        "TotalValueBondsRemaining": 1250000.00,
        "NumBondsRemaining": null
    },
    {
        "FacilityID": "201808-0002",
        "CanIssueNewBonds": true,
        "TotalValueBondsAllowed": 4300000.00,
        "TotalValueBondsActive": 0.0,
        "TotalValueBondsInCart": 0.0,
        "TotalValueBondsExpired": 0.0,
        "TotalValueBondsProcessing": 0.0,
        "TotalValueBondsUnsubmitted": 0.0,
        "NumBondsAllowed": null,
        "NumBondsActive": 0,
        "NumBondsInCart": 0,
        "NumBondsExpired": 0,
        "NumBondsProcessing": 0,
        "NumBondsUnsubmitted": 0,
        "TotalValueBondsRemainingMax": 4300000.00,
        "TotalValueBondsRemaining": 4300000.00,
        "NumBondsRemaining": null
    },
    {
        "FacilityID": "201808-0003",
        "CanIssueNewBonds": true,
        "TotalValueBondsAllowed": 3000000.00,
        "TotalValueBondsActive": 0.0,
        "TotalValueBondsInCart": 0.0,
        "TotalValueBondsExpired": 0.0,
        "TotalValueBondsProcessing": 0.0,
        "TotalValueBondsUnsubmitted": 0.0,
        "NumBondsAllowed": null,
        "NumBondsActive": 0,
        "NumBondsInCart": 0,
        "NumBondsExpired": 0,
        "NumBondsProcessing": 0,
        "NumBondsUnsubmitted": 0,
        "TotalValueBondsRemainingMax": 3000000.00,
        "TotalValueBondsRemaining": 3000000.00,
        "NumBondsRemaining": null
    },
    {
        "FacilityID": "201808-0004",
        "CanIssueNewBonds": true,
        "TotalValueBondsAllowed": 1500000.00,
        "TotalValueBondsActive": 0.0,
        "TotalValueBondsInCart": 0.0,
        "TotalValueBondsExpired": 0.0,
        "TotalValueBondsProcessing": 0.0,
        "TotalValueBondsUnsubmitted": 0.0,
        "NumBondsAllowed": null,
        "NumBondsActive": 0,
        "NumBondsInCart": 0,
        "NumBondsExpired": 0,
        "NumBondsProcessing": 0,
        "NumBondsUnsubmitted": 0,
        "TotalValueBondsRemainingMax": 1500000.00,
        "TotalValueBondsRemaining": 1500000.00,
        "NumBondsRemaining": null
    },
    {
        "FacilityID": "201808-0005",
        "CanIssueNewBonds": true,
        "TotalValueBondsAllowed": 5000000.00,
        "TotalValueBondsActive": 0.0,
        "TotalValueBondsInCart": 0.0,
        "TotalValueBondsExpired": 0.0,
        "TotalValueBondsProcessing": 0.0,
        "TotalValueBondsUnsubmitted": 0.0,
        "NumBondsAllowed": null,
        "NumBondsActive": 0,
        "NumBondsInCart": 0,
        "NumBondsExpired": 0,
        "NumBondsProcessing": 0,
        "NumBondsUnsubmitted": 0,
        "TotalValueBondsRemainingMax": 5000000.00,
        "TotalValueBondsRemaining": 5000000.00,
        "NumBondsRemaining": null
    },
    {
        "FacilityID": "201809-0001",
        "CanIssueNewBonds": true,
        "TotalValueBondsAllowed": 273590.34,
        "TotalValueBondsActive": 0.0,
        "TotalValueBondsInCart": 0.0,
        "TotalValueBondsExpired": 0.0,
        "TotalValueBondsProcessing": 0.0,
        "TotalValueBondsUnsubmitted": 0.0,
        "NumBondsAllowed": null,
        "NumBondsActive": 0,
        "NumBondsInCart": 0,
        "NumBondsExpired": 0,
        "NumBondsProcessing": 0,
        "NumBondsUnsubmitted": 0,
        "TotalValueBondsRemainingMax": 273590.34,
        "TotalValueBondsRemaining": 273590.34,
        "NumBondsRemaining": null
    },
    {
        "FacilityID": "201809-0002",
        "CanIssueNewBonds": true,
        "TotalValueBondsAllowed": 9000000.00,
        "TotalValueBondsActive": 0.0,
        "TotalValueBondsInCart": 0.0,
        "TotalValueBondsExpired": 0.0,
        "TotalValueBondsProcessing": 0.0,
        "TotalValueBondsUnsubmitted": 0.0,
        "NumBondsAllowed": null,
        "NumBondsActive": 0,
        "NumBondsInCart": 0,
        "NumBondsExpired": 0,
        "NumBondsProcessing": 0,
        "NumBondsUnsubmitted": 0,
        "TotalValueBondsRemainingMax": 9000000.00,
        "TotalValueBondsRemaining": 9000000.00,
        "NumBondsRemaining": null
    },
    {
        "FacilityID": "201809-0004",
        "CanIssueNewBonds": true,
        "TotalValueBondsAllowed": 32000000.00,
        "TotalValueBondsActive": 1000000.00,
        "TotalValueBondsInCart": 0.0,
        "TotalValueBondsExpired": 1000000.00,
        "TotalValueBondsProcessing": 0.0,
        "TotalValueBondsUnsubmitted": 0.0,
        "NumBondsAllowed": null,
        "NumBondsActive": 1,
        "NumBondsInCart": 0,
        "NumBondsExpired": 1,
        "NumBondsProcessing": 0,
        "NumBondsUnsubmitted": 0,
        "TotalValueBondsRemainingMax": 31000000.00,
        "TotalValueBondsRemaining": 31000000.00,
        "NumBondsRemaining": null
    },
    {
        "FacilityID": "201809-0005",
        "CanIssueNewBonds": true,
        "TotalValueBondsAllowed": 2500000.00,
        "TotalValueBondsActive": 0.0,
        "TotalValueBondsInCart": 0.0,
        "TotalValueBondsExpired": 0.0,
        "TotalValueBondsProcessing": 0.0,
        "TotalValueBondsUnsubmitted": 0.0,
        "NumBondsAllowed": null,
        "NumBondsActive": 0,
        "NumBondsInCart": 0,
        "NumBondsExpired": 0,
        "NumBondsProcessing": 0,
        "NumBondsUnsubmitted": 0,
        "TotalValueBondsRemainingMax": 2500000.00,
        "TotalValueBondsRemaining": 2500000.00,
        "NumBondsRemaining": null
    },
    {
        "FacilityID": "201809-0006",
        "CanIssueNewBonds": true,
        "TotalValueBondsAllowed": 4000000.00,
        "TotalValueBondsActive": 827283.00,
        "TotalValueBondsInCart": 0.0,
        "TotalValueBondsExpired": 827283.00,
        "TotalValueBondsProcessing": 0.0,
        "TotalValueBondsUnsubmitted": 0.0,
        "NumBondsAllowed": null,
        "NumBondsActive": 1,
        "NumBondsInCart": 0,
        "NumBondsExpired": 1,
        "NumBondsProcessing": 0,
        "NumBondsUnsubmitted": 0,
        "TotalValueBondsRemainingMax": 3172717.00,
        "TotalValueBondsRemaining": 3172717.00,
        "NumBondsRemaining": null
    },
    {
        "FacilityID": "201809-0007",
        "CanIssueNewBonds": false,
        "TotalValueBondsAllowed": 10000000.00,
        "TotalValueBondsActive": 569000.00,
        "TotalValueBondsInCart": 0.0,
        "TotalValueBondsExpired": 145000.00,
        "TotalValueBondsProcessing": 0.0,
        "TotalValueBondsUnsubmitted": 0.0,
        "NumBondsAllowed": null,
        "NumBondsActive": 4,
        "NumBondsInCart": 0,
        "NumBondsExpired": 1,
        "NumBondsProcessing": 0,
        "NumBondsUnsubmitted": 0,
        "TotalValueBondsRemainingMax": 0.0,
        "TotalValueBondsRemaining": 0.0,
        "NumBondsRemaining": null
    },
    {
        "FacilityID": "201810-0001",
        "CanIssueNewBonds": true,
        "TotalValueBondsAllowed": 663079.00,
        "TotalValueBondsActive": 0.0,
        "TotalValueBondsInCart": 0.0,
        "TotalValueBondsExpired": 0.0,
        "TotalValueBondsProcessing": 0.0,
        "TotalValueBondsUnsubmitted": 0.0,
        "NumBondsAllowed": null,
        "NumBondsActive": 0,
        "NumBondsInCart": 0,
        "NumBondsExpired": 0,
        "NumBondsProcessing": 0,
        "NumBondsUnsubmitted": 0,
        "TotalValueBondsRemainingMax": 663079.00,
        "TotalValueBondsRemaining": 663079.00,
        "NumBondsRemaining": null
    },
    {
        "FacilityID": "201810-0004",
        "CanIssueNewBonds": true,
        "TotalValueBondsAllowed": 4000000.00,
        "TotalValueBondsActive": 1518311.45,
        "TotalValueBondsInCart": 0.0,
        "TotalValueBondsExpired": 1518311.45,
        "TotalValueBondsProcessing": 0.0,
        "TotalValueBondsUnsubmitted": 0.0,
        "NumBondsAllowed": null,
        "NumBondsActive": 14,
        "NumBondsInCart": 0,
        "NumBondsExpired": 14,
        "NumBondsProcessing": 0,
        "NumBondsUnsubmitted": 0,
        "TotalValueBondsRemainingMax": 2481688.55,
        "TotalValueBondsRemaining": 2481688.55,
        "NumBondsRemaining": null
    },
    {
        "FacilityID": "201811-0001",
        "CanIssueNewBonds": true,
        "TotalValueBondsAllowed": 687421.16,
        "TotalValueBondsActive": 0.0,
        "TotalValueBondsInCart": 0.0,
        "TotalValueBondsExpired": 0.0,
        "TotalValueBondsProcessing": 0.0,
        "TotalValueBondsUnsubmitted": 0.0,
        "NumBondsAllowed": null,
        "NumBondsActive": 0,
        "NumBondsInCart": 0,
        "NumBondsExpired": 0,
        "NumBondsProcessing": 0,
        "NumBondsUnsubmitted": 0,
        "TotalValueBondsRemainingMax": 687421.16,
        "TotalValueBondsRemaining": 687421.16,
        "NumBondsRemaining": null
    },
    {
        "FacilityID": "201811-0002",
        "CanIssueNewBonds": true,
        "TotalValueBondsAllowed": 8000000.00,
        "TotalValueBondsActive": 0.0,
        "TotalValueBondsInCart": 0.0,
        "TotalValueBondsExpired": 0.0,
        "TotalValueBondsProcessing": 0.0,
        "TotalValueBondsUnsubmitted": 0.0,
        "NumBondsAllowed": null,
        "NumBondsActive": 0,
        "NumBondsInCart": 0,
        "NumBondsExpired": 0,
        "NumBondsProcessing": 0,
        "NumBondsUnsubmitted": 0,
        "TotalValueBondsRemainingMax": 8000000.00,
        "TotalValueBondsRemaining": 8000000.00,
        "NumBondsRemaining": null
    },
    {
        "FacilityID": "201811-0003",
        "CanIssueNewBonds": true,
        "TotalValueBondsAllowed": 0.00,
        "TotalValueBondsActive": 0.0,
        "TotalValueBondsInCart": 0.0,
        "TotalValueBondsExpired": 0.0,
        "TotalValueBondsProcessing": 0.0,
        "TotalValueBondsUnsubmitted": 0.0,
        "NumBondsAllowed": null,
        "NumBondsActive": 0,
        "NumBondsInCart": 0,
        "NumBondsExpired": 0,
        "NumBondsProcessing": 0,
        "NumBondsUnsubmitted": 0,
        "TotalValueBondsRemainingMax": 0.0,
        "TotalValueBondsRemaining": 0.0,
        "NumBondsRemaining": null
    },
    {
        "FacilityID": "201812-0002",
        "CanIssueNewBonds": true,
        "TotalValueBondsAllowed": 4000000.00,
        "TotalValueBondsActive": 0.0,
        "TotalValueBondsInCart": 0.0,
        "TotalValueBondsExpired": 0.0,
        "TotalValueBondsProcessing": 0.0,
        "TotalValueBondsUnsubmitted": 0.0,
        "NumBondsAllowed": null,
        "NumBondsActive": 0,
        "NumBondsInCart": 0,
        "NumBondsExpired": 0,
        "NumBondsProcessing": 0,
        "NumBondsUnsubmitted": 0,
        "TotalValueBondsRemainingMax": 4000000.00,
        "TotalValueBondsRemaining": 4000000.00,
        "NumBondsRemaining": null
    },
    {
        "FacilityID": "201902-0001",
        "CanIssueNewBonds": true,
        "TotalValueBondsAllowed": 20000000.00,
        "TotalValueBondsActive": 0.0,
        "TotalValueBondsInCart": 0.0,
        "TotalValueBondsExpired": 0.0,
        "TotalValueBondsProcessing": 0.0,
        "TotalValueBondsUnsubmitted": 0.0,
        "NumBondsAllowed": null,
        "NumBondsActive": 0,
        "NumBondsInCart": 0,
        "NumBondsExpired": 0,
        "NumBondsProcessing": 0,
        "NumBondsUnsubmitted": 0,
        "TotalValueBondsRemainingMax": 20000000.00,
        "TotalValueBondsRemaining": 20000000.00,
        "NumBondsRemaining": null
    },
    {
        "FacilityID": "201902-0003",
        "CanIssueNewBonds": true,
        "TotalValueBondsAllowed": 5000000.00,
        "TotalValueBondsActive": 0.0,
        "TotalValueBondsInCart": 0.0,
        "TotalValueBondsExpired": 0.0,
        "TotalValueBondsProcessing": 0.0,
        "TotalValueBondsUnsubmitted": 0.0,
        "NumBondsAllowed": null,
        "NumBondsActive": 0,
        "NumBondsInCart": 0,
        "NumBondsExpired": 0,
        "NumBondsProcessing": 0,
        "NumBondsUnsubmitted": 0,
        "TotalValueBondsRemainingMax": 5000000.00,
        "TotalValueBondsRemaining": 5000000.00,
        "NumBondsRemaining": null
    },
    {
        "FacilityID": "201902-0004",
        "CanIssueNewBonds": true,
        "TotalValueBondsAllowed": 30000000.00,
        "TotalValueBondsActive": 0.0,
        "TotalValueBondsInCart": 0.0,
        "TotalValueBondsExpired": 0.0,
        "TotalValueBondsProcessing": 0.0,
        "TotalValueBondsUnsubmitted": 0.0,
        "NumBondsAllowed": null,
        "NumBondsActive": 0,
        "NumBondsInCart": 0,
        "NumBondsExpired": 0,
        "NumBondsProcessing": 0,
        "NumBondsUnsubmitted": 0,
        "TotalValueBondsRemainingMax": 30000000.00,
        "TotalValueBondsRemaining": 30000000.00,
        "NumBondsRemaining": null
    },
    {
        "FacilityID": "201904-0002",
        "CanIssueNewBonds": true,
        "TotalValueBondsAllowed": 40000000.00,
        "TotalValueBondsActive": 0.0,
        "TotalValueBondsInCart": 0.0,
        "TotalValueBondsExpired": 0.0,
        "TotalValueBondsProcessing": 0.0,
        "TotalValueBondsUnsubmitted": 0.0,
        "NumBondsAllowed": null,
        "NumBondsActive": 0,
        "NumBondsInCart": 0,
        "NumBondsExpired": 0,
        "NumBondsProcessing": 0,
        "NumBondsUnsubmitted": 0,
        "TotalValueBondsRemainingMax": 40000000.00,
        "TotalValueBondsRemaining": 40000000.00,
        "NumBondsRemaining": null
    },
    {
        "FacilityID": "201905-0001",
        "CanIssueNewBonds": true,
        "TotalValueBondsAllowed": 15000000.00,
        "TotalValueBondsActive": 0.0,
        "TotalValueBondsInCart": 11000.00,
        "TotalValueBondsExpired": 0.0,
        "TotalValueBondsProcessing": 0.0,
        "TotalValueBondsUnsubmitted": 11000.00,
        "NumBondsAllowed": null,
        "NumBondsActive": 0,
        "NumBondsInCart": 1,
        "NumBondsExpired": 0,
        "NumBondsProcessing": 0,
        "NumBondsUnsubmitted": 1,
        "TotalValueBondsRemainingMax": 14989000.00,
        "TotalValueBondsRemaining": 14989000.00,
        "NumBondsRemaining": null
    },
    {
        "FacilityID": "201906-0001",
        "CanIssueNewBonds": true,
        "TotalValueBondsAllowed": 4322263.17,
        "TotalValueBondsActive": 0.0,
        "TotalValueBondsInCart": 0.0,
        "TotalValueBondsExpired": 0.0,
        "TotalValueBondsProcessing": 0.0,
        "TotalValueBondsUnsubmitted": 0.0,
        "NumBondsAllowed": null,
        "NumBondsActive": 0,
        "NumBondsInCart": 0,
        "NumBondsExpired": 0,
        "NumBondsProcessing": 0,
        "NumBondsUnsubmitted": 0,
        "TotalValueBondsRemainingMax": 4322263.17,
        "TotalValueBondsRemaining": 4322263.17,
        "NumBondsRemaining": null
    },
    {
        "FacilityID": "201907-0002",
        "CanIssueNewBonds": true,
        "TotalValueBondsAllowed": 6500000.00,
        "TotalValueBondsActive": 0.0,
        "TotalValueBondsInCart": 8734223.00,
        "TotalValueBondsExpired": 0.0,
        "TotalValueBondsProcessing": 121221.00,
        "TotalValueBondsUnsubmitted": 8613002.00,
        "NumBondsAllowed": null,
        "NumBondsActive": 0,
        "NumBondsInCart": 5,
        "NumBondsExpired": 0,
        "NumBondsProcessing": 1,
        "NumBondsUnsubmitted": 4,
        "TotalValueBondsRemainingMax": 0.0,
        "TotalValueBondsRemaining": 0.0,
        "NumBondsRemaining": null
    },
    {
        "FacilityID": "201907-0003",
        "CanIssueNewBonds": true,
        "TotalValueBondsAllowed": 4500000.00,
        "TotalValueBondsActive": 1771017.18,
        "TotalValueBondsInCart": 0.0,
        "TotalValueBondsExpired": 1771017.18,
        "TotalValueBondsProcessing": 0.0,
        "TotalValueBondsUnsubmitted": 0.0,
        "NumBondsAllowed": null,
        "NumBondsActive": 4,
        "NumBondsInCart": 0,
        "NumBondsExpired": 4,
        "NumBondsProcessing": 0,
        "NumBondsUnsubmitted": 0,
        "TotalValueBondsRemainingMax": 2728982.82,
        "TotalValueBondsRemaining": 2728982.82,
        "NumBondsRemaining": null
    },
    {
        "FacilityID": "201908-0001",
        "CanIssueNewBonds": true,
        "TotalValueBondsAllowed": 2000000.00,
        "TotalValueBondsActive": 0.0,
        "TotalValueBondsInCart": 0.0,
        "TotalValueBondsExpired": 0.0,
        "TotalValueBondsProcessing": 0.0,
        "TotalValueBondsUnsubmitted": 0.0,
        "NumBondsAllowed": null,
        "NumBondsActive": 0,
        "NumBondsInCart": 0,
        "NumBondsExpired": 0,
        "NumBondsProcessing": 0,
        "NumBondsUnsubmitted": 0,
        "TotalValueBondsRemainingMax": 2000000.00,
        "TotalValueBondsRemaining": 2000000.00,
        "NumBondsRemaining": null
    },
    {
        "FacilityID": "201908-0002",
        "CanIssueNewBonds": true,
        "TotalValueBondsAllowed": 8000000.00,
        "TotalValueBondsActive": 0.0,
        "TotalValueBondsInCart": 0.0,
        "TotalValueBondsExpired": 0.0,
        "TotalValueBondsProcessing": 0.0,
        "TotalValueBondsUnsubmitted": 0.0,
        "NumBondsAllowed": null,
        "NumBondsActive": 0,
        "NumBondsInCart": 0,
        "NumBondsExpired": 0,
        "NumBondsProcessing": 0,
        "NumBondsUnsubmitted": 0,
        "TotalValueBondsRemainingMax": 8000000.00,
        "TotalValueBondsRemaining": 8000000.00,
        "NumBondsRemaining": null
    },
    {
        "FacilityID": "201909-0002",
        "CanIssueNewBonds": true,
        "TotalValueBondsAllowed": 31000000.00,
        "TotalValueBondsActive": 0.0,
        "TotalValueBondsInCart": 0.0,
        "TotalValueBondsExpired": 0.0,
        "TotalValueBondsProcessing": 0.0,
        "TotalValueBondsUnsubmitted": 0.0,
        "NumBondsAllowed": null,
        "NumBondsActive": 0,
        "NumBondsInCart": 0,
        "NumBondsExpired": 0,
        "NumBondsProcessing": 0,
        "NumBondsUnsubmitted": 0,
        "TotalValueBondsRemainingMax": 31000000.00,
        "TotalValueBondsRemaining": 31000000.00,
        "NumBondsRemaining": null
    },
    {
        "FacilityID": "201909-0003",
        "CanIssueNewBonds": true,
        "TotalValueBondsAllowed": 0.00,
        "TotalValueBondsActive": 0.0,
        "TotalValueBondsInCart": 0.0,
        "TotalValueBondsExpired": 0.0,
        "TotalValueBondsProcessing": 0.0,
        "TotalValueBondsUnsubmitted": 0.0,
        "NumBondsAllowed": null,
        "NumBondsActive": 0,
        "NumBondsInCart": 0,
        "NumBondsExpired": 0,
        "NumBondsProcessing": 0,
        "NumBondsUnsubmitted": 0,
        "TotalValueBondsRemainingMax": 0.0,
        "TotalValueBondsRemaining": 0.0,
        "NumBondsRemaining": null
    },
    {
        "FacilityID": "201909-0004",
        "CanIssueNewBonds": true,
        "TotalValueBondsAllowed": 5000000.00,
        "TotalValueBondsActive": 0.0,
        "TotalValueBondsInCart": 0.0,
        "TotalValueBondsExpired": 0.0,
        "TotalValueBondsProcessing": 0.0,
        "TotalValueBondsUnsubmitted": 0.0,
        "NumBondsAllowed": null,
        "NumBondsActive": 0,
        "NumBondsInCart": 0,
        "NumBondsExpired": 0,
        "NumBondsProcessing": 0,
        "NumBondsUnsubmitted": 0,
        "TotalValueBondsRemainingMax": 5000000.00,
        "TotalValueBondsRemaining": 5000000.00,
        "NumBondsRemaining": null
    },
    {
        "FacilityID": "201911-0001",
        "CanIssueNewBonds": true,
        "TotalValueBondsAllowed": 1000000.00,
        "TotalValueBondsActive": 0.0,
        "TotalValueBondsInCart": 0.0,
        "TotalValueBondsExpired": 0.0,
        "TotalValueBondsProcessing": 0.0,
        "TotalValueBondsUnsubmitted": 0.0,
        "NumBondsAllowed": null,
        "NumBondsActive": 0,
        "NumBondsInCart": 0,
        "NumBondsExpired": 0,
        "NumBondsProcessing": 0,
        "NumBondsUnsubmitted": 0,
        "TotalValueBondsRemainingMax": 1000000.00,
        "TotalValueBondsRemaining": 1000000.00,
        "NumBondsRemaining": null
    },
    {
        "FacilityID": "201912-0002",
        "CanIssueNewBonds": true,
        "TotalValueBondsAllowed": 25000000.00,
        "TotalValueBondsActive": 0.0,
        "TotalValueBondsInCart": 0.0,
        "TotalValueBondsExpired": 0.0,
        "TotalValueBondsProcessing": 0.0,
        "TotalValueBondsUnsubmitted": 0.0,
        "NumBondsAllowed": null,
        "NumBondsActive": 0,
        "NumBondsInCart": 0,
        "NumBondsExpired": 0,
        "NumBondsProcessing": 0,
        "NumBondsUnsubmitted": 0,
        "TotalValueBondsRemainingMax": 25000000.00,
        "TotalValueBondsRemaining": 25000000.00,
        "NumBondsRemaining": null
    },
    {
        "FacilityID": "201912-0003",
        "CanIssueNewBonds": true,
        "TotalValueBondsAllowed": 436971.74,
        "TotalValueBondsActive": 0.0,
        "TotalValueBondsInCart": 0.0,
        "TotalValueBondsExpired": 0.0,
        "TotalValueBondsProcessing": 0.0,
        "TotalValueBondsUnsubmitted": 0.0,
        "NumBondsAllowed": null,
        "NumBondsActive": 0,
        "NumBondsInCart": 0,
        "NumBondsExpired": 0,
        "NumBondsProcessing": 0,
        "NumBondsUnsubmitted": 0,
        "TotalValueBondsRemainingMax": 436971.74,
        "TotalValueBondsRemaining": 436971.74,
        "NumBondsRemaining": null
    },
    {
        "FacilityID": "201912-0004",
        "CanIssueNewBonds": true,
        "TotalValueBondsAllowed": 4000000.00,
        "TotalValueBondsActive": 2862909.47,
        "TotalValueBondsInCart": 10100.00,
        "TotalValueBondsExpired": 2862909.47,
        "TotalValueBondsProcessing": 10000.00,
        "TotalValueBondsUnsubmitted": 100.00,
        "NumBondsAllowed": null,
        "NumBondsActive": 31,
        "NumBondsInCart": 2,
        "NumBondsExpired": 31,
        "NumBondsProcessing": 1,
        "NumBondsUnsubmitted": 1,
        "TotalValueBondsRemainingMax": 1126990.53,
        "TotalValueBondsRemaining": 1126990.53,
        "NumBondsRemaining": null
    },
    {
        "FacilityID": "202002-0001",
        "CanIssueNewBonds": true,
        "TotalValueBondsAllowed": 6000000.00,
        "TotalValueBondsActive": 0.0,
        "TotalValueBondsInCart": 0.0,
        "TotalValueBondsExpired": 0.0,
        "TotalValueBondsProcessing": 0.0,
        "TotalValueBondsUnsubmitted": 0.0,
        "NumBondsAllowed": null,
        "NumBondsActive": 0,
        "NumBondsInCart": 0,
        "NumBondsExpired": 0,
        "NumBondsProcessing": 0,
        "NumBondsUnsubmitted": 0,
        "TotalValueBondsRemainingMax": 6000000.00,
        "TotalValueBondsRemaining": 6000000.00,
        "NumBondsRemaining": null
    },
    {
        "FacilityID": "202002-0003",
        "CanIssueNewBonds": false,
        "TotalValueBondsAllowed": 2757648.66,
        "TotalValueBondsActive": 0.0,
        "TotalValueBondsInCart": 0.0,
        "TotalValueBondsExpired": 0.0,
        "TotalValueBondsProcessing": 0.0,
        "TotalValueBondsUnsubmitted": 0.0,
        "NumBondsAllowed": null,
        "NumBondsActive": 0,
        "NumBondsInCart": 0,
        "NumBondsExpired": 0,
        "NumBondsProcessing": 0,
        "NumBondsUnsubmitted": 0,
        "TotalValueBondsRemainingMax": 0.0,
        "TotalValueBondsRemaining": 0.0,
        "NumBondsRemaining": null
    },
    {
        "FacilityID": "202005-0001",
        "CanIssueNewBonds": true,
        "TotalValueBondsAllowed": 4000000.00,
        "TotalValueBondsActive": 0.0,
        "TotalValueBondsInCart": 0.0,
        "TotalValueBondsExpired": 0.0,
        "TotalValueBondsProcessing": 0.0,
        "TotalValueBondsUnsubmitted": 0.0,
        "NumBondsAllowed": null,
        "NumBondsActive": 0,
        "NumBondsInCart": 0,
        "NumBondsExpired": 0,
        "NumBondsProcessing": 0,
        "NumBondsUnsubmitted": 0,
        "TotalValueBondsRemainingMax": 4000000.00,
        "TotalValueBondsRemaining": 4000000.00,
        "NumBondsRemaining": null
    },
    {
        "FacilityID": "202007-0001",
        "CanIssueNewBonds": true,
        "TotalValueBondsAllowed": 10000000.00,
        "TotalValueBondsActive": 0.0,
        "TotalValueBondsInCart": 0.0,
        "TotalValueBondsExpired": 0.0,
        "TotalValueBondsProcessing": 0.0,
        "TotalValueBondsUnsubmitted": 0.0,
        "NumBondsAllowed": null,
        "NumBondsActive": 0,
        "NumBondsInCart": 0,
        "NumBondsExpired": 0,
        "NumBondsProcessing": 0,
        "NumBondsUnsubmitted": 0,
        "TotalValueBondsRemainingMax": 10000000.00,
        "TotalValueBondsRemaining": 10000000.00,
        "NumBondsRemaining": null
    },
    {
        "FacilityID": "202010-0001",
        "CanIssueNewBonds": true,
        "TotalValueBondsAllowed": 20000000.00,
        "TotalValueBondsActive": 0.0,
        "TotalValueBondsInCart": 0.0,
        "TotalValueBondsExpired": 0.0,
        "TotalValueBondsProcessing": 0.0,
        "TotalValueBondsUnsubmitted": 0.0,
        "NumBondsAllowed": null,
        "NumBondsActive": 0,
        "NumBondsInCart": 0,
        "NumBondsExpired": 0,
        "NumBondsProcessing": 0,
        "NumBondsUnsubmitted": 0,
        "TotalValueBondsRemainingMax": 20000000.00,
        "TotalValueBondsRemaining": 20000000.00,
        "NumBondsRemaining": null
    },
    {
        "FacilityID": "202103-0001",
        "CanIssueNewBonds": false,
        "TotalValueBondsAllowed": 2370664.20,
        "TotalValueBondsActive": 0.0,
        "TotalValueBondsInCart": 0.0,
        "TotalValueBondsExpired": 0.0,
        "TotalValueBondsProcessing": 0.0,
        "TotalValueBondsUnsubmitted": 0.0,
        "NumBondsAllowed": null,
        "NumBondsActive": 0,
        "NumBondsInCart": 0,
        "NumBondsExpired": 0,
        "NumBondsProcessing": 0,
        "NumBondsUnsubmitted": 0,
        "TotalValueBondsRemainingMax": 0.0,
        "TotalValueBondsRemaining": 0.0,
        "NumBondsRemaining": null
    },
    {
        "FacilityID": "202104-0002",
        "CanIssueNewBonds": true,
        "TotalValueBondsAllowed": 5500000.00,
        "TotalValueBondsActive": 0.0,
        "TotalValueBondsInCart": 0.0,
        "TotalValueBondsExpired": 0.0,
        "TotalValueBondsProcessing": 0.0,
        "TotalValueBondsUnsubmitted": 0.0,
        "NumBondsAllowed": null,
        "NumBondsActive": 0,
        "NumBondsInCart": 0,
        "NumBondsExpired": 0,
        "NumBondsProcessing": 0,
        "NumBondsUnsubmitted": 0,
        "TotalValueBondsRemainingMax": 5500000.00,
        "TotalValueBondsRemaining": 5500000.00,
        "NumBondsRemaining": null
    },
    {
        "FacilityID": "202106-0001",
        "CanIssueNewBonds": true,
        "TotalValueBondsAllowed": 2866698.01,
        "TotalValueBondsActive": 0.0,
        "TotalValueBondsInCart": 0.0,
        "TotalValueBondsExpired": 0.0,
        "TotalValueBondsProcessing": 0.0,
        "TotalValueBondsUnsubmitted": 0.0,
        "NumBondsAllowed": null,
        "NumBondsActive": 0,
        "NumBondsInCart": 0,
        "NumBondsExpired": 0,
        "NumBondsProcessing": 0,
        "NumBondsUnsubmitted": 0,
        "TotalValueBondsRemainingMax": 2866698.01,
        "TotalValueBondsRemaining": 2866698.01,
        "NumBondsRemaining": null
    },
    {
        "FacilityID": "202106-0002",
        "CanIssueNewBonds": true,
        "TotalValueBondsAllowed": 10000000.00,
        "TotalValueBondsActive": 0.0,
        "TotalValueBondsInCart": 0.0,
        "TotalValueBondsExpired": 0.0,
        "TotalValueBondsProcessing": 0.0,
        "TotalValueBondsUnsubmitted": 0.0,
        "NumBondsAllowed": null,
        "NumBondsActive": 0,
        "NumBondsInCart": 0,
        "NumBondsExpired": 0,
        "NumBondsProcessing": 0,
        "NumBondsUnsubmitted": 0,
        "TotalValueBondsRemainingMax": 10000000.00,
        "TotalValueBondsRemaining": 10000000.00,
        "NumBondsRemaining": null
    },
    {
        "FacilityID": "202106-0003",
        "CanIssueNewBonds": true,
        "TotalValueBondsAllowed": 20000000.00,
        "TotalValueBondsActive": 0.0,
        "TotalValueBondsInCart": 0.0,
        "TotalValueBondsExpired": 0.0,
        "TotalValueBondsProcessing": 0.0,
        "TotalValueBondsUnsubmitted": 0.0,
        "NumBondsAllowed": null,
        "NumBondsActive": 0,
        "NumBondsInCart": 0,
        "NumBondsExpired": 0,
        "NumBondsProcessing": 0,
        "NumBondsUnsubmitted": 0,
        "TotalValueBondsRemainingMax": 20000000.00,
        "TotalValueBondsRemaining": 20000000.00,
        "NumBondsRemaining": null
    },
    {
        "FacilityID": "202106-0004",
        "CanIssueNewBonds": true,
        "TotalValueBondsAllowed": 5000000.00,
        "TotalValueBondsActive": 0.0,
        "TotalValueBondsInCart": 0.0,
        "TotalValueBondsExpired": 0.0,
        "TotalValueBondsProcessing": 0.0,
        "TotalValueBondsUnsubmitted": 0.0,
        "NumBondsAllowed": null,
        "NumBondsActive": 0,
        "NumBondsInCart": 0,
        "NumBondsExpired": 0,
        "NumBondsProcessing": 0,
        "NumBondsUnsubmitted": 0,
        "TotalValueBondsRemainingMax": 5000000.00,
        "TotalValueBondsRemaining": 5000000.00,
        "NumBondsRemaining": null
    },
    {
        "FacilityID": "202107-0001",
        "CanIssueNewBonds": true,
        "TotalValueBondsAllowed": 4000000.00,
        "TotalValueBondsActive": 0.0,
        "TotalValueBondsInCart": 0.0,
        "TotalValueBondsExpired": 0.0,
        "TotalValueBondsProcessing": 0.0,
        "TotalValueBondsUnsubmitted": 0.0,
        "NumBondsAllowed": null,
        "NumBondsActive": 0,
        "NumBondsInCart": 0,
        "NumBondsExpired": 0,
        "NumBondsProcessing": 0,
        "NumBondsUnsubmitted": 0,
        "TotalValueBondsRemainingMax": 4000000.00,
        "TotalValueBondsRemaining": 4000000.00,
        "NumBondsRemaining": null
    },
    {
        "FacilityID": "202108-0001",
        "CanIssueNewBonds": true,
        "TotalValueBondsAllowed": 5000000.00,
        "TotalValueBondsActive": 0.0,
        "TotalValueBondsInCart": 0.0,
        "TotalValueBondsExpired": 0.0,
        "TotalValueBondsProcessing": 0.0,
        "TotalValueBondsUnsubmitted": 0.0,
        "NumBondsAllowed": null,
        "NumBondsActive": 0,
        "NumBondsInCart": 0,
        "NumBondsExpired": 0,
        "NumBondsProcessing": 0,
        "NumBondsUnsubmitted": 0,
        "TotalValueBondsRemainingMax": 5000000.00,
        "TotalValueBondsRemaining": 5000000.00,
        "NumBondsRemaining": null
    },
    {
        "FacilityID": "202109-0001",
        "CanIssueNewBonds": true,
        "TotalValueBondsAllowed": 20013000.00,
        "TotalValueBondsActive": 0.0,
        "TotalValueBondsInCart": 0.0,
        "TotalValueBondsExpired": 0.0,
        "TotalValueBondsProcessing": 0.0,
        "TotalValueBondsUnsubmitted": 0.0,
        "NumBondsAllowed": null,
        "NumBondsActive": 0,
        "NumBondsInCart": 0,
        "NumBondsExpired": 0,
        "NumBondsProcessing": 0,
        "NumBondsUnsubmitted": 0,
        "TotalValueBondsRemainingMax": 20013000.00,
        "TotalValueBondsRemaining": 20013000.00,
        "NumBondsRemaining": null
    },
    {
        "FacilityID": "202109-0002",
        "CanIssueNewBonds": true,
        "TotalValueBondsAllowed": 20000000.00,
        "TotalValueBondsActive": 0.0,
        "TotalValueBondsInCart": 0.0,
        "TotalValueBondsExpired": 0.0,
        "TotalValueBondsProcessing": 0.0,
        "TotalValueBondsUnsubmitted": 0.0,
        "NumBondsAllowed": null,
        "NumBondsActive": 0,
        "NumBondsInCart": 0,
        "NumBondsExpired": 0,
        "NumBondsProcessing": 0,
        "NumBondsUnsubmitted": 0,
        "TotalValueBondsRemainingMax": 20000000.00,
        "TotalValueBondsRemaining": 20000000.00,
        "NumBondsRemaining": null
    },
    {
        "FacilityID": "202110-0001",
        "CanIssueNewBonds": true,
        "TotalValueBondsAllowed": 5000000.00,
        "TotalValueBondsActive": 0.0,
        "TotalValueBondsInCart": 0.0,
        "TotalValueBondsExpired": 0.0,
        "TotalValueBondsProcessing": 0.0,
        "TotalValueBondsUnsubmitted": 0.0,
        "NumBondsAllowed": null,
        "NumBondsActive": 0,
        "NumBondsInCart": 0,
        "NumBondsExpired": 0,
        "NumBondsProcessing": 0,
        "NumBondsUnsubmitted": 0,
        "TotalValueBondsRemainingMax": 5000000.00,
        "TotalValueBondsRemaining": 5000000.00,
        "NumBondsRemaining": null
    },
    {
        "FacilityID": "202110-0002",
        "CanIssueNewBonds": true,
        "TotalValueBondsAllowed": 2000000.00,
        "TotalValueBondsActive": 0.0,
        "TotalValueBondsInCart": 0.0,
        "TotalValueBondsExpired": 0.0,
        "TotalValueBondsProcessing": 0.0,
        "TotalValueBondsUnsubmitted": 0.0,
        "NumBondsAllowed": null,
        "NumBondsActive": 0,
        "NumBondsInCart": 0,
        "NumBondsExpired": 0,
        "NumBondsProcessing": 0,
        "NumBondsUnsubmitted": 0,
        "TotalValueBondsRemainingMax": 2000000.00,
        "TotalValueBondsRemaining": 2000000.00,
        "NumBondsRemaining": null
    },
    {
        "FacilityID": "202110-0004",
        "CanIssueNewBonds": true,
        "TotalValueBondsAllowed": 6400000.00,
        "TotalValueBondsActive": 0.0,
        "TotalValueBondsInCart": 0.0,
        "TotalValueBondsExpired": 0.0,
        "TotalValueBondsProcessing": 0.0,
        "TotalValueBondsUnsubmitted": 0.0,
        "NumBondsAllowed": null,
        "NumBondsActive": 0,
        "NumBondsInCart": 0,
        "NumBondsExpired": 0,
        "NumBondsProcessing": 0,
        "NumBondsUnsubmitted": 0,
        "TotalValueBondsRemainingMax": 6400000.00,
        "TotalValueBondsRemaining": 6400000.00,
        "NumBondsRemaining": null
    },
    {
        "FacilityID": "202112-0001",
        "CanIssueNewBonds": true,
        "TotalValueBondsAllowed": 2500000.00,
        "TotalValueBondsActive": 0.0,
        "TotalValueBondsInCart": 434437567.00,
        "TotalValueBondsExpired": 0.0,
        "TotalValueBondsProcessing": 434434334.00,
        "TotalValueBondsUnsubmitted": 3233.00,
        "NumBondsAllowed": null,
        "NumBondsActive": 0,
        "NumBondsInCart": 3,
        "NumBondsExpired": 0,
        "NumBondsProcessing": 1,
        "NumBondsUnsubmitted": 2,
        "TotalValueBondsRemainingMax": 0.0,
        "TotalValueBondsRemaining": 0.0,
        "NumBondsRemaining": null
    },
    {
        "FacilityID": "202112-0002",
        "CanIssueNewBonds": true,
        "TotalValueBondsAllowed": 7000000.00,
        "TotalValueBondsActive": 0.0,
        "TotalValueBondsInCart": 0.0,
        "TotalValueBondsExpired": 0.0,
        "TotalValueBondsProcessing": 0.0,
        "TotalValueBondsUnsubmitted": 0.0,
        "NumBondsAllowed": null,
        "NumBondsActive": 0,
        "NumBondsInCart": 0,
        "NumBondsExpired": 0,
        "NumBondsProcessing": 0,
        "NumBondsUnsubmitted": 0,
        "TotalValueBondsRemainingMax": 7000000.00,
        "TotalValueBondsRemaining": 7000000.00,
        "NumBondsRemaining": null
    },
    {
        "FacilityID": "202203-0002",
        "CanIssueNewBonds": false,
        "TotalValueBondsAllowed": 3000000.00,
        "TotalValueBondsActive": 0.0,
        "TotalValueBondsInCart": 0.0,
        "TotalValueBondsExpired": 0.0,
        "TotalValueBondsProcessing": 0.0,
        "TotalValueBondsUnsubmitted": 0.0,
        "NumBondsAllowed": null,
        "NumBondsActive": 0,
        "NumBondsInCart": 0,
        "NumBondsExpired": 0,
        "NumBondsProcessing": 0,
        "NumBondsUnsubmitted": 0,
        "TotalValueBondsRemainingMax": 0.0,
        "TotalValueBondsRemaining": 0.0,
        "NumBondsRemaining": null
    },
    {
        "FacilityID": "201803-0002",
        "CanIssueNewBonds": true,
        "TotalValueBondsAllowed": 10000000.00,
        "TotalValueBondsActive": 0.0,
        "TotalValueBondsInCart": 0.0,
        "TotalValueBondsExpired": 0.0,
        "TotalValueBondsProcessing": 0.0,
        "TotalValueBondsUnsubmitted": 0.0,
        "NumBondsAllowed": null,
        "NumBondsActive": 0,
        "NumBondsInCart": 0,
        "NumBondsExpired": 0,
        "NumBondsProcessing": 0,
        "NumBondsUnsubmitted": 0,
        "TotalValueBondsRemainingMax": 10000000.00,
        "TotalValueBondsRemaining": 10000000.00,
        "NumBondsRemaining": null
    },
    {
        "FacilityID": "202105-0001",
        "CanIssueNewBonds": true,
        "TotalValueBondsAllowed": 5000000.00,
        "TotalValueBondsActive": 0.0,
        "TotalValueBondsInCart": 0.0,
        "TotalValueBondsExpired": 0.0,
        "TotalValueBondsProcessing": 0.0,
        "TotalValueBondsUnsubmitted": 0.0,
        "NumBondsAllowed": null,
        "NumBondsActive": 0,
        "NumBondsInCart": 0,
        "NumBondsExpired": 0,
        "NumBondsProcessing": 0,
        "NumBondsUnsubmitted": 0,
        "TotalValueBondsRemainingMax": 5000000.00,
        "TotalValueBondsRemaining": 5000000.00,
        "NumBondsRemaining": null
    },
    {
        "FacilityID": "202109-0003",
        "CanIssueNewBonds": true,
        "TotalValueBondsAllowed": 6000000.00,
        "TotalValueBondsActive": 0.0,
        "TotalValueBondsInCart": 0.0,
        "TotalValueBondsExpired": 0.0,
        "TotalValueBondsProcessing": 0.0,
        "TotalValueBondsUnsubmitted": 0.0,
        "NumBondsAllowed": null,
        "NumBondsActive": 0,
        "NumBondsInCart": 0,
        "NumBondsExpired": 0,
        "NumBondsProcessing": 0,
        "NumBondsUnsubmitted": 0,
        "TotalValueBondsRemainingMax": 6000000.00,
        "TotalValueBondsRemaining": 6000000.00,
        "NumBondsRemaining": null
    },
    {
        "FacilityID": "202203-0001",
        "CanIssueNewBonds": true,
        "TotalValueBondsAllowed": 4000000.00,
        "TotalValueBondsActive": 0.0,
        "TotalValueBondsInCart": 0.0,
        "TotalValueBondsExpired": 0.0,
        "TotalValueBondsProcessing": 0.0,
        "TotalValueBondsUnsubmitted": 0.0,
        "NumBondsAllowed": null,
        "NumBondsActive": 0,
        "NumBondsInCart": 0,
        "NumBondsExpired": 0,
        "NumBondsProcessing": 0,
        "NumBondsUnsubmitted": 0,
        "TotalValueBondsRemainingMax": 4000000.00,
        "TotalValueBondsRemaining": 4000000.00,
        "NumBondsRemaining": null
    },
    {
        "FacilityID": "202203-0003",
        "CanIssueNewBonds": true,
        "TotalValueBondsAllowed": 22000000.00,
        "TotalValueBondsActive": 0.0,
        "TotalValueBondsInCart": 0.0,
        "TotalValueBondsExpired": 0.0,
        "TotalValueBondsProcessing": 0.0,
        "TotalValueBondsUnsubmitted": 0.0,
        "NumBondsAllowed": null,
        "NumBondsActive": 0,
        "NumBondsInCart": 0,
        "NumBondsExpired": 0,
        "NumBondsProcessing": 0,
        "NumBondsUnsubmitted": 0,
        "TotalValueBondsRemainingMax": 22000000.00,
        "TotalValueBondsRemaining": 22000000.00,
        "NumBondsRemaining": null
    },
    {
        "FacilityID": "202203-0004",
        "CanIssueNewBonds": true,
        "TotalValueBondsAllowed": 10000000.00,
        "TotalValueBondsActive": 0.0,
        "TotalValueBondsInCart": 0.0,
        "TotalValueBondsExpired": 0.0,
        "TotalValueBondsProcessing": 0.0,
        "TotalValueBondsUnsubmitted": 0.0,
        "NumBondsAllowed": null,
        "NumBondsActive": 0,
        "NumBondsInCart": 0,
        "NumBondsExpired": 0,
        "NumBondsProcessing": 0,
        "NumBondsUnsubmitted": 0,
        "TotalValueBondsRemainingMax": 10000000.00,
        "TotalValueBondsRemaining": 10000000.00,
        "NumBondsRemaining": null
    },
    {
        "FacilityID": "202203-0005",
        "CanIssueNewBonds": true,
        "TotalValueBondsAllowed": 3500000.00,
        "TotalValueBondsActive": 0.0,
        "TotalValueBondsInCart": 0.0,
        "TotalValueBondsExpired": 0.0,
        "TotalValueBondsProcessing": 0.0,
        "TotalValueBondsUnsubmitted": 0.0,
        "NumBondsAllowed": null,
        "NumBondsActive": 0,
        "NumBondsInCart": 0,
        "NumBondsExpired": 0,
        "NumBondsProcessing": 0,
        "NumBondsUnsubmitted": 0,
        "TotalValueBondsRemainingMax": 3500000.00,
        "TotalValueBondsRemaining": 3500000.00,
        "NumBondsRemaining": null
    },
    {
        "FacilityID": "202203-0006",
        "CanIssueNewBonds": false,
        "TotalValueBondsAllowed": 1262247.13,
        "TotalValueBondsActive": 0.0,
        "TotalValueBondsInCart": 0.0,
        "TotalValueBondsExpired": 0.0,
        "TotalValueBondsProcessing": 0.0,
        "TotalValueBondsUnsubmitted": 0.0,
        "NumBondsAllowed": null,
        "NumBondsActive": 0,
        "NumBondsInCart": 0,
        "NumBondsExpired": 0,
        "NumBondsProcessing": 0,
        "NumBondsUnsubmitted": 0,
        "TotalValueBondsRemainingMax": 0.0,
        "TotalValueBondsRemaining": 0.0,
        "NumBondsRemaining": null
    },
    {
        "FacilityID": "202205-0001",
        "CanIssueNewBonds": true,
        "TotalValueBondsAllowed": 5000000.00,
        "TotalValueBondsActive": 4954654.42,
        "TotalValueBondsInCart": 20224389.00,
        "TotalValueBondsExpired": 2502000.00,
        "TotalValueBondsProcessing": 5949234.00,
        "TotalValueBondsUnsubmitted": 14275155.00,
        "NumBondsAllowed": null,
        "NumBondsActive": 9,
        "NumBondsInCart": 44,
        "NumBondsExpired": 4,
        "NumBondsProcessing": 23,
        "NumBondsUnsubmitted": 21,
        "TotalValueBondsRemainingMax": 0.0,
        "TotalValueBondsRemaining": 0.0,
        "NumBondsRemaining": null
    },
    {
        "FacilityID": "202205-0002",
        "CanIssueNewBonds": true,
        "TotalValueBondsAllowed": 10000000.00,
        "TotalValueBondsActive": 0.0,
        "TotalValueBondsInCart": 0.0,
        "TotalValueBondsExpired": 0.0,
        "TotalValueBondsProcessing": 0.0,
        "TotalValueBondsUnsubmitted": 0.0,
        "NumBondsAllowed": null,
        "NumBondsActive": 0,
        "NumBondsInCart": 0,
        "NumBondsExpired": 0,
        "NumBondsProcessing": 0,
        "NumBondsUnsubmitted": 0,
        "TotalValueBondsRemainingMax": 10000000.00,
        "TotalValueBondsRemaining": 10000000.00,
        "NumBondsRemaining": null
    },
    {
        "FacilityID": "202206-0001",
        "CanIssueNewBonds": true,
        "TotalValueBondsAllowed": 10000000.00,
        "TotalValueBondsActive": 350212.00,
        "TotalValueBondsInCart": 121708947.00,
        "TotalValueBondsExpired": 0.0,
        "TotalValueBondsProcessing": 121578448.00,
        "TotalValueBondsUnsubmitted": 130499.00,
        "NumBondsAllowed": null,
        "NumBondsActive": 3,
        "NumBondsInCart": 8,
        "NumBondsExpired": 0,
        "NumBondsProcessing": 5,
        "NumBondsUnsubmitted": 3,
        "TotalValueBondsRemainingMax": 0.0,
        "TotalValueBondsRemaining": 0.0,
        "NumBondsRemaining": null
    },
    {
        "FacilityID": "202208-0001",
        "CanIssueNewBonds": false,
        "TotalValueBondsAllowed": 1000000.00,
        "TotalValueBondsActive": 0.0,
        "TotalValueBondsInCart": 0.0,
        "TotalValueBondsExpired": 0.0,
        "TotalValueBondsProcessing": 0.0,
        "TotalValueBondsUnsubmitted": 0.0,
        "NumBondsAllowed": null,
        "NumBondsActive": 0,
        "NumBondsInCart": 0,
        "NumBondsExpired": 0,
        "NumBondsProcessing": 0,
        "NumBondsUnsubmitted": 0,
        "TotalValueBondsRemainingMax": 0.0,
        "TotalValueBondsRemaining": 0.0,
        "NumBondsRemaining": null
    },
    {
        "FacilityID": "202210-0002",
        "CanIssueNewBonds": true,
        "TotalValueBondsAllowed": 1500000.00,
        "TotalValueBondsActive": 438234.60,
        "TotalValueBondsInCart": 0.0,
        "TotalValueBondsExpired": 237654.48,
        "TotalValueBondsProcessing": 0.0,
        "TotalValueBondsUnsubmitted": 0.0,
        "NumBondsAllowed": null,
        "NumBondsActive": 8,
        "NumBondsInCart": 0,
        "NumBondsExpired": 5,
        "NumBondsProcessing": 0,
        "NumBondsUnsubmitted": 0,
        "TotalValueBondsRemainingMax": 1061765.40,
        "TotalValueBondsRemaining": 1061765.40,
        "NumBondsRemaining": null
    },
    {
        "FacilityID": "201710-0003",
        "CanIssueNewBonds": true,
        "TotalValueBondsAllowed": 4000000.00,
        "TotalValueBondsActive": 0.0,
        "TotalValueBondsInCart": 0.0,
        "TotalValueBondsExpired": 0.0,
        "TotalValueBondsProcessing": 0.0,
        "TotalValueBondsUnsubmitted": 0.0,
        "NumBondsAllowed": null,
        "NumBondsActive": 0,
        "NumBondsInCart": 0,
        "NumBondsExpired": 0,
        "NumBondsProcessing": 0,
        "NumBondsUnsubmitted": 0,
        "TotalValueBondsRemainingMax": 4000000.00,
        "TotalValueBondsRemaining": 4000000.00,
        "NumBondsRemaining": null
    },
    {
        "FacilityID": "202209-0003",
        "CanIssueNewBonds": true,
        "TotalValueBondsAllowed": 3500000.00,
        "TotalValueBondsActive": 0.0,
        "TotalValueBondsInCart": 0.0,
        "TotalValueBondsExpired": 0.0,
        "TotalValueBondsProcessing": 0.0,
        "TotalValueBondsUnsubmitted": 0.0,
        "NumBondsAllowed": null,
        "NumBondsActive": 0,
        "NumBondsInCart": 0,
        "NumBondsExpired": 0,
        "NumBondsProcessing": 0,
        "NumBondsUnsubmitted": 0,
        "TotalValueBondsRemainingMax": 3500000.00,
        "TotalValueBondsRemaining": 3500000.00,
        "NumBondsRemaining": null
    },
    {
        "FacilityID": "202212-0003",
        "CanIssueNewBonds": true,
        "TotalValueBondsAllowed": 2900000.00,
        "TotalValueBondsActive": 0.0,
        "TotalValueBondsInCart": 0.0,
        "TotalValueBondsExpired": 0.0,
        "TotalValueBondsProcessing": 0.0,
        "TotalValueBondsUnsubmitted": 0.0,
        "NumBondsAllowed": null,
        "NumBondsActive": 0,
        "NumBondsInCart": 0,
        "NumBondsExpired": 0,
        "NumBondsProcessing": 0,
        "NumBondsUnsubmitted": 0,
        "TotalValueBondsRemainingMax": 2900000.00,
        "TotalValueBondsRemaining": 2900000.00,
        "NumBondsRemaining": null
    },
    {
        "FacilityID": "0000",
        "CanIssueNewBonds": true,
        "TotalValueBondsAllowed": 25000000.00,
        "TotalValueBondsActive": 19077677.60,
        "TotalValueBondsInCart": 0.0,
        "TotalValueBondsExpired": 7560590.00,
        "TotalValueBondsProcessing": 0.0,
        "TotalValueBondsUnsubmitted": 0.0,
        "NumBondsAllowed": null,
        "NumBondsActive": 18,
        "NumBondsInCart": 0,
        "NumBondsExpired": 9,
        "NumBondsProcessing": 0,
        "NumBondsUnsubmitted": 0,
        "TotalValueBondsRemainingMax": 5922322.40,
        "TotalValueBondsRemaining": 5922322.40,
        "NumBondsRemaining": null
    },
    {
        "FacilityID": "201912-0001",
        "CanIssueNewBonds": true,
        "TotalValueBondsAllowed": 11000000.00,
        "TotalValueBondsActive": 0.0,
        "TotalValueBondsInCart": 0.0,
        "TotalValueBondsExpired": 0.0,
        "TotalValueBondsProcessing": 0.0,
        "TotalValueBondsUnsubmitted": 0.0,
        "NumBondsAllowed": null,
        "NumBondsActive": 0,
        "NumBondsInCart": 0,
        "NumBondsExpired": 0,
        "NumBondsProcessing": 0,
        "NumBondsUnsubmitted": 0,
        "TotalValueBondsRemainingMax": 11000000.00,
        "TotalValueBondsRemaining": 11000000.00,
        "NumBondsRemaining": null
    },
    {
        "FacilityID": "202109-0004",
        "CanIssueNewBonds": true,
        "TotalValueBondsAllowed": 3000000.00,
        "TotalValueBondsActive": 0.0,
        "TotalValueBondsInCart": 0.0,
        "TotalValueBondsExpired": 0.0,
        "TotalValueBondsProcessing": 0.0,
        "TotalValueBondsUnsubmitted": 0.0,
        "NumBondsAllowed": null,
        "NumBondsActive": 0,
        "NumBondsInCart": 0,
        "NumBondsExpired": 0,
        "NumBondsProcessing": 0,
        "NumBondsUnsubmitted": 0,
        "TotalValueBondsRemainingMax": 3000000.00,
        "TotalValueBondsRemaining": 3000000.00,
        "NumBondsRemaining": null
    },
    {
        "FacilityID": "202206-0002",
        "CanIssueNewBonds": true,
        "TotalValueBondsAllowed": 5000000.00,
        "TotalValueBondsActive": 0.0,
        "TotalValueBondsInCart": 0.0,
        "TotalValueBondsExpired": 0.0,
        "TotalValueBondsProcessing": 0.0,
        "TotalValueBondsUnsubmitted": 0.0,
        "NumBondsAllowed": null,
        "NumBondsActive": 0,
        "NumBondsInCart": 0,
        "NumBondsExpired": 0,
        "NumBondsProcessing": 0,
        "NumBondsUnsubmitted": 0,
        "TotalValueBondsRemainingMax": 5000000.00,
        "TotalValueBondsRemaining": 5000000.00,
        "NumBondsRemaining": null
    },
    {
        "FacilityID": "202207-0001",
        "CanIssueNewBonds": true,
        "TotalValueBondsAllowed": 50000000.00,
        "TotalValueBondsActive": 0.0,
        "TotalValueBondsInCart": 0.0,
        "TotalValueBondsExpired": 0.0,
        "TotalValueBondsProcessing": 0.0,
        "TotalValueBondsUnsubmitted": 0.0,
        "NumBondsAllowed": null,
        "NumBondsActive": 0,
        "NumBondsInCart": 0,
        "NumBondsExpired": 0,
        "NumBondsProcessing": 0,
        "NumBondsUnsubmitted": 0,
        "TotalValueBondsRemainingMax": 50000000.00,
        "TotalValueBondsRemaining": 50000000.00,
        "NumBondsRemaining": null
    },
    {
        "FacilityID": "202209-0004",
        "CanIssueNewBonds": true,
        "TotalValueBondsAllowed": 5000000.00,
        "TotalValueBondsActive": 0.0,
        "TotalValueBondsInCart": 0.0,
        "TotalValueBondsExpired": 0.0,
        "TotalValueBondsProcessing": 0.0,
        "TotalValueBondsUnsubmitted": 0.0,
        "NumBondsAllowed": null,
        "NumBondsActive": 0,
        "NumBondsInCart": 0,
        "NumBondsExpired": 0,
        "NumBondsProcessing": 0,
        "NumBondsUnsubmitted": 0,
        "TotalValueBondsRemainingMax": 5000000.00,
        "TotalValueBondsRemaining": 5000000.00,
        "NumBondsRemaining": null
    },
    {
        "FacilityID": "202212-0002",
        "CanIssueNewBonds": true,
        "TotalValueBondsAllowed": 2000000.00,
        "TotalValueBondsActive": 0.0,
        "TotalValueBondsInCart": 0.0,
        "TotalValueBondsExpired": 0.0,
        "TotalValueBondsProcessing": 0.0,
        "TotalValueBondsUnsubmitted": 0.0,
        "NumBondsAllowed": null,
        "NumBondsActive": 0,
        "NumBondsInCart": 0,
        "NumBondsExpired": 0,
        "NumBondsProcessing": 0,
        "NumBondsUnsubmitted": 0,
        "TotalValueBondsRemainingMax": 2000000.00,
        "TotalValueBondsRemaining": 2000000.00,
        "NumBondsRemaining": null
    },
    {
        "FacilityID": "202301-0001",
        "CanIssueNewBonds": true,
        "TotalValueBondsAllowed": 5000000.00,
        "TotalValueBondsActive": 0.0,
        "TotalValueBondsInCart": 0.0,
        "TotalValueBondsExpired": 0.0,
        "TotalValueBondsProcessing": 0.0,
        "TotalValueBondsUnsubmitted": 0.0,
        "NumBondsAllowed": null,
        "NumBondsActive": 0,
        "NumBondsInCart": 0,
        "NumBondsExpired": 0,
        "NumBondsProcessing": 0,
        "NumBondsUnsubmitted": 0,
        "TotalValueBondsRemainingMax": 5000000.00,
        "TotalValueBondsRemaining": 5000000.00,
        "NumBondsRemaining": null
    },
    {
        "FacilityID": "202209-0002",
        "CanIssueNewBonds": true,
        "TotalValueBondsAllowed": 3500000.00,
        "TotalValueBondsActive": 0.0,
        "TotalValueBondsInCart": 0.0,
        "TotalValueBondsExpired": 0.0,
        "TotalValueBondsProcessing": 0.0,
        "TotalValueBondsUnsubmitted": 0.0,
        "NumBondsAllowed": null,
        "NumBondsActive": 0,
        "NumBondsInCart": 0,
        "NumBondsExpired": 0,
        "NumBondsProcessing": 0,
        "NumBondsUnsubmitted": 0,
        "TotalValueBondsRemainingMax": 3500000.00,
        "TotalValueBondsRemaining": 3500000.00,
        "NumBondsRemaining": null
    },
    {
        "FacilityID": "202210-0001",
        "CanIssueNewBonds": true,
        "TotalValueBondsAllowed": 6000000.00,
        "TotalValueBondsActive": 0.0,
        "TotalValueBondsInCart": 0.0,
        "TotalValueBondsExpired": 0.0,
        "TotalValueBondsProcessing": 0.0,
        "TotalValueBondsUnsubmitted": 0.0,
        "NumBondsAllowed": null,
        "NumBondsActive": 0,
        "NumBondsInCart": 0,
        "NumBondsExpired": 0,
        "NumBondsProcessing": 0,
        "NumBondsUnsubmitted": 0,
        "TotalValueBondsRemainingMax": 6000000.00,
        "TotalValueBondsRemaining": 6000000.00,
        "NumBondsRemaining": null
    },
    {
        "FacilityID": "202310-0002",
        "CanIssueNewBonds": true,
        "TotalValueBondsAllowed": 5000000.00,
        "TotalValueBondsActive": 120000.00,
        "TotalValueBondsInCart": 770000.00,
        "TotalValueBondsExpired": 0.0,
        "TotalValueBondsProcessing": 750000.00,
        "TotalValueBondsUnsubmitted": 20000.00,
        "NumBondsAllowed": null,
        "NumBondsActive": 2,
        "NumBondsInCart": 7,
        "NumBondsExpired": 0,
        "NumBondsProcessing": 6,
        "NumBondsUnsubmitted": 1,
        "TotalValueBondsRemainingMax": 4110000.00,
        "TotalValueBondsRemaining": 4110000.00,
        "NumBondsRemaining": null
    }
]
]]></system-out>
    <system-err><![CDATA[SLF4J: Failed to load class "org.slf4j.impl.StaticLoggerBinder".
SLF4J: Defaulting to no-operation (NOP) logger implementation
SLF4J: See http://www.slf4j.org/codes.html#StaticLoggerBinder for further details.
]]></system-err>
  </testcase>
  <testcase name="getFacilitySummary" classname="api.test.UserTests2" time="9.541">
    <system-out><![CDATA[Response Body: {"DataList":[{"FacilityID":"201312-0003","CompanyName":"A.G. Coombs Group Pty Ltd","BrokerCompanyID":null,"BrokerCompanyName":null,"UnderwriterName":"Brian Ray","UnderwriterEmail":"Brian.Ray@assetinsure.com.au"},{"FacilityID":"200903-0001","CompanyName":"Ward Civil & Environmental Engineering Pty Limited","BrokerCompanyID":null,"BrokerCompanyName":null,"UnderwriterName":"Gerry Twomey","UnderwriterEmail":""},{"FacilityID":"200903-0003","CompanyName":"Devine Pty Ltd","BrokerCompanyID":"117","BrokerCompanyName":"Willis Construction Risks","UnderwriterName":"Timothy Sam","UnderwriterEmail":""},{"FacilityID":"200903-0004","CompanyName":"Kell & Rigby Holdings Pty Limited","BrokerCompanyID":"144","BrokerCompanyName":"Arthur J. Gallagher & Co (Aus) Ltd WA","UnderwriterName":"Andrew Calvert","UnderwriterEmail":""},{"FacilityID":"200904-0002","CompanyName":"Decmil Group Limited","BrokerCompanyID":"5678","BrokerCompanyName":"InsCap Pty Ltd","UnderwriterName":"Ian Watt","UnderwriterEmail":""},{"FacilityID":"200904-0003","CompanyName":"Daracon Engineering Pty Limited","BrokerCompanyID":null,"BrokerCompanyName":null,"UnderwriterName":"Gerry Twomey","UnderwriterEmail":""},{"FacilityID":"200904-0004","CompanyName":"CIMIC Group Limited","BrokerCompanyID":null,"BrokerCompanyName":null,"UnderwriterName":"Gerry Twomey","UnderwriterEmail":"Gerry.Twomey@assetinsure.com.au"},{"FacilityID":"200905-0002","CompanyName":"Pacific Services Group Pty Limited","BrokerCompanyID":"116","BrokerCompanyName":"Jardine Lloyd Thompson Pty","UnderwriterName":"Andrew Calvert","UnderwriterEmail":""},{"FacilityID":"200905-0003","CompanyName":"NRW Holdings Limited","BrokerCompanyID":"5678","BrokerCompanyName":"InsCap Pty Ltd","UnderwriterName":"Ian Watt","UnderwriterEmail":""},{"FacilityID":"200907-0004","CompanyName":"Hazell Bros Group Pty Limited","BrokerCompanyID":"117","BrokerCompanyName":"Willis Construction Risks","UnderwriterName":"Gavin Mahoney","UnderwriterEmail":""},{"FacilityID":"200907-0005","CompanyName":"Total Construction Pty Limited","BrokerCompanyID":null,"BrokerCompanyName":null,"UnderwriterName":"Gerry Twomey","UnderwriterEmail":""},{"FacilityID":"200907-0008","CompanyName":"McConnell Dowell Corporation Limited","BrokerCompanyID":null,"BrokerCompanyName":null,"UnderwriterName":"Ian Lee","UnderwriterEmail":""},{"FacilityID":"200908-0001","CompanyName":"Onterran Limited","BrokerCompanyID":null,"BrokerCompanyName":null,"UnderwriterName":"Timothy Sam","UnderwriterEmail":""},{"FacilityID":"200908-0002","CompanyName":"Grocon Pty Limited","BrokerCompanyID":null,"BrokerCompanyName":null,"UnderwriterName":"Ian Lee","UnderwriterEmail":""},{"FacilityID":"200909-0003","CompanyName":"Grindley Construction Pty Limited","BrokerCompanyID":"122","BrokerCompanyName":"Stening Simpson Group","UnderwriterName":"Gerry Twomey","UnderwriterEmail":""},{"FacilityID":"200910-0001","CompanyName":"Lend Lease Corporation Limited","BrokerCompanyID":null,"BrokerCompanyName":null,"UnderwriterName":"Gerry Twomey","UnderwriterEmail":""},{"FacilityID":"200910-0003","CompanyName":"Exact Contracting Services Pty Ltd","BrokerCompanyID":"605","BrokerCompanyName":"Austbrokers Trade Credit Pty","UnderwriterName":"Gavin Mahoney","UnderwriterEmail":""},{"FacilityID":"200910-0004","CompanyName":"BESIX Watpac (Finance) Pty Ltd ACN 124 608 724","BrokerCompanyID":"122","BrokerCompanyName":"Stening Simpson Group","UnderwriterName":"Timothy Sam","UnderwriterEmail":""},{"FacilityID":"200910-0005","CompanyName":"G&N Formwork (WA) Pty Limited","BrokerCompanyID":"","BrokerCompanyName":"Arthur J. Gallagher & Co (Aus) Ltd WA","UnderwriterName":null,"UnderwriterEmail":null},{"FacilityID":"200911-0002","CompanyName":"Clough Limited","BrokerCompanyID":null,"BrokerCompanyName":null,"UnderwriterName":"Ian Watt","UnderwriterEmail":""},{"FacilityID":"200911-0003","CompanyName":"Georgiou Group Pty Limited","BrokerCompanyID":null,"BrokerCompanyName":null,"UnderwriterName":"Ian Watt","UnderwriterEmail":""},{"FacilityID":"200911-0005","CompanyName":"Ganellen Pty Limited","BrokerCompanyID":null,"BrokerCompanyName":null,"UnderwriterName":"Mark Tryphon","UnderwriterEmail":""},{"FacilityID":"200911-0007","CompanyName":"Group One Pty Limited","BrokerCompanyID":null,"BrokerCompanyName":null,"UnderwriterName":"Gavin Mahoney","UnderwriterEmail":""},{"FacilityID":"200911-0010","CompanyName":"Taylor Construction Group Pty Limited","BrokerCompanyID":null,"BrokerCompanyName":null,"UnderwriterName":"Mark Tryphon","UnderwriterEmail":""},{"FacilityID":"200911-0011","CompanyName":"Siganto & Stacey Pty Limited","BrokerCompanyID":"2911","BrokerCompanyName":"Infrasure Pty Ltd","UnderwriterName":"Andrew Calvert","UnderwriterEmail":""},{"FacilityID":"200912-0001","CompanyName":"Hickory Group Holdings Limited","BrokerCompanyID":null,"BrokerCompanyName":null,"UnderwriterName":"Ian Lee","UnderwriterEmail":"Ian.Lee@assetinsure.com.au"},{"FacilityID":"201001-0003","CompanyName":"Diploma Group Limited","BrokerCompanyID":null,"BrokerCompanyName":null,"UnderwriterName":"Andrew Calvert","UnderwriterEmail":""},{"FacilityID":"201001-0004","CompanyName":"Laing O'Rourke Australia Pty Limited","BrokerCompanyID":null,"BrokerCompanyName":null,"UnderwriterName":"Gerry Twomey","UnderwriterEmail":""},{"FacilityID":"201003-0002","CompanyName":"BSA Limited","BrokerCompanyID":"552","BrokerCompanyName":"Marsh Pty Ltd","UnderwriterName":"Gerry Twomey","UnderwriterEmail":"Gerry.Twomey@assetinsure.com.au"},{"FacilityID":"201003-0003","CompanyName":"PS Structures Pty Limited","BrokerCompanyID":"5678","BrokerCompanyName":"InsCap Pty Ltd","UnderwriterName":"Ian Watt","UnderwriterEmail":""},{"FacilityID":"201003-0004","CompanyName":"York Civil Pty Limited","BrokerCompanyID":"850","BrokerCompanyName":"PSC Wright Fahey Pty Ltd","UnderwriterName":"Mark Tryphon","UnderwriterEmail":""},{"FacilityID":"201003-0005","CompanyName":"PBS Property Group Pty Limited","BrokerCompanyID":null,"BrokerCompanyName":null,"UnderwriterName":"Gerry Twomey","UnderwriterEmail":""},{"FacilityID":"201005-0001","CompanyName":"Ralmana Pty Limited","BrokerCompanyID":"11046","BrokerCompanyName":"BMS Risk Solutions Pty Ltd","UnderwriterName":"Ian Watt","UnderwriterEmail":"Ian.Watt@assetinsure.com.au"},{"FacilityID":"201006-0001","CompanyName":"RCR Tomlinson Limited","BrokerCompanyID":"5678","BrokerCompanyName":"InsCap Pty Ltd","UnderwriterName":"Mark Sykes","UnderwriterEmail":""},{"FacilityID":"201007-0001","CompanyName":"AVJennings Limited","BrokerCompanyID":"122","BrokerCompanyName":"Stening Simpson Group","UnderwriterName":"Ian Lee","UnderwriterEmail":""},{"FacilityID":"201007-0002","CompanyName":"Downer Group Finance Pty Limited","BrokerCompanyID":null,"BrokerCompanyName":null,"UnderwriterName":"Gerry Twomey","UnderwriterEmail":""},{"FacilityID":"201007-0004","CompanyName":"Aveo Group Limited","BrokerCompanyID":"","BrokerCompanyName":"Stening Simpson Group","UnderwriterName":"Timothy Sam","UnderwriterEmail":""},{"FacilityID":"201009-0001","CompanyName":"Peet Limited","BrokerCompanyID":null,"BrokerCompanyName":null,"UnderwriterName":"Ian Watt","UnderwriterEmail":""},{"FacilityID":"201009-0003","CompanyName":"Aussie Modular Solutions Pty Ltd","BrokerCompanyID":"5678","BrokerCompanyName":"InsCap Pty Ltd","UnderwriterName":"Andrew Sim","UnderwriterEmail":""},{"FacilityID":"201010-0001","CompanyName":"Project Co-ordination (Australia) Pty Limited","BrokerCompanyID":"117","BrokerCompanyName":"Willis Construction Risks","UnderwriterName":"Gerry Twomey","UnderwriterEmail":""},{"FacilityID":"201012-0002","CompanyName":"Civmec Construction & Engineering Pty Limited","BrokerCompanyID":"331","BrokerCompanyName":"Lockton Companies Australia Pty Ltd","UnderwriterName":"Ian Watt","UnderwriterEmail":""},{"FacilityID":"201012-0003","CompanyName":"ADCIV Pty Limited","BrokerCompanyID":null,"BrokerCompanyName":null,"UnderwriterName":"Andrew Calvert","UnderwriterEmail":""},{"FacilityID":"201012-0004","CompanyName":"O'Donnell & Hanlon Pty Limited","BrokerCompanyID":null,"BrokerCompanyName":null,"UnderwriterName":"Gerry Twomey","UnderwriterEmail":""},{"FacilityID":"201103-0002","CompanyName":"Lucas Earthmovers Pty Ltd","BrokerCompanyID":"605","BrokerCompanyName":"Austbrokers Trade Credit Pty","UnderwriterName":"Ian Lee","UnderwriterEmail":""},{"FacilityID":"201105-0002","CompanyName":"CBI Constructors Pty Limited","BrokerCompanyID":"4750","BrokerCompanyName":"Aon Corporation Aust Ltd","UnderwriterName":"Ian Watt","UnderwriterEmail":""},{"FacilityID":"201105-0003","CompanyName":"Heinrich Constructions Pty Limited","BrokerCompanyID":"1610","BrokerCompanyName":"Commercial Finance Connections Pty Ltd","UnderwriterName":"Gerry Twomey","UnderwriterEmail":""},{"FacilityID":"201106-0004","CompanyName":"Walton Construction Pty Limited","BrokerCompanyID":"2638","BrokerCompanyName":"Insurance House Pty Ltd","UnderwriterName":"Andrew Calvert","UnderwriterEmail":""},{"FacilityID":"201108-0001","CompanyName":"Cleanaway Waste Management Limited","BrokerCompanyID":"4750","BrokerCompanyName":"Aon Corporation Aust Ltd","UnderwriterName":"Ian Lee","UnderwriterEmail":""},{"FacilityID":"201109-0001","CompanyName":"Civil Mining & Construction Pty Limited","BrokerCompanyID":null,"BrokerCompanyName":null,"UnderwriterName":"Timothy Sam","UnderwriterEmail":""},{"FacilityID":"201109-0003","CompanyName":"Doric Group Holdings Pty Limited","BrokerCompanyID":null,"BrokerCompanyName":null,"UnderwriterName":null,"UnderwriterEmail":null},{"FacilityID":"201110-0002","CompanyName":"FK Gardner & Sons Pty Limited","BrokerCompanyID":"1610","BrokerCompanyName":"Commercial Finance Connections Pty Ltd","UnderwriterName":"Timothy Sam","UnderwriterEmail":""},{"FacilityID":"201111-0001","CompanyName":"Kenoss Contractors Pty Ltd","BrokerCompanyID":"1387","BrokerCompanyName":"MBA Insurance Services Pty Ltd","UnderwriterName":"Andrew Calvert","UnderwriterEmail":""},{"FacilityID":"201111-0002","CompanyName":"Winslow Constructors Pty Ltd","BrokerCompanyID":null,"BrokerCompanyName":null,"UnderwriterName":"Ian Lee","UnderwriterEmail":"Ian.Lee@assetinsure.com.au"},{"FacilityID":"201112-0001","CompanyName":"Perkins (WA) Pty Ltd","BrokerCompanyID":"5678","BrokerCompanyName":"InsCap Pty Ltd","UnderwriterName":"Ian Watt","UnderwriterEmail":""},{"FacilityID":"201202-0001","CompanyName":"Matrix Group (Aust) Pty Limited","BrokerCompanyID":"552","BrokerCompanyName":"Marsh Pty Ltd","UnderwriterName":"Andrew Calvert","UnderwriterEmail":""},{"FacilityID":"201205-0001","CompanyName":"Sunland Group Limited","BrokerCompanyID":"3984","BrokerCompanyName":"Receivables Trade Credit & Surety","UnderwriterName":"Mark Tryphon","UnderwriterEmail":""},{"FacilityID":"201207-0001","CompanyName":"Facade Access Investment Holdings Pty Limited","BrokerCompanyID":null,"BrokerCompanyName":null,"UnderwriterName":"Ian Lee","UnderwriterEmail":""},{"FacilityID":"201208-0002","CompanyName":"Civil & Allied Technical Construction Pty Ltd","BrokerCompanyID":null,"BrokerCompanyName":null,"UnderwriterName":"Gavin Mahoney","UnderwriterEmail":""},{"FacilityID":"201211-0001","CompanyName":"Nace Civil Engineering Pty Ltd","BrokerCompanyID":"2201","BrokerCompanyName":"CRE Insurance Broking Pty Ltd","UnderwriterName":"Gerry Twomey","UnderwriterEmail":""},{"FacilityID":"201211-0003","CompanyName":"Nepean Design & Development Pty Ltd","BrokerCompanyID":null,"BrokerCompanyName":null,"UnderwriterName":"Gerry Twomey","UnderwriterEmail":"Gerry.Twomey@assetinsure.com.au"},{"FacilityID":"201212-0001","CompanyName":"SRG Global Limited","BrokerCompanyID":null,"BrokerCompanyName":null,"UnderwriterName":"Ian Watt","UnderwriterEmail":""},{"FacilityID":"201302-0001","CompanyName":"Densford Civil Pty Ltd","BrokerCompanyID":"331","BrokerCompanyName":"Lockton Companies Australia Pty Ltd","UnderwriterName":"Andrew Sim","UnderwriterEmail":""},{"FacilityID":"201303-0001","CompanyName":"Seymour Whyte Constructions Pty Ltd","BrokerCompanyID":null,"BrokerCompanyName":null,"UnderwriterName":"Timothy Sam","UnderwriterEmail":""},{"FacilityID":"201304-0001","CompanyName":"B.M.D. Holdings Pty Ltd","BrokerCompanyID":null,"BrokerCompanyName":null,"UnderwriterName":"Timothy Sam","UnderwriterEmail":"Timothy.Sam@assetinsure.com.au"},{"FacilityID":"201304-0002","CompanyName":"Total AMS Pty Ltd","BrokerCompanyID":"7908","BrokerCompanyName":"Billd Operations Pty Ltd","UnderwriterName":"Ian Watt","UnderwriterEmail":"Ian.Watt@assetinsure.com.au"},{"FacilityID":"201305-0001","CompanyName":"Burton Contractors Pty Ltd","BrokerCompanyID":null,"BrokerCompanyName":null,"UnderwriterName":"Gerry Twomey","UnderwriterEmail":""},{"FacilityID":"201306-0001","CompanyName":"Built Holdings Pty Limited","BrokerCompanyID":null,"BrokerCompanyName":null,"UnderwriterName":"Gerry Twomey","UnderwriterEmail":""},{"FacilityID":"201306-0003","CompanyName":"Nowra Coaches Pty Ltd","BrokerCompanyID":"5912","BrokerCompanyName":"R Ahern Pty Ltd","UnderwriterName":"Andrew Sim","UnderwriterEmail":""},{"FacilityID":"201307-0001","CompanyName":"SX Projects Pty Ltd","BrokerCompanyID":null,"BrokerCompanyName":null,"UnderwriterName":"Andrew Calvert","UnderwriterEmail":""},{"FacilityID":"201310-0001","CompanyName":"Valmec Australia Pty Limited","BrokerCompanyID":null,"BrokerCompanyName":null,"UnderwriterName":"Ian Watt","UnderwriterEmail":""},{"FacilityID":"201310-0002","CompanyName":"Ghella Pty Ltd","BrokerCompanyID":null,"BrokerCompanyName":null,"UnderwriterName":"Timothy Sam","UnderwriterEmail":""},{"FacilityID":"201310-0003","CompanyName":"Peloton Builders Pty Ltd","BrokerCompanyID":null,"BrokerCompanyName":null,"UnderwriterName":"Andrew Calvert","UnderwriterEmail":""},{"FacilityID":"201310-0005","CompanyName":"Fairbrother Pty Limited","BrokerCompanyID":null,"BrokerCompanyName":null,"UnderwriterName":"Ian Lee","UnderwriterEmail":""},{"FacilityID":"201312-0002","CompanyName":"Keystone Projects Group Pty Ltd","BrokerCompanyID":"1387","BrokerCompanyName":"MBA Insurance Services Pty Ltd","UnderwriterName":"Andrew Calvert","UnderwriterEmail":""},{"FacilityID":"201402-0001","CompanyName":"Newlands Civil Construction Pty Ltd","BrokerCompanyID":"4036","BrokerCompanyName":"BCS Broking Pty Ltd","UnderwriterName":"Gavin Mahoney","UnderwriterEmail":""},{"FacilityID":"201403-0001","CompanyName":"Arrow International Group Limited Company Number 3383875","BrokerCompanyID":"4619","BrokerCompanyName":"Bonded NZ Ltd, Surety Brokers","UnderwriterName":"Timothy Sam","UnderwriterEmail":""},{"FacilityID":"201404-0001","CompanyName":"Abergeldie Consolidated Pty Ltd","BrokerCompanyID":null,"BrokerCompanyName":null,"UnderwriterName":"Mark Tryphon","UnderwriterEmail":""},{"FacilityID":"201405-0001","CompanyName":"Belgravia Health & Leisure Group Pty Ltd","BrokerCompanyID":"2638","BrokerCompanyName":"Insurance House Pty Ltd","UnderwriterName":"Ian Lee","UnderwriterEmail":""},{"FacilityID":"201405-0002","CompanyName":"Hamilton & Marino Holdings Pty Limited.","BrokerCompanyID":null,"BrokerCompanyName":null,"UnderwriterName":"Ian Lee","UnderwriterEmail":"Ian.Lee@assetinsure.com.au"},{"FacilityID":"201407-0001","CompanyName":"Valeo Construction Pty Ltd","BrokerCompanyID":"","BrokerCompanyName":"Willis Construction Risks","UnderwriterName":"Ian Lee","UnderwriterEmail":""},{"FacilityID":"201409-0001","CompanyName":"Parkview Constructions Pty Limited","BrokerCompanyID":"144","BrokerCompanyName":"Arthur J. Gallagher & Co (Aus) Ltd WA","UnderwriterName":"Gerry Twomey","UnderwriterEmail":""},{"FacilityID":"201410-0001","CompanyName":"NSG (Boffa) Pty Ltd","BrokerCompanyID":null,"BrokerCompanyName":null,"UnderwriterName":"Andrew Sim","UnderwriterEmail":""},{"FacilityID":"201410-0002","CompanyName":"Canstruct Pty Limited","BrokerCompanyID":null,"BrokerCompanyName":null,"UnderwriterName":"Gerry Twomey","UnderwriterEmail":""},{"FacilityID":"201410-0003","CompanyName":"Richard Crookes Constructions Pty Ltd","BrokerCompanyID":"122","BrokerCompanyName":"Stening Simpson Group","UnderwriterName":"Gerry Twomey","UnderwriterEmail":""},{"FacilityID":"201411-0001","CompanyName":"Calibre Group Ltd","BrokerCompanyID":"331","BrokerCompanyName":"Lockton Companies Australia Pty Ltd","UnderwriterName":"Mark Tryphon","UnderwriterEmail":""},{"FacilityID":"201501-0001","CompanyName":"Shadforth's Civil Pty Limited","BrokerCompanyID":null,"BrokerCompanyName":null,"UnderwriterName":"Timothy Sam","UnderwriterEmail":""},{"FacilityID":"201502-0001","CompanyName":"FDC Construction & Fitout Pty Limited","BrokerCompanyID":"144","BrokerCompanyName":"Arthur J. Gallagher & Co (Aus) Ltd WA","UnderwriterName":"Gerry Twomey","UnderwriterEmail":""},{"FacilityID":"201504-0001","CompanyName":"Whittens Pty Limited","BrokerCompanyID":"5678","BrokerCompanyName":"InsCap Pty Ltd","UnderwriterName":"Ian Watt","UnderwriterEmail":""},{"FacilityID":"201504-0002","CompanyName":"Leighs Construction Limited (NZCN 534497)","BrokerCompanyID":null,"BrokerCompanyName":null,"UnderwriterName":"Timothy Sam","UnderwriterEmail":""},{"FacilityID":"201506-0001","CompanyName":"Wormall Civil Pty Ltd","BrokerCompanyID":"3613","BrokerCompanyName":"Cambridge Insurance Brokers Pty Ltd","UnderwriterName":"Ian Watt","UnderwriterEmail":""},{"FacilityID":"201507-0001","CompanyName":"Hansen Yuncken Pty Ltd","BrokerCompanyID":"2638","BrokerCompanyName":"Insurance House Pty Ltd","UnderwriterName":"Ian Lee","UnderwriterEmail":""},{"FacilityID":"201507-0002","CompanyName":"Strongbuild Commercial Pty Ltd","BrokerCompanyID":"605","BrokerCompanyName":"Austbrokers Trade Credit Pty","UnderwriterName":"Mark Tryphon","UnderwriterEmail":""},{"FacilityID":"201508-0003","CompanyName":"Waco Kwikform Limited","BrokerCompanyID":"122","BrokerCompanyName":"Stening Simpson Group","UnderwriterName":"Gerry Twomey","UnderwriterEmail":""},{"FacilityID":"201508-0004","CompanyName":"John Holland Group Pty Limited.","BrokerCompanyID":null,"BrokerCompanyName":null,"UnderwriterName":"Ian Lee","UnderwriterEmail":""},{"FacilityID":"201510-0001","CompanyName":"Fredon Industries Pty Limited","BrokerCompanyID":null,"BrokerCompanyName":null,"UnderwriterName":"Gerry Twomey","UnderwriterEmail":""},{"FacilityID":"201510-0002","CompanyName":"J K Williams Contracting Pty Limited","BrokerCompanyID":"2107","BrokerCompanyName":"Arthur J. Gallagher (Aus) Pty Ltd","UnderwriterName":"Gerry Twomey","UnderwriterEmail":""},{"FacilityID":"201511-0002","CompanyName":"Ace Contractors Group Pty. Ltd.","BrokerCompanyID":"5678","BrokerCompanyName":"InsCap Pty Ltd","UnderwriterName":"Ian Lee","UnderwriterEmail":""},{"FacilityID":"201601-0001","CompanyName":"McConnell Dowell Downer Unincorporated Joint Venture (NZ)","BrokerCompanyID":null,"BrokerCompanyName":null,"UnderwriterName":"Ian Lee","UnderwriterEmail":""},{"FacilityID":"201604-0001","CompanyName":"Tomkins Commercial & Industrial Builders Pty Ltd","BrokerCompanyID":null,"BrokerCompanyName":null,"UnderwriterName":"Timothy Sam","UnderwriterEmail":""},{"FacilityID":"201605-0002","CompanyName":"SEE Civil Pty Ltd","BrokerCompanyID":"117","BrokerCompanyName":"Willis Construction Risks","UnderwriterName":"Gavin Mahoney","UnderwriterEmail":""}],"CurPage":1,"CountPerPage":100,"ResultTotal":260}
HTTP/1.1 200 OK
Content-Length: 3824
Content-Type: application/json; charset=utf-8
Date: Fri, 07 Jun 2024 05:18:50 GMT
Server: Microsoft-IIS/10.0
Cache-Control: no-cache
Content-Encoding: gzip
Expires: -1
Pragma: no-cache
Vary: Accept-Encoding
X-AspNet-Version: 4.0.30319
X-Powered-By: ASP.NET

{
    "DataList": [
        {
            "FacilityID": "201312-0003",
            "CompanyName": "A.G. Coombs Group Pty Ltd",
            "BrokerCompanyID": null,
            "BrokerCompanyName": null,
            "UnderwriterName": "Brian Ray",
            "UnderwriterEmail": "Brian.Ray@assetinsure.com.au"
        },
        {
            "FacilityID": "200903-0001",
            "CompanyName": "Ward Civil & Environmental Engineering Pty Limited",
            "BrokerCompanyID": null,
            "BrokerCompanyName": null,
            "UnderwriterName": "Gerry Twomey",
            "UnderwriterEmail": ""
        },
        {
            "FacilityID": "200903-0003",
            "CompanyName": "Devine Pty Ltd",
            "BrokerCompanyID": "117",
            "BrokerCompanyName": "Willis Construction Risks",
            "UnderwriterName": "Timothy Sam",
            "UnderwriterEmail": ""
        },
        {
            "FacilityID": "200903-0004",
            "CompanyName": "Kell & Rigby Holdings Pty Limited",
            "BrokerCompanyID": "144",
            "BrokerCompanyName": "Arthur J. Gallagher & Co (Aus) Ltd WA",
            "UnderwriterName": "Andrew Calvert",
            "UnderwriterEmail": ""
        },
        {
            "FacilityID": "200904-0002",
            "CompanyName": "Decmil Group Limited",
            "BrokerCompanyID": "5678",
            "BrokerCompanyName": "InsCap Pty Ltd",
            "UnderwriterName": "Ian Watt",
            "UnderwriterEmail": ""
        },
        {
            "FacilityID": "200904-0003",
            "CompanyName": "Daracon Engineering Pty Limited",
            "BrokerCompanyID": null,
            "BrokerCompanyName": null,
            "UnderwriterName": "Gerry Twomey",
            "UnderwriterEmail": ""
        },
        {
            "FacilityID": "200904-0004",
            "CompanyName": "CIMIC Group Limited",
            "BrokerCompanyID": null,
            "BrokerCompanyName": null,
            "UnderwriterName": "Gerry Twomey",
            "UnderwriterEmail": "Gerry.Twomey@assetinsure.com.au"
        },
        {
            "FacilityID": "200905-0002",
            "CompanyName": "Pacific Services Group Pty Limited",
            "BrokerCompanyID": "116",
            "BrokerCompanyName": "Jardine Lloyd Thompson Pty",
            "UnderwriterName": "Andrew Calvert",
            "UnderwriterEmail": ""
        },
        {
            "FacilityID": "200905-0003",
            "CompanyName": "NRW Holdings Limited",
            "BrokerCompanyID": "5678",
            "BrokerCompanyName": "InsCap Pty Ltd",
            "UnderwriterName": "Ian Watt",
            "UnderwriterEmail": ""
        },
        {
            "FacilityID": "200907-0004",
            "CompanyName": "Hazell Bros Group Pty Limited",
            "BrokerCompanyID": "117",
            "BrokerCompanyName": "Willis Construction Risks",
            "UnderwriterName": "Gavin Mahoney",
            "UnderwriterEmail": ""
        },
        {
            "FacilityID": "200907-0005",
            "CompanyName": "Total Construction Pty Limited",
            "BrokerCompanyID": null,
            "BrokerCompanyName": null,
            "UnderwriterName": "Gerry Twomey",
            "UnderwriterEmail": ""
        },
        {
            "FacilityID": "200907-0008",
            "CompanyName": "McConnell Dowell Corporation Limited",
            "BrokerCompanyID": null,
            "BrokerCompanyName": null,
            "UnderwriterName": "Ian Lee",
            "UnderwriterEmail": ""
        },
        {
            "FacilityID": "200908-0001",
            "CompanyName": "Onterran Limited",
            "BrokerCompanyID": null,
            "BrokerCompanyName": null,
            "UnderwriterName": "Timothy Sam",
            "UnderwriterEmail": ""
        },
        {
            "FacilityID": "200908-0002",
            "CompanyName": "Grocon Pty Limited",
            "BrokerCompanyID": null,
            "BrokerCompanyName": null,
            "UnderwriterName": "Ian Lee",
            "UnderwriterEmail": ""
        },
        {
            "FacilityID": "200909-0003",
            "CompanyName": "Grindley Construction Pty Limited",
            "BrokerCompanyID": "122",
            "BrokerCompanyName": "Stening Simpson Group",
            "UnderwriterName": "Gerry Twomey",
            "UnderwriterEmail": ""
        },
        {
            "FacilityID": "200910-0001",
            "CompanyName": "Lend Lease Corporation Limited",
            "BrokerCompanyID": null,
            "BrokerCompanyName": null,
            "UnderwriterName": "Gerry Twomey",
            "UnderwriterEmail": ""
        },
        {
            "FacilityID": "200910-0003",
            "CompanyName": "Exact Contracting Services Pty Ltd",
            "BrokerCompanyID": "605",
            "BrokerCompanyName": "Austbrokers Trade Credit Pty",
            "UnderwriterName": "Gavin Mahoney",
            "UnderwriterEmail": ""
        },
        {
            "FacilityID": "200910-0004",
            "CompanyName": "BESIX Watpac (Finance) Pty Ltd ACN 124 608 724",
            "BrokerCompanyID": "122",
            "BrokerCompanyName": "Stening Simpson Group",
            "UnderwriterName": "Timothy Sam",
            "UnderwriterEmail": ""
        },
        {
            "FacilityID": "200910-0005",
            "CompanyName": "G&N Formwork (WA) Pty Limited",
            "BrokerCompanyID": "",
            "BrokerCompanyName": "Arthur J. Gallagher & Co (Aus) Ltd WA",
            "UnderwriterName": null,
            "UnderwriterEmail": null
        },
        {
            "FacilityID": "200911-0002",
            "CompanyName": "Clough Limited",
            "BrokerCompanyID": null,
            "BrokerCompanyName": null,
            "UnderwriterName": "Ian Watt",
            "UnderwriterEmail": ""
        },
        {
            "FacilityID": "200911-0003",
            "CompanyName": "Georgiou Group Pty Limited",
            "BrokerCompanyID": null,
            "BrokerCompanyName": null,
            "UnderwriterName": "Ian Watt",
            "UnderwriterEmail": ""
        },
        {
            "FacilityID": "200911-0005",
            "CompanyName": "Ganellen Pty Limited",
            "BrokerCompanyID": null,
            "BrokerCompanyName": null,
            "UnderwriterName": "Mark Tryphon",
            "UnderwriterEmail": ""
        },
        {
            "FacilityID": "200911-0007",
            "CompanyName": "Group One Pty Limited",
            "BrokerCompanyID": null,
            "BrokerCompanyName": null,
            "UnderwriterName": "Gavin Mahoney",
            "UnderwriterEmail": ""
        },
        {
            "FacilityID": "200911-0010",
            "CompanyName": "Taylor Construction Group Pty Limited",
            "BrokerCompanyID": null,
            "BrokerCompanyName": null,
            "UnderwriterName": "Mark Tryphon",
            "UnderwriterEmail": ""
        },
        {
            "FacilityID": "200911-0011",
            "CompanyName": "Siganto & Stacey Pty Limited",
            "BrokerCompanyID": "2911",
            "BrokerCompanyName": "Infrasure Pty Ltd",
            "UnderwriterName": "Andrew Calvert",
            "UnderwriterEmail": ""
        },
        {
            "FacilityID": "200912-0001",
            "CompanyName": "Hickory Group Holdings Limited",
            "BrokerCompanyID": null,
            "BrokerCompanyName": null,
            "UnderwriterName": "Ian Lee",
            "UnderwriterEmail": "Ian.Lee@assetinsure.com.au"
        },
        {
            "FacilityID": "201001-0003",
            "CompanyName": "Diploma Group Limited",
            "BrokerCompanyID": null,
            "BrokerCompanyName": null,
            "UnderwriterName": "Andrew Calvert",
            "UnderwriterEmail": ""
        },
        {
            "FacilityID": "201001-0004",
            "CompanyName": "Laing O'Rourke Australia Pty Limited",
            "BrokerCompanyID": null,
            "BrokerCompanyName": null,
            "UnderwriterName": "Gerry Twomey",
            "UnderwriterEmail": ""
        },
        {
            "FacilityID": "201003-0002",
            "CompanyName": "BSA Limited",
            "BrokerCompanyID": "552",
            "BrokerCompanyName": "Marsh Pty Ltd",
            "UnderwriterName": "Gerry Twomey",
            "UnderwriterEmail": "Gerry.Twomey@assetinsure.com.au"
        },
        {
            "FacilityID": "201003-0003",
            "CompanyName": "PS Structures Pty Limited",
            "BrokerCompanyID": "5678",
            "BrokerCompanyName": "InsCap Pty Ltd",
            "UnderwriterName": "Ian Watt",
            "UnderwriterEmail": ""
        },
        {
            "FacilityID": "201003-0004",
            "CompanyName": "York Civil Pty Limited",
            "BrokerCompanyID": "850",
            "BrokerCompanyName": "PSC Wright Fahey Pty Ltd",
            "UnderwriterName": "Mark Tryphon",
            "UnderwriterEmail": ""
        },
        {
            "FacilityID": "201003-0005",
            "CompanyName": "PBS Property Group Pty Limited",
            "BrokerCompanyID": null,
            "BrokerCompanyName": null,
            "UnderwriterName": "Gerry Twomey",
            "UnderwriterEmail": ""
        },
        {
            "FacilityID": "201005-0001",
            "CompanyName": "Ralmana Pty Limited",
            "BrokerCompanyID": "11046",
            "BrokerCompanyName": "BMS Risk Solutions Pty Ltd",
            "UnderwriterName": "Ian Watt",
            "UnderwriterEmail": "Ian.Watt@assetinsure.com.au"
        },
        {
            "FacilityID": "201006-0001",
            "CompanyName": "RCR Tomlinson Limited",
            "BrokerCompanyID": "5678",
            "BrokerCompanyName": "InsCap Pty Ltd",
            "UnderwriterName": "Mark Sykes",
            "UnderwriterEmail": ""
        },
        {
            "FacilityID": "201007-0001",
            "CompanyName": "AVJennings Limited",
            "BrokerCompanyID": "122",
            "BrokerCompanyName": "Stening Simpson Group",
            "UnderwriterName": "Ian Lee",
            "UnderwriterEmail": ""
        },
        {
            "FacilityID": "201007-0002",
            "CompanyName": "Downer Group Finance Pty Limited",
            "BrokerCompanyID": null,
            "BrokerCompanyName": null,
            "UnderwriterName": "Gerry Twomey",
            "UnderwriterEmail": ""
        },
        {
            "FacilityID": "201007-0004",
            "CompanyName": "Aveo Group Limited",
            "BrokerCompanyID": "",
            "BrokerCompanyName": "Stening Simpson Group",
            "UnderwriterName": "Timothy Sam",
            "UnderwriterEmail": ""
        },
        {
            "FacilityID": "201009-0001",
            "CompanyName": "Peet Limited",
            "BrokerCompanyID": null,
            "BrokerCompanyName": null,
            "UnderwriterName": "Ian Watt",
            "UnderwriterEmail": ""
        },
        {
            "FacilityID": "201009-0003",
            "CompanyName": "Aussie Modular Solutions Pty Ltd",
            "BrokerCompanyID": "5678",
            "BrokerCompanyName": "InsCap Pty Ltd",
            "UnderwriterName": "Andrew Sim",
            "UnderwriterEmail": ""
        },
        {
            "FacilityID": "201010-0001",
            "CompanyName": "Project Co-ordination (Australia) Pty Limited",
            "BrokerCompanyID": "117",
            "BrokerCompanyName": "Willis Construction Risks",
            "UnderwriterName": "Gerry Twomey",
            "UnderwriterEmail": ""
        },
        {
            "FacilityID": "201012-0002",
            "CompanyName": "Civmec Construction & Engineering Pty Limited",
            "BrokerCompanyID": "331",
            "BrokerCompanyName": "Lockton Companies Australia Pty Ltd",
            "UnderwriterName": "Ian Watt",
            "UnderwriterEmail": ""
        },
        {
            "FacilityID": "201012-0003",
            "CompanyName": "ADCIV Pty Limited",
            "BrokerCompanyID": null,
            "BrokerCompanyName": null,
            "UnderwriterName": "Andrew Calvert",
            "UnderwriterEmail": ""
        },
        {
            "FacilityID": "201012-0004",
            "CompanyName": "O'Donnell & Hanlon Pty Limited",
            "BrokerCompanyID": null,
            "BrokerCompanyName": null,
            "UnderwriterName": "Gerry Twomey",
            "UnderwriterEmail": ""
        },
        {
            "FacilityID": "201103-0002",
            "CompanyName": "Lucas Earthmovers Pty Ltd",
            "BrokerCompanyID": "605",
            "BrokerCompanyName": "Austbrokers Trade Credit Pty",
            "UnderwriterName": "Ian Lee",
            "UnderwriterEmail": ""
        },
        {
            "FacilityID": "201105-0002",
            "CompanyName": "CBI Constructors Pty Limited",
            "BrokerCompanyID": "4750",
            "BrokerCompanyName": "Aon Corporation Aust Ltd",
            "UnderwriterName": "Ian Watt",
            "UnderwriterEmail": ""
        },
        {
            "FacilityID": "201105-0003",
            "CompanyName": "Heinrich Constructions Pty Limited",
            "BrokerCompanyID": "1610",
            "BrokerCompanyName": "Commercial Finance Connections Pty Ltd",
            "UnderwriterName": "Gerry Twomey",
            "UnderwriterEmail": ""
        },
        {
            "FacilityID": "201106-0004",
            "CompanyName": "Walton Construction Pty Limited",
            "BrokerCompanyID": "2638",
            "BrokerCompanyName": "Insurance House Pty Ltd",
            "UnderwriterName": "Andrew Calvert",
            "UnderwriterEmail": ""
        },
        {
            "FacilityID": "201108-0001",
            "CompanyName": "Cleanaway Waste Management Limited",
            "BrokerCompanyID": "4750",
            "BrokerCompanyName": "Aon Corporation Aust Ltd",
            "UnderwriterName": "Ian Lee",
            "UnderwriterEmail": ""
        },
        {
            "FacilityID": "201109-0001",
            "CompanyName": "Civil Mining & Construction Pty Limited",
            "BrokerCompanyID": null,
            "BrokerCompanyName": null,
            "UnderwriterName": "Timothy Sam",
            "UnderwriterEmail": ""
        },
        {
            "FacilityID": "201109-0003",
            "CompanyName": "Doric Group Holdings Pty Limited",
            "BrokerCompanyID": null,
            "BrokerCompanyName": null,
            "UnderwriterName": null,
            "UnderwriterEmail": null
        },
        {
            "FacilityID": "201110-0002",
            "CompanyName": "FK Gardner & Sons Pty Limited",
            "BrokerCompanyID": "1610",
            "BrokerCompanyName": "Commercial Finance Connections Pty Ltd",
            "UnderwriterName": "Timothy Sam",
            "UnderwriterEmail": ""
        },
        {
            "FacilityID": "201111-0001",
            "CompanyName": "Kenoss Contractors Pty Ltd",
            "BrokerCompanyID": "1387",
            "BrokerCompanyName": "MBA Insurance Services Pty Ltd",
            "UnderwriterName": "Andrew Calvert",
            "UnderwriterEmail": ""
        },
        {
            "FacilityID": "201111-0002",
            "CompanyName": "Winslow Constructors Pty Ltd",
            "BrokerCompanyID": null,
            "BrokerCompanyName": null,
            "UnderwriterName": "Ian Lee",
            "UnderwriterEmail": "Ian.Lee@assetinsure.com.au"
        },
        {
            "FacilityID": "201112-0001",
            "CompanyName": "Perkins (WA) Pty Ltd",
            "BrokerCompanyID": "5678",
            "BrokerCompanyName": "InsCap Pty Ltd",
            "UnderwriterName": "Ian Watt",
            "UnderwriterEmail": ""
        },
        {
            "FacilityID": "201202-0001",
            "CompanyName": "Matrix Group (Aust) Pty Limited",
            "BrokerCompanyID": "552",
            "BrokerCompanyName": "Marsh Pty Ltd",
            "UnderwriterName": "Andrew Calvert",
            "UnderwriterEmail": ""
        },
        {
            "FacilityID": "201205-0001",
            "CompanyName": "Sunland Group Limited",
            "BrokerCompanyID": "3984",
            "BrokerCompanyName": "Receivables Trade Credit & Surety",
            "UnderwriterName": "Mark Tryphon",
            "UnderwriterEmail": ""
        },
        {
            "FacilityID": "201207-0001",
            "CompanyName": "Facade Access Investment Holdings Pty Limited",
            "BrokerCompanyID": null,
            "BrokerCompanyName": null,
            "UnderwriterName": "Ian Lee",
            "UnderwriterEmail": ""
        },
        {
            "FacilityID": "201208-0002",
            "CompanyName": "Civil & Allied Technical Construction Pty Ltd",
            "BrokerCompanyID": null,
            "BrokerCompanyName": null,
            "UnderwriterName": "Gavin Mahoney",
            "UnderwriterEmail": ""
        },
        {
            "FacilityID": "201211-0001",
            "CompanyName": "Nace Civil Engineering Pty Ltd",
            "BrokerCompanyID": "2201",
            "BrokerCompanyName": "CRE Insurance Broking Pty Ltd",
            "UnderwriterName": "Gerry Twomey",
            "UnderwriterEmail": ""
        },
        {
            "FacilityID": "201211-0003",
            "CompanyName": "Nepean Design & Development Pty Ltd",
            "BrokerCompanyID": null,
            "BrokerCompanyName": null,
            "UnderwriterName": "Gerry Twomey",
            "UnderwriterEmail": "Gerry.Twomey@assetinsure.com.au"
        },
        {
            "FacilityID": "201212-0001",
            "CompanyName": "SRG Global Limited",
            "BrokerCompanyID": null,
            "BrokerCompanyName": null,
            "UnderwriterName": "Ian Watt",
            "UnderwriterEmail": ""
        },
        {
            "FacilityID": "201302-0001",
            "CompanyName": "Densford Civil Pty Ltd",
            "BrokerCompanyID": "331",
            "BrokerCompanyName": "Lockton Companies Australia Pty Ltd",
            "UnderwriterName": "Andrew Sim",
            "UnderwriterEmail": ""
        },
        {
            "FacilityID": "201303-0001",
            "CompanyName": "Seymour Whyte Constructions Pty Ltd",
            "BrokerCompanyID": null,
            "BrokerCompanyName": null,
            "UnderwriterName": "Timothy Sam",
            "UnderwriterEmail": ""
        },
        {
            "FacilityID": "201304-0001",
            "CompanyName": "B.M.D. Holdings Pty Ltd",
            "BrokerCompanyID": null,
            "BrokerCompanyName": null,
            "UnderwriterName": "Timothy Sam",
            "UnderwriterEmail": "Timothy.Sam@assetinsure.com.au"
        },
        {
            "FacilityID": "201304-0002",
            "CompanyName": "Total AMS Pty Ltd",
            "BrokerCompanyID": "7908",
            "BrokerCompanyName": "Billd Operations Pty Ltd",
            "UnderwriterName": "Ian Watt",
            "UnderwriterEmail": "Ian.Watt@assetinsure.com.au"
        },
        {
            "FacilityID": "201305-0001",
            "CompanyName": "Burton Contractors Pty Ltd",
            "BrokerCompanyID": null,
            "BrokerCompanyName": null,
            "UnderwriterName": "Gerry Twomey",
            "UnderwriterEmail": ""
        },
        {
            "FacilityID": "201306-0001",
            "CompanyName": "Built Holdings Pty Limited",
            "BrokerCompanyID": null,
            "BrokerCompanyName": null,
            "UnderwriterName": "Gerry Twomey",
            "UnderwriterEmail": ""
        },
        {
            "FacilityID": "201306-0003",
            "CompanyName": "Nowra Coaches Pty Ltd",
            "BrokerCompanyID": "5912",
            "BrokerCompanyName": "R Ahern Pty Ltd",
            "UnderwriterName": "Andrew Sim",
            "UnderwriterEmail": ""
        },
        {
            "FacilityID": "201307-0001",
            "CompanyName": "SX Projects Pty Ltd",
            "BrokerCompanyID": null,
            "BrokerCompanyName": null,
            "UnderwriterName": "Andrew Calvert",
            "UnderwriterEmail": ""
        },
        {
            "FacilityID": "201310-0001",
            "CompanyName": "Valmec Australia Pty Limited",
            "BrokerCompanyID": null,
            "BrokerCompanyName": null,
            "UnderwriterName": "Ian Watt",
            "UnderwriterEmail": ""
        },
        {
            "FacilityID": "201310-0002",
            "CompanyName": "Ghella Pty Ltd",
            "BrokerCompanyID": null,
            "BrokerCompanyName": null,
            "UnderwriterName": "Timothy Sam",
            "UnderwriterEmail": ""
        },
        {
            "FacilityID": "201310-0003",
            "CompanyName": "Peloton Builders Pty Ltd",
            "BrokerCompanyID": null,
            "BrokerCompanyName": null,
            "UnderwriterName": "Andrew Calvert",
            "UnderwriterEmail": ""
        },
        {
            "FacilityID": "201310-0005",
            "CompanyName": "Fairbrother Pty Limited",
            "BrokerCompanyID": null,
            "BrokerCompanyName": null,
            "UnderwriterName": "Ian Lee",
            "UnderwriterEmail": ""
        },
        {
            "FacilityID": "201312-0002",
            "CompanyName": "Keystone Projects Group Pty Ltd",
            "BrokerCompanyID": "1387",
            "BrokerCompanyName": "MBA Insurance Services Pty Ltd",
            "UnderwriterName": "Andrew Calvert",
            "UnderwriterEmail": ""
        },
        {
            "FacilityID": "201402-0001",
            "CompanyName": "Newlands Civil Construction Pty Ltd",
            "BrokerCompanyID": "4036",
            "BrokerCompanyName": "BCS Broking Pty Ltd",
            "UnderwriterName": "Gavin Mahoney",
            "UnderwriterEmail": ""
        },
        {
            "FacilityID": "201403-0001",
            "CompanyName": "Arrow International Group Limited Company Number 3383875",
            "BrokerCompanyID": "4619",
            "BrokerCompanyName": "Bonded NZ Ltd, Surety Brokers",
            "UnderwriterName": "Timothy Sam",
            "UnderwriterEmail": ""
        },
        {
            "FacilityID": "201404-0001",
            "CompanyName": "Abergeldie Consolidated Pty Ltd",
            "BrokerCompanyID": null,
            "BrokerCompanyName": null,
            "UnderwriterName": "Mark Tryphon",
            "UnderwriterEmail": ""
        },
        {
            "FacilityID": "201405-0001",
            "CompanyName": "Belgravia Health & Leisure Group Pty Ltd",
            "BrokerCompanyID": "2638",
            "BrokerCompanyName": "Insurance House Pty Ltd",
            "UnderwriterName": "Ian Lee",
            "UnderwriterEmail": ""
        },
        {
            "FacilityID": "201405-0002",
            "CompanyName": "Hamilton & Marino Holdings Pty Limited.",
            "BrokerCompanyID": null,
            "BrokerCompanyName": null,
            "UnderwriterName": "Ian Lee",
            "UnderwriterEmail": "Ian.Lee@assetinsure.com.au"
        },
        {
            "FacilityID": "201407-0001",
            "CompanyName": "Valeo Construction Pty Ltd",
            "BrokerCompanyID": "",
            "BrokerCompanyName": "Willis Construction Risks",
            "UnderwriterName": "Ian Lee",
            "UnderwriterEmail": ""
        },
        {
            "FacilityID": "201409-0001",
            "CompanyName": "Parkview Constructions Pty Limited",
            "BrokerCompanyID": "144",
            "BrokerCompanyName": "Arthur J. Gallagher & Co (Aus) Ltd WA",
            "UnderwriterName": "Gerry Twomey",
            "UnderwriterEmail": ""
        },
        {
            "FacilityID": "201410-0001",
            "CompanyName": "NSG (Boffa) Pty Ltd",
            "BrokerCompanyID": null,
            "BrokerCompanyName": null,
            "UnderwriterName": "Andrew Sim",
            "UnderwriterEmail": ""
        },
        {
            "FacilityID": "201410-0002",
            "CompanyName": "Canstruct Pty Limited",
            "BrokerCompanyID": null,
            "BrokerCompanyName": null,
            "UnderwriterName": "Gerry Twomey",
            "UnderwriterEmail": ""
        },
        {
            "FacilityID": "201410-0003",
            "CompanyName": "Richard Crookes Constructions Pty Ltd",
            "BrokerCompanyID": "122",
            "BrokerCompanyName": "Stening Simpson Group",
            "UnderwriterName": "Gerry Twomey",
            "UnderwriterEmail": ""
        },
        {
            "FacilityID": "201411-0001",
            "CompanyName": "Calibre Group Ltd",
            "BrokerCompanyID": "331",
            "BrokerCompanyName": "Lockton Companies Australia Pty Ltd",
            "UnderwriterName": "Mark Tryphon",
            "UnderwriterEmail": ""
        },
        {
            "FacilityID": "201501-0001",
            "CompanyName": "Shadforth's Civil Pty Limited",
            "BrokerCompanyID": null,
            "BrokerCompanyName": null,
            "UnderwriterName": "Timothy Sam",
            "UnderwriterEmail": ""
        },
        {
            "FacilityID": "201502-0001",
            "CompanyName": "FDC Construction & Fitout Pty Limited",
            "BrokerCompanyID": "144",
            "BrokerCompanyName": "Arthur J. Gallagher & Co (Aus) Ltd WA",
            "UnderwriterName": "Gerry Twomey",
            "UnderwriterEmail": ""
        },
        {
            "FacilityID": "201504-0001",
            "CompanyName": "Whittens Pty Limited",
            "BrokerCompanyID": "5678",
            "BrokerCompanyName": "InsCap Pty Ltd",
            "UnderwriterName": "Ian Watt",
            "UnderwriterEmail": ""
        },
        {
            "FacilityID": "201504-0002",
            "CompanyName": "Leighs Construction Limited (NZCN 534497)",
            "BrokerCompanyID": null,
            "BrokerCompanyName": null,
            "UnderwriterName": "Timothy Sam",
            "UnderwriterEmail": ""
        },
        {
            "FacilityID": "201506-0001",
            "CompanyName": "Wormall Civil Pty Ltd",
            "BrokerCompanyID": "3613",
            "BrokerCompanyName": "Cambridge Insurance Brokers Pty Ltd",
            "UnderwriterName": "Ian Watt",
            "UnderwriterEmail": ""
        },
        {
            "FacilityID": "201507-0001",
            "CompanyName": "Hansen Yuncken Pty Ltd",
            "BrokerCompanyID": "2638",
            "BrokerCompanyName": "Insurance House Pty Ltd",
            "UnderwriterName": "Ian Lee",
            "UnderwriterEmail": ""
        },
        {
            "FacilityID": "201507-0002",
            "CompanyName": "Strongbuild Commercial Pty Ltd",
            "BrokerCompanyID": "605",
            "BrokerCompanyName": "Austbrokers Trade Credit Pty",
            "UnderwriterName": "Mark Tryphon",
            "UnderwriterEmail": ""
        },
        {
            "FacilityID": "201508-0003",
            "CompanyName": "Waco Kwikform Limited",
            "BrokerCompanyID": "122",
            "BrokerCompanyName": "Stening Simpson Group",
            "UnderwriterName": "Gerry Twomey",
            "UnderwriterEmail": ""
        },
        {
            "FacilityID": "201508-0004",
            "CompanyName": "John Holland Group Pty Limited.",
            "BrokerCompanyID": null,
            "BrokerCompanyName": null,
            "UnderwriterName": "Ian Lee",
            "UnderwriterEmail": ""
        },
        {
            "FacilityID": "201510-0001",
            "CompanyName": "Fredon Industries Pty Limited",
            "BrokerCompanyID": null,
            "BrokerCompanyName": null,
            "UnderwriterName": "Gerry Twomey",
            "UnderwriterEmail": ""
        },
        {
            "FacilityID": "201510-0002",
            "CompanyName": "J K Williams Contracting Pty Limited",
            "BrokerCompanyID": "2107",
            "BrokerCompanyName": "Arthur J. Gallagher (Aus) Pty Ltd",
            "UnderwriterName": "Gerry Twomey",
            "UnderwriterEmail": ""
        },
        {
            "FacilityID": "201511-0002",
            "CompanyName": "Ace Contractors Group Pty. Ltd.",
            "BrokerCompanyID": "5678",
            "BrokerCompanyName": "InsCap Pty Ltd",
            "UnderwriterName": "Ian Lee",
            "UnderwriterEmail": ""
        },
        {
            "FacilityID": "201601-0001",
            "CompanyName": "McConnell Dowell Downer Unincorporated Joint Venture (NZ)",
            "BrokerCompanyID": null,
            "BrokerCompanyName": null,
            "UnderwriterName": "Ian Lee",
            "UnderwriterEmail": ""
        },
        {
            "FacilityID": "201604-0001",
            "CompanyName": "Tomkins Commercial & Industrial Builders Pty Ltd",
            "BrokerCompanyID": null,
            "BrokerCompanyName": null,
            "UnderwriterName": "Timothy Sam",
            "UnderwriterEmail": ""
        },
        {
            "FacilityID": "201605-0002",
            "CompanyName": "SEE Civil Pty Ltd",
            "BrokerCompanyID": "117",
            "BrokerCompanyName": "Willis Construction Risks",
            "UnderwriterName": "Gavin Mahoney",
            "UnderwriterEmail": ""
        }
    ],
    "CurPage": 1,
    "CountPerPage": 100,
    "ResultTotal": 260
}
]]></system-out>
  </testcase>
</testsuite>