<?xml version="1.0" encoding="UTF-8"?>
<!-- Generated by org.testng.reporters.JUnitReportReporter -->
<testsuite hostname="AIN127P-LT" failures="0" tests="1" name="api.endpoints.AccessToken" time="5.271" errors="0" timestamp="2024-06-05T15:35:10 IST" skipped="0">
  <testcase classname="api.endpoints.AccessToken" name="obtainAccessToken" time="5.271"/>
</testsuite> <!-- api.endpoints.AccessToken -->
