<?xml version="1.0" encoding="UTF-8"?>
<!-- Generated by org.testng.reporters.JUnitReportReporter -->
<testsuite hostname="AIN127P-LT" failures="0" tests="2" name="api.test.UserTests2" time="45.281" errors="0" timestamp="2024-06-05T15:16:08 IST" skipped="0">
  <testcase classname="api.test.UserTests2" name="testPostUser" time="35.819"/>
  <testcase classname="api.test.UserTests2" name="getFacilitySummary" time="9.462"/>
</testsuite> <!-- api.test.UserTests2 -->
